#
# There is insufficient memory for the Java Runtime Environment to continue.
# Native memory allocation (mmap) failed to map 87031808 bytes for G1 virtual space
# Possible reasons:
#   The system is out of physical RAM or swap space
#   The process is running with CompressedOops enabled, and the Java Heap may be blocking the growth of the native heap
# Possible solutions:
#   Reduce memory load on the system
#   Increase physical memory or swap space
#   Check if swap backing store is full
#   Decrease Java heap size (-Xmx/-Xms)
#   Decrease number of Java threads
#   Decrease Java thread stack sizes (-Xss)
#   Set larger code cache with -XX:ReservedCodeCacheSize=
#   JVM is running with Unscaled Compressed Oops mode in which the Java heap is
#     placed in the first 4GB address space. The Java Heap base address is the
#     maximum limit for the native heap growth. Please use -XX:HeapBaseMinAddress
#     to set the Java Heap base and to place the Java Heap above 4GB virtual address.
# This output file may be truncated or incomplete.
#
#  Out of Memory Error (os_windows.cpp:3769), pid=15932, tid=18108
#
# JRE version: OpenJDK Runtime Environment (17.0.6) (build 17.0.6+0-b2043.56-10027231)
# Java VM: OpenJDK 64-Bit Server VM (17.0.6+0-b2043.56-10027231, mixed mode, tiered, compressed oops, compressed class ptrs, g1 gc, windows-amd64)
# No core dump will be written. Minidumps are not enabled by default on client versions of Windows
#

---------------  S U M M A R Y ------------

Command Line: --add-opens=java.base/java.util=ALL-UNNAMED --add-opens=java.base/java.lang=ALL-UNNAMED --add-opens=java.base/java.lang.invoke=ALL-UNNAMED --add-opens=java.prefs/java.util.prefs=ALL-UNNAMED --add-opens=java.base/java.nio.charset=ALL-UNNAMED --add-opens=java.base/java.net=ALL-UNNAMED --add-opens=java.base/java.util.concurrent.atomic=ALL-UNNAMED -Xmx2048m -Dfile.encoding=UTF-8 -Duser.country=US -Duser.language=en -Duser.variant org.gradle.launcher.daemon.bootstrap.GradleDaemon 8.0

Host: Intel(R) Core(TM) i5-4200U CPU @ 1.60GHz, 4 cores, 7G,  Windows 10 , 64 bit Build 19041 (10.0.19041.3155)
Time: Thu Sep 14 14:46:59 2023 W. Central Africa Standard Time elapsed time: 353.379006 seconds (0d 0h 5m 53s)

---------------  T H R E A D  ---------------

Current thread (0x00000253401397c0):  VMThread "VM Thread" [stack: 0x000000bc5c400000,0x000000bc5c500000] [id=18108]

Stack: [0x000000bc5c400000,0x000000bc5c500000]
Native frames: (J=compiled Java code, j=interpreted, Vv=VM code, C=native code)
V  [jvm.dll+0x683c9a]
V  [jvm.dll+0x8427a4]
V  [jvm.dll+0x843f9e]
V  [jvm.dll+0x844603]
V  [jvm.dll+0x249b75]
V  [jvm.dll+0x680b69]
V  [jvm.dll+0x67505a]
V  [jvm.dll+0x309acb]
V  [jvm.dll+0x310f86]
V  [jvm.dll+0x3608ee]
V  [jvm.dll+0x360b1f]
V  [jvm.dll+0x2dfbf8]
V  [jvm.dll+0x2e2ce6]
V  [jvm.dll+0x2ed478]
V  [jvm.dll+0x322150]
V  [jvm.dll+0x848ccb]
V  [jvm.dll+0x849a04]
V  [jvm.dll+0x849f1d]
V  [jvm.dll+0x84a2f4]
V  [jvm.dll+0x84a3c0]
V  [jvm.dll+0x7f274a]
V  [jvm.dll+0x682ad5]
C  [ucrtbase.dll+0x21bb2]
C  [KERNEL32.DLL+0x17614]
C  [ntdll.dll+0x526b1]

VM_Operation (0x000000bc5c0ffad0): G1Concurrent, mode: safepoint, requested by thread 0x0000025326be7780


---------------  P R O C E S S  ---------------

Threads class SMR info:
_java_thread_list=0x0000025345b75610, length=90, elements={
0x0000025326b76440, 0x000002534015f620, 0x0000025340160620, 0x000002534017e550,
0x0000025340c0a080, 0x0000025340c0b0e0, 0x0000025340c0c140, 0x0000025340c109d0,
0x0000025340c132e0, 0x0000025340c1dab0, 0x0000025340d96b60, 0x0000025340d99450,
0x00000253416130c0, 0x0000025341613a60, 0x0000025341613f30, 0x0000025341614da0,
0x0000025341615740, 0x0000025341614400, 0x000002534337b230, 0x0000025343377d40,
0x0000025343376a00, 0x000002534337ad60, 0x0000025343376530, 0x00000253433773a0,
0x00000253433786e0, 0x0000025343376ed0, 0x00000253433751f0, 0x00000253436f5c60,
0x00000253458dcd90, 0x00000253436fae30, 0x00000253436f6fa0, 0x00000253436f7940,
0x00000253436f6ad0, 0x00000253436f9af0, 0x00000253436f6600, 0x00000253436f7e10,
0x00000253436f52c0, 0x00000253436f9fc0, 0x00000253436f82e0, 0x00000253436fb7d0,
0x00000253436f4920, 0x00000253436fa490, 0x00000253436fa960, 0x00000253436f3f80,
0x00000253436f5790, 0x00000253436fb300, 0x000002534337a3c0, 0x0000025343379080,
0x0000025343378210, 0x0000025343379550, 0x000002534337a890, 0x000002534337b700,
0x000002534337bbd0, 0x0000025343376060, 0x0000025343374850, 0x0000025343374d20,
0x00000253458ddc00, 0x00000253458dea70, 0x00000253458df8e0, 0x00000253458dabe0,
0x00000253458dfdb0, 0x00000253458def40, 0x00000253458d8f00, 0x00000253458db0b0,
0x00000253458dba50, 0x00000253416148d0, 0x0000025341616a80, 0x0000025341613590,
0x0000025341615c10, 0x00000253416160e0, 0x00000253416165b0, 0x0000025345681d40,
0x0000025345680ed0, 0x0000025345680060, 0x0000025345682210, 0x00000253456826e0,
0x0000025345682bb0, 0x0000025345683550, 0x0000025345680530, 0x0000025345680a00,
0x00000253456813a0, 0x0000025345683080, 0x0000025345681870, 0x0000025347b379c0,
0x0000025347b39b70, 0x0000025347b37e90, 0x0000025347b38360, 0x0000025347b37020,
0x00000253412e4d00, 0x0000025347b3c6c0
}

Java Threads: ( => current thread )
  0x0000025326b76440 JavaThread "main" [_thread_blocked, id=14696, stack(0x000000bc5be00000,0x000000bc5bf00000)]
  0x000002534015f620 JavaThread "Reference Handler" daemon [_thread_blocked, id=12324, stack(0x000000bc5c500000,0x000000bc5c600000)]
  0x0000025340160620 JavaThread "Finalizer" daemon [_thread_blocked, id=14668, stack(0x000000bc5c600000,0x000000bc5c700000)]
  0x000002534017e550 JavaThread "Signal Dispatcher" daemon [_thread_blocked, id=17420, stack(0x000000bc5c700000,0x000000bc5c800000)]
  0x0000025340c0a080 JavaThread "Attach Listener" daemon [_thread_blocked, id=13092, stack(0x000000bc5c800000,0x000000bc5c900000)]
  0x0000025340c0b0e0 JavaThread "Service Thread" daemon [_thread_blocked, id=12552, stack(0x000000bc5c900000,0x000000bc5ca00000)]
  0x0000025340c0c140 JavaThread "Monitor Deflation Thread" daemon [_thread_blocked, id=18748, stack(0x000000bc5ca00000,0x000000bc5cb00000)]
  0x0000025340c109d0 JavaThread "C2 CompilerThread0" daemon [_thread_blocked, id=12208, stack(0x000000bc5cb00000,0x000000bc5cc00000)]
  0x0000025340c132e0 JavaThread "C1 CompilerThread0" daemon [_thread_blocked, id=17988, stack(0x000000bc5cc00000,0x000000bc5cd00000)]
  0x0000025340c1dab0 JavaThread "Sweeper thread" daemon [_thread_blocked, id=7380, stack(0x000000bc5cd00000,0x000000bc5ce00000)]
  0x0000025340d96b60 JavaThread "Common-Cleaner" daemon [_thread_blocked, id=12924, stack(0x000000bc5ce00000,0x000000bc5cf00000)]
  0x0000025340d99450 JavaThread "Notification Thread" daemon [_thread_blocked, id=19356, stack(0x000000bc5cf00000,0x000000bc5d000000)]
  0x00000253416130c0 JavaThread "Daemon health stats" [_thread_blocked, id=13700, stack(0x000000bc5d500000,0x000000bc5d600000)]
  0x0000025341613a60 JavaThread "Incoming local TCP Connector on port 62154" [_thread_in_native, id=17252, stack(0x000000bc5d100000,0x000000bc5d200000)]
  0x0000025341613f30 JavaThread "Daemon periodic checks" [_thread_blocked, id=9524, stack(0x000000bc5d600000,0x000000bc5d700000)]
  0x0000025341614da0 JavaThread "Cache worker for journal cache (C:\Users\Bryan Russell\.gradle\caches\journal-1)" [_thread_blocked, id=17484, stack(0x000000bc5d700000,0x000000bc5d800000)]
  0x0000025341615740 JavaThread "File lock request listener" [_thread_in_native, id=19000, stack(0x000000bc5df00000,0x000000bc5e000000)]
  0x0000025341614400 JavaThread "Cache worker for file hash cache (C:\Users\Bryan Russell\.gradle\caches\8.0\fileHashes)" [_thread_blocked, id=928, stack(0x000000bc5e000000,0x000000bc5e100000)]
  0x000002534337b230 JavaThread "File watcher server" daemon [_thread_blocked, id=12584, stack(0x000000bc5e100000,0x000000bc5e200000)]
  0x0000025343377d40 JavaThread "File watcher consumer" daemon [_thread_blocked, id=17632, stack(0x000000bc5e200000,0x000000bc5e300000)]
  0x0000025343376a00 JavaThread "Cache worker for file content cache (C:\Users\Bryan Russell\.gradle\caches\8.0\fileContent)" [_thread_blocked, id=7000, stack(0x000000bc5e500000,0x000000bc5e600000)]
  0x000002534337ad60 JavaThread "Cache worker for execution history cache (C:\Users\Bryan Russell\.gradle\caches\8.0\executionHistory)" [_thread_blocked, id=2844, stack(0x000000bc5e800000,0x000000bc5e900000)]
  0x0000025343376530 JavaThread "jar transforms" [_thread_blocked, id=18588, stack(0x000000bc5e900000,0x000000bc5ea00000)]
  0x00000253433773a0 JavaThread "jar transforms Thread 2" [_thread_blocked, id=15628, stack(0x000000bc5ea00000,0x000000bc5eb00000)]
  0x00000253433786e0 JavaThread "Cache worker for kotlin-dsl (C:\Users\Bryan Russell\.gradle\caches\8.0\kotlin-dsl)" [_thread_blocked, id=16644, stack(0x000000bc5ec00000,0x000000bc5ed00000)]
  0x0000025343376ed0 JavaThread "jar transforms Thread 3" [_thread_blocked, id=13008, stack(0x000000bc5ed00000,0x000000bc5ee00000)]
  0x00000253433751f0 JavaThread "jar transforms Thread 4" [_thread_blocked, id=12676, stack(0x000000bc5ee00000,0x000000bc5ef00000)]
  0x00000253436f5c60 JavaThread "Memory manager" [_thread_blocked, id=6420, stack(0x000000bc5bd00000,0x000000bc5be00000)]
  0x00000253458dcd90 JavaThread "ForkJoinPool.commonPool-worker-3" daemon [_thread_blocked, id=18576, stack(0x000000bc62700000,0x000000bc62800000)]
  0x00000253436fae30 JavaThread "Daemon Thread 2" [_thread_blocked, id=16272, stack(0x000000bc5bc00000,0x000000bc5bd00000)]
  0x00000253436f6fa0 JavaThread "Handler for socket connection from /127.0.0.1:62154 to /127.0.0.1:62455" [_thread_in_native, id=17220, stack(0x000000bc5d800000,0x000000bc5d900000)]
  0x00000253436f7940 JavaThread "Cancel handler" [_thread_blocked, id=19232, stack(0x000000bc5d900000,0x000000bc5da00000)]
  0x00000253436f6ad0 JavaThread "Daemon worker Thread 2" [_thread_blocked, id=9680, stack(0x000000bc5da00000,0x000000bc5db00000)]
  0x00000253436f9af0 JavaThread "Asynchronous log dispatcher for DefaultDaemonConnection: socket connection from /127.0.0.1:62154 to /127.0.0.1:62455" [_thread_blocked, id=16616, stack(0x000000bc5db00000,0x000000bc5dc00000)]
  0x00000253436f6600 JavaThread "Stdin handler" [_thread_blocked, id=15000, stack(0x000000bc5dc00000,0x000000bc5dd00000)]
  0x00000253436f7e10 JavaThread "Daemon client event forwarder" [_thread_blocked, id=2572, stack(0x000000bc5dd00000,0x000000bc5de00000)]
  0x00000253436f52c0 JavaThread "Cache worker for checksums cache (C:\Users\Bryan Russell\AndroidStudioProjects\Oya\.gradle\8.0\checksums)" [_thread_blocked, id=18688, stack(0x000000bc5e300000,0x000000bc5e400000)]
  0x00000253436f9fc0 JavaThread "Cache worker for cache directory md-rule (C:\Users\Bryan Russell\.gradle\caches\8.0\md-rule)" [_thread_blocked, id=15392, stack(0x000000bc5e400000,0x000000bc5e500000)]
  0x00000253436f82e0 JavaThread "Cache worker for file hash cache (C:\Users\Bryan Russell\AndroidStudioProjects\Oya\.gradle\8.0\fileHashes)" [_thread_blocked, id=11156, stack(0x000000bc5e600000,0x000000bc5e700000)]
  0x00000253436fb7d0 JavaThread "Cache worker for cache directory md-supplier (C:\Users\Bryan Russell\.gradle\caches\8.0\md-supplier)" [_thread_blocked, id=12968, stack(0x000000bc5e700000,0x000000bc5e800000)]
  0x00000253436f4920 JavaThread "Cache worker for dependencies-accessors (C:\Users\Bryan Russell\AndroidStudioProjects\Oya\.gradle\8.0\dependencies-accessors)" [_thread_blocked, id=4968, stack(0x000000bc5de00000,0x000000bc5df00000)]
  0x00000253436fa490 JavaThread "Cache worker for Build Output Cleanup Cache (C:\Users\Bryan Russell\AndroidStudioProjects\Oya\.gradle\buildOutputCleanup)" [_thread_blocked, id=9388, stack(0x000000bc5ef00000,0x000000bc5f000000)]
  0x00000253436fa960 JavaThread "Unconstrained build operations" [_thread_blocked, id=12412, stack(0x000000bc5f000000,0x000000bc5f100000)]
  0x00000253436f3f80 JavaThread "Unconstrained build operations Thread 2" [_thread_blocked, id=12820, stack(0x000000bc5f200000,0x000000bc5f300000)]
  0x00000253436f5790 JavaThread "Unconstrained build operations Thread 3" [_thread_blocked, id=8556, stack(0x000000bc5f300000,0x000000bc5f400000)]
  0x00000253436fb300 JavaThread "Unconstrained build operations Thread 4" [_thread_blocked, id=9204, stack(0x000000bc5f400000,0x000000bc5f500000)]
  0x000002534337a3c0 JavaThread "Unconstrained build operations Thread 5" [_thread_blocked, id=7696, stack(0x000000bc5f600000,0x000000bc5f700000)]
  0x0000025343379080 JavaThread "Unconstrained build operations Thread 6" [_thread_blocked, id=11952, stack(0x000000bc5f700000,0x000000bc5f800000)]
  0x0000025343378210 JavaThread "Unconstrained build operations Thread 7" [_thread_blocked, id=10124, stack(0x000000bc5f800000,0x000000bc5f900000)]
  0x0000025343379550 JavaThread "Unconstrained build operations Thread 8" [_thread_blocked, id=19020, stack(0x000000bc5f900000,0x000000bc5fa00000)]
  0x000002534337a890 JavaThread "Unconstrained build operations Thread 9" [_thread_blocked, id=18264, stack(0x000000bc5fa00000,0x000000bc5fb00000)]
  0x000002534337b700 JavaThread "Unconstrained build operations Thread 10" [_thread_blocked, id=15860, stack(0x000000bc5fb00000,0x000000bc5fc00000)]
  0x000002534337bbd0 JavaThread "Unconstrained build operations Thread 11" [_thread_blocked, id=13660, stack(0x000000bc5fc00000,0x000000bc5fd00000)]
  0x0000025343376060 JavaThread "Unconstrained build operations Thread 12" [_thread_blocked, id=16884, stack(0x000000bc5fd00000,0x000000bc5fe00000)]
  0x0000025343374850 JavaThread "Unconstrained build operations Thread 13" [_thread_blocked, id=4764, stack(0x000000bc5fe00000,0x000000bc5ff00000)]
  0x0000025343374d20 JavaThread "Unconstrained build operations Thread 14" [_thread_blocked, id=14268, stack(0x000000bc5ff00000,0x000000bc60000000)]
  0x00000253458ddc00 JavaThread "Unconstrained build operations Thread 15" [_thread_blocked, id=19168, stack(0x000000bc60000000,0x000000bc60100000)]
  0x00000253458dea70 JavaThread "Unconstrained build operations Thread 16" [_thread_blocked, id=5020, stack(0x000000bc60100000,0x000000bc60200000)]
  0x00000253458df8e0 JavaThread "Unconstrained build operations Thread 17" [_thread_blocked, id=14768, stack(0x000000bc60200000,0x000000bc60300000)]
  0x00000253458dabe0 JavaThread "Unconstrained build operations Thread 18" [_thread_blocked, id=1120, stack(0x000000bc60300000,0x000000bc60400000)]
  0x00000253458dfdb0 JavaThread "Unconstrained build operations Thread 19" [_thread_blocked, id=8356, stack(0x000000bc60400000,0x000000bc60500000)]
  0x00000253458def40 JavaThread "Unconstrained build operations Thread 20" [_thread_blocked, id=5872, stack(0x000000bc60500000,0x000000bc60600000)]
  0x00000253458d8f00 JavaThread "Unconstrained build operations Thread 21" [_thread_blocked, id=16132, stack(0x000000bc60600000,0x000000bc60700000)]
  0x00000253458db0b0 JavaThread "Unconstrained build operations Thread 22" [_thread_blocked, id=15788, stack(0x000000bc60700000,0x000000bc60800000)]
  0x00000253458dba50 JavaThread "Unconstrained build operations Thread 23" [_thread_blocked, id=5852, stack(0x000000bc60800000,0x000000bc60900000)]
  0x00000253416148d0 JavaThread "Unconstrained build operations Thread 24" [_thread_blocked, id=2928, stack(0x000000bc60900000,0x000000bc60a00000)]
  0x0000025341616a80 JavaThread "Unconstrained build operations Thread 25" [_thread_blocked, id=4608, stack(0x000000bc60a00000,0x000000bc60b00000)]
  0x0000025341613590 JavaThread "Unconstrained build operations Thread 26" [_thread_blocked, id=19324, stack(0x000000bc60b00000,0x000000bc60c00000)]
  0x0000025341615c10 JavaThread "Unconstrained build operations Thread 27" [_thread_blocked, id=3112, stack(0x000000bc60c00000,0x000000bc60d00000)]
  0x00000253416160e0 JavaThread "Unconstrained build operations Thread 28" [_thread_blocked, id=17600, stack(0x000000bc60d00000,0x000000bc60e00000)]
  0x00000253416165b0 JavaThread "Unconstrained build operations Thread 29" [_thread_blocked, id=17680, stack(0x000000bc60e00000,0x000000bc60f00000)]
  0x0000025345681d40 JavaThread "Unconstrained build operations Thread 30" [_thread_blocked, id=14648, stack(0x000000bc60f00000,0x000000bc61000000)]
  0x0000025345680ed0 JavaThread "Unconstrained build operations Thread 31" [_thread_blocked, id=5812, stack(0x000000bc61000000,0x000000bc61100000)]
  0x0000025345680060 JavaThread "Unconstrained build operations Thread 32" [_thread_blocked, id=13600, stack(0x000000bc61100000,0x000000bc61200000)]
  0x0000025345682210 JavaThread "Unconstrained build operations Thread 33" [_thread_blocked, id=14552, stack(0x000000bc61200000,0x000000bc61300000)]
  0x00000253456826e0 JavaThread "Unconstrained build operations Thread 34" [_thread_blocked, id=16516, stack(0x000000bc61300000,0x000000bc61400000)]
  0x0000025345682bb0 JavaThread "Unconstrained build operations Thread 35" [_thread_blocked, id=13740, stack(0x000000bc61400000,0x000000bc61500000)]
  0x0000025345683550 JavaThread "Unconstrained build operations Thread 36" [_thread_blocked, id=16444, stack(0x000000bc61500000,0x000000bc61600000)]
  0x0000025345680530 JavaThread "Unconstrained build operations Thread 37" [_thread_blocked, id=17996, stack(0x000000bc61600000,0x000000bc61700000)]
  0x0000025345680a00 JavaThread "Unconstrained build operations Thread 38" [_thread_blocked, id=10560, stack(0x000000bc61700000,0x000000bc61800000)]
  0x00000253456813a0 JavaThread "Unconstrained build operations Thread 39" [_thread_blocked, id=16736, stack(0x000000bc61800000,0x000000bc61900000)]
  0x0000025345683080 JavaThread "Unconstrained build operations Thread 40" [_thread_blocked, id=17856, stack(0x000000bc61900000,0x000000bc61a00000)]
  0x0000025345681870 JavaThread "build event listener" [_thread_blocked, id=17248, stack(0x000000bc61a00000,0x000000bc61b00000)]
  0x0000025347b379c0 JavaThread "included builds" [_thread_blocked, id=15068, stack(0x000000bc61b00000,0x000000bc61c00000)]
  0x0000025347b39b70 JavaThread "Execution worker" [_thread_blocked, id=4736, stack(0x000000bc61c00000,0x000000bc61d00000)]
  0x0000025347b37e90 JavaThread "Execution worker Thread 2" [_thread_blocked, id=9652, stack(0x000000bc61d00000,0x000000bc61e00000)]
  0x0000025347b38360 JavaThread "Execution worker Thread 3" [_thread_blocked, id=4420, stack(0x000000bc61e00000,0x000000bc61f00000)]
  0x0000025347b37020 JavaThread "Cache worker for execution history cache (C:\Users\Bryan Russell\AndroidStudioProjects\Oya\.gradle\8.0\executionHistory)" [_thread_blocked, id=15484, stack(0x000000bc62000000,0x000000bc62100000)]
  0x00000253412e4d00 JavaThread "C2 CompilerThread1" daemon [_thread_blocked, id=18936, stack(0x000000bc5f100000,0x000000bc5f200000)]
  0x0000025347b3c6c0 JavaThread "WorkerExecutor Queue" [_thread_blocked, id=16568, stack(0x000000bc5f500000,0x000000bc5f600000)]

Other Threads:
=>0x00000253401397c0 VMThread "VM Thread" [stack: 0x000000bc5c400000,0x000000bc5c500000] [id=18108]
  0x0000025326bf0270 WatcherThread [stack: 0x000000bc5d000000,0x000000bc5d100000] [id=14160]
  0x0000025326bd6930 GCTaskThread "GC Thread#0" [stack: 0x000000bc5bf00000,0x000000bc5c000000] [id=8848]
  0x000002534103a260 GCTaskThread "GC Thread#1" [stack: 0x000000bc5d200000,0x000000bc5d300000] [id=9208]
  0x000002534114f7a0 GCTaskThread "GC Thread#2" [stack: 0x000000bc5d300000,0x000000bc5d400000] [id=18596]
  0x0000025340e81070 GCTaskThread "GC Thread#3" [stack: 0x000000bc5d400000,0x000000bc5d500000] [id=16636]
  0x0000025326be7780 ConcurrentGCThread "G1 Main Marker" [stack: 0x000000bc5c000000,0x000000bc5c100000] [id=14176]
  0x0000025326be8840 ConcurrentGCThread "G1 Conc#0" [stack: 0x000000bc5c100000,0x000000bc5c200000] [id=14680]
  0x0000025326c4dfa0 ConcurrentGCThread "G1 Refine#0" [stack: 0x000000bc5c200000,0x000000bc5c300000] [id=8316]
  0x0000025343c95c90 ConcurrentGCThread "G1 Refine#1" [stack: 0x000000bc5eb00000,0x000000bc5ec00000] [id=2748]
  0x00000253451f4340 ConcurrentGCThread "G1 Refine#2" [stack: 0x000000bc61f00000,0x000000bc62000000] [id=13424]
  0x0000025326c4e8d0 ConcurrentGCThread "G1 Service" [stack: 0x000000bc5c300000,0x000000bc5c400000] [id=11948]

Threads with active compile tasks:
C2 CompilerThread0   353996 16531       4       com.android.utils.XmlUtils::append (597 bytes)
C2 CompilerThread1   353996 16543       4       jdk.internal.reflect.Reflection::verifyModuleAccess (24 bytes)

VM state: at safepoint (normal execution)

VM Mutex/Monitor currently owned by a thread:  ([mutex/lock_event])
[0x0000025326b723b0] Threads_lock - owner thread: 0x00000253401397c0
[0x0000025326b71f30] Heap_lock - owner thread: 0x0000025326be7780

Heap address: 0x0000000080000000, size: 2048 MB, Compressed Oops mode: 32-bit

CDS archive(s) not mapped
Compressed class space mapped at: 0x0000000100000000-0x0000000140000000, reserved size: 1073741824
Narrow klass base: 0x0000000000000000, Narrow klass shift: 3, Narrow klass range: 0x140000000

GC Precious Log:
 CPUs: 4 total, 4 available
 Memory: 8104M
 Large Page Support: Disabled
 NUMA Support: Disabled
 Compressed Oops: Enabled (32-bit)
 Heap Region Size: 1M
 Heap Min Capacity: 8M
 Heap Initial Capacity: 128M
 Heap Max Capacity: 2G
 Pre-touch: Disabled
 Parallel Workers: 4
 Concurrent Workers: 1
 Concurrent Refinement Workers: 4
 Periodic GC: Disabled

Heap:
 garbage-first heap   total 208896K, used 174591K [0x0000000080000000, 0x0000000100000000)
  region size 1024K, 6 young (6144K), 4 survivors (4096K)
 Metaspace       used 110738K, committed 111552K, reserved 1146880K
  class space    used 14743K, committed 15104K, reserved 1048576K

Heap Regions: E=young(eden), S=young(survivor), O=old, HS=humongous(starts), HC=humongous(continues), CS=collection set, F=free, OA=open archive, CA=closed archive, TAMS=top-at-mark-start (previous, next)
|   0|0x0000000080000000, 0x0000000080100000, 0x0000000080100000|100%| O|  |TAMS 0x0000000080100000, 0x0000000080000000| Untracked 
|   1|0x0000000080100000, 0x0000000080200000, 0x0000000080200000|100%| O|  |TAMS 0x0000000080200000, 0x0000000080100000| Untracked 
|   2|0x0000000080200000, 0x0000000080300000, 0x0000000080300000|100%|HS|  |TAMS 0x0000000080300000, 0x0000000080200000| Complete 
|   3|0x0000000080300000, 0x0000000080400000, 0x0000000080400000|100%|HC|  |TAMS 0x0000000080400000, 0x0000000080300000| Complete 
|   4|0x0000000080400000, 0x0000000080500000, 0x0000000080500000|100%|HC|  |TAMS 0x0000000080500000, 0x0000000080400000| Complete 
|   5|0x0000000080500000, 0x0000000080600000, 0x0000000080600000|100%|HC|  |TAMS 0x0000000080600000, 0x0000000080500000| Complete 
|   6|0x0000000080600000, 0x0000000080700000, 0x0000000080700000|100%| O|  |TAMS 0x0000000080700000, 0x0000000080600000| Untracked 
|   7|0x0000000080700000, 0x0000000080800000, 0x0000000080800000|100%| O|  |TAMS 0x0000000080800000, 0x0000000080700000| Updating 
|   8|0x0000000080800000, 0x0000000080900000, 0x0000000080900000|100%| O|  |TAMS 0x0000000080900000, 0x0000000080800000| Untracked 
|   9|0x0000000080900000, 0x0000000080a00000, 0x0000000080a00000|100%| O|  |TAMS 0x0000000080a00000, 0x0000000080900000| Untracked 
|  10|0x0000000080a00000, 0x0000000080b00000, 0x0000000080b00000|100%| O|  |TAMS 0x0000000080b00000, 0x0000000080a00000| Untracked 
|  11|0x0000000080b00000, 0x0000000080c00000, 0x0000000080c00000|100%|HS|  |TAMS 0x0000000080c00000, 0x0000000080b00000| Complete 
|  12|0x0000000080c00000, 0x0000000080d00000, 0x0000000080d00000|100%| O|  |TAMS 0x0000000080d00000, 0x0000000080c00000| Updating 
|  13|0x0000000080d00000, 0x0000000080e00000, 0x0000000080e00000|100%| O|  |TAMS 0x0000000080e00000, 0x0000000080d00000| Untracked 
|  14|0x0000000080e00000, 0x0000000080f00000, 0x0000000080f00000|100%| O|  |TAMS 0x0000000080f00000, 0x0000000080e00000| Untracked 
|  15|0x0000000080f00000, 0x0000000081000000, 0x0000000081000000|100%| O|  |TAMS 0x0000000081000000, 0x0000000080f00000| Untracked 
|  16|0x0000000081000000, 0x0000000081100000, 0x0000000081100000|100%| O|  |TAMS 0x0000000081100000, 0x0000000081000000| Untracked 
|  17|0x0000000081100000, 0x0000000081200000, 0x0000000081200000|100%| O|  |TAMS 0x0000000081200000, 0x0000000081100000| Untracked 
|  18|0x0000000081200000, 0x0000000081300000, 0x0000000081300000|100%| O|  |TAMS 0x0000000081300000, 0x0000000081200000| Untracked 
|  19|0x0000000081300000, 0x0000000081400000, 0x0000000081400000|100%| O|  |TAMS 0x0000000081400000, 0x0000000081300000| Updating 
|  20|0x0000000081400000, 0x0000000081500000, 0x0000000081500000|100%| O|  |TAMS 0x0000000081500000, 0x0000000081400000| Updating 
|  21|0x0000000081500000, 0x0000000081600000, 0x0000000081600000|100%| O|  |TAMS 0x0000000081600000, 0x0000000081500000| Untracked 
|  22|0x0000000081600000, 0x0000000081700000, 0x0000000081700000|100%| O|  |TAMS 0x0000000081700000, 0x0000000081600000| Updating 
|  23|0x0000000081700000, 0x0000000081800000, 0x0000000081800000|100%| O|  |TAMS 0x0000000081800000, 0x0000000081700000| Updating 
|  24|0x0000000081800000, 0x0000000081900000, 0x0000000081900000|100%| O|  |TAMS 0x0000000081900000, 0x0000000081800000| Untracked 
|  25|0x0000000081900000, 0x0000000081a00000, 0x0000000081a00000|100%| O|  |TAMS 0x0000000081a00000, 0x0000000081900000| Untracked 
|  26|0x0000000081a00000, 0x0000000081b00000, 0x0000000081b00000|100%| O|  |TAMS 0x0000000081b00000, 0x0000000081a00000| Updating 
|  27|0x0000000081b00000, 0x0000000081c00000, 0x0000000081c00000|100%| O|  |TAMS 0x0000000081c00000, 0x0000000081b00000| Untracked 
|  28|0x0000000081c00000, 0x0000000081d00000, 0x0000000081d00000|100%| O|  |TAMS 0x0000000081d00000, 0x0000000081c00000| Untracked 
|  29|0x0000000081d00000, 0x0000000081e00000, 0x0000000081e00000|100%| O|  |TAMS 0x0000000081e00000, 0x0000000081d00000| Updating 
|  30|0x0000000081e00000, 0x0000000081f00000, 0x0000000081f00000|100%| O|  |TAMS 0x0000000081f00000, 0x0000000081e00000| Updating 
|  31|0x0000000081f00000, 0x0000000082000000, 0x0000000082000000|100%| O|  |TAMS 0x0000000082000000, 0x0000000081f00000| Updating 
|  32|0x0000000082000000, 0x0000000082100000, 0x0000000082100000|100%| O|  |TAMS 0x0000000082100000, 0x0000000082000000| Updating 
|  33|0x0000000082100000, 0x0000000082200000, 0x0000000082200000|100%| O|  |TAMS 0x0000000082200000, 0x0000000082100000| Updating 
|  34|0x0000000082200000, 0x0000000082300000, 0x0000000082300000|100%| O|  |TAMS 0x0000000082300000, 0x0000000082200000| Updating 
|  35|0x0000000082300000, 0x0000000082400000, 0x0000000082400000|100%| O|  |TAMS 0x0000000082400000, 0x0000000082300000| Untracked 
|  36|0x0000000082400000, 0x0000000082500000, 0x0000000082500000|100%| O|  |TAMS 0x0000000082500000, 0x0000000082400000| Updating 
|  37|0x0000000082500000, 0x0000000082600000, 0x0000000082600000|100%| O|  |TAMS 0x0000000082600000, 0x0000000082500000| Updating 
|  38|0x0000000082600000, 0x0000000082700000, 0x0000000082700000|100%| O|  |TAMS 0x0000000082700000, 0x0000000082600000| Updating 
|  39|0x0000000082700000, 0x0000000082800000, 0x0000000082800000|100%| O|  |TAMS 0x0000000082800000, 0x0000000082700000| Updating 
|  40|0x0000000082800000, 0x0000000082900000, 0x0000000082900000|100%| O|  |TAMS 0x0000000082900000, 0x0000000082800000| Updating 
|  41|0x0000000082900000, 0x0000000082a00000, 0x0000000082a00000|100%|HS|  |TAMS 0x0000000082a00000, 0x0000000082900000| Complete 
|  42|0x0000000082a00000, 0x0000000082b00000, 0x0000000082b00000|100%|HS|  |TAMS 0x0000000082b00000, 0x0000000082a00000| Complete 
|  43|0x0000000082b00000, 0x0000000082c00000, 0x0000000082c00000|100%| O|  |TAMS 0x0000000082c00000, 0x0000000082b00000| Updating 
|  44|0x0000000082c00000, 0x0000000082d00000, 0x0000000082d00000|100%| O|  |TAMS 0x0000000082d00000, 0x0000000082c00000| Updating 
|  45|0x0000000082d00000, 0x0000000082e00000, 0x0000000082e00000|100%| O|  |TAMS 0x0000000082e00000, 0x0000000082d00000| Untracked 
|  46|0x0000000082e00000, 0x0000000082f00000, 0x0000000082f00000|100%| O|  |TAMS 0x0000000082f00000, 0x0000000082e00000| Untracked 
|  47|0x0000000082f00000, 0x0000000083000000, 0x0000000083000000|100%| O|  |TAMS 0x0000000083000000, 0x0000000082f00000| Untracked 
|  48|0x0000000083000000, 0x0000000083100000, 0x0000000083100000|100%| O|  |TAMS 0x0000000083100000, 0x0000000083000000| Untracked 
|  49|0x0000000083100000, 0x0000000083200000, 0x0000000083200000|100%| O|  |TAMS 0x0000000083200000, 0x0000000083100000| Untracked 
|  50|0x0000000083200000, 0x0000000083300000, 0x0000000083300000|100%| O|  |TAMS 0x0000000083300000, 0x0000000083200000| Updating 
|  51|0x0000000083300000, 0x0000000083400000, 0x0000000083400000|100%| O|  |TAMS 0x0000000083400000, 0x0000000083300000| Updating 
|  52|0x0000000083400000, 0x0000000083500000, 0x0000000083500000|100%| O|  |TAMS 0x0000000083500000, 0x0000000083400000| Untracked 
|  53|0x0000000083500000, 0x00000000835ffff8, 0x0000000083600000| 99%| O|  |TAMS 0x00000000835ffff8, 0x0000000083500000| Updating 
|  54|0x0000000083600000, 0x0000000083700000, 0x0000000083700000|100%| O|  |TAMS 0x0000000083700000, 0x0000000083600000| Untracked 
|  55|0x0000000083700000, 0x0000000083800000, 0x0000000083800000|100%| O|  |TAMS 0x0000000083800000, 0x0000000083700000| Updating 
|  56|0x0000000083800000, 0x0000000083900000, 0x0000000083900000|100%| O|  |TAMS 0x0000000083900000, 0x0000000083800000| Untracked 
|  57|0x0000000083900000, 0x0000000083a00000, 0x0000000083a00000|100%| O|  |TAMS 0x0000000083a00000, 0x0000000083900000| Updating 
|  58|0x0000000083a00000, 0x0000000083b00000, 0x0000000083b00000|100%| O|  |TAMS 0x0000000083b00000, 0x0000000083a00000| Updating 
|  59|0x0000000083b00000, 0x0000000083c00000, 0x0000000083c00000|100%| O|  |TAMS 0x0000000083c00000, 0x0000000083b00000| Updating 
|  60|0x0000000083c00000, 0x0000000083d00000, 0x0000000083d00000|100%| O|  |TAMS 0x0000000083d00000, 0x0000000083c00000| Updating 
|  61|0x0000000083d00000, 0x0000000083e00000, 0x0000000083e00000|100%| O|  |TAMS 0x0000000083e00000, 0x0000000083d00000| Untracked 
|  62|0x0000000083e00000, 0x0000000083f00000, 0x0000000083f00000|100%| O|  |TAMS 0x0000000083f00000, 0x0000000083e00000| Updating 
|  63|0x0000000083f00000, 0x0000000084000000, 0x0000000084000000|100%| O|  |TAMS 0x0000000084000000, 0x0000000083f00000| Updating 
|  64|0x0000000084000000, 0x0000000084100000, 0x0000000084100000|100%| O|  |TAMS 0x0000000084100000, 0x0000000084000000| Untracked 
|  65|0x0000000084100000, 0x0000000084200000, 0x0000000084200000|100%| O|  |TAMS 0x0000000084200000, 0x0000000084100000| Untracked 
|  66|0x0000000084200000, 0x0000000084300000, 0x0000000084300000|100%| O|  |TAMS 0x0000000084300000, 0x0000000084200000| Updating 
|  67|0x0000000084300000, 0x0000000084400000, 0x0000000084400000|100%| O|  |TAMS 0x0000000084400000, 0x0000000084300000| Untracked 
|  68|0x0000000084400000, 0x0000000084500000, 0x0000000084500000|100%| O|  |TAMS 0x0000000084500000, 0x0000000084400000| Updating 
|  69|0x0000000084500000, 0x0000000084600000, 0x0000000084600000|100%| O|  |TAMS 0x0000000084600000, 0x0000000084500000| Updating 
|  70|0x0000000084600000, 0x0000000084700000, 0x0000000084700000|100%| O|  |TAMS 0x0000000084700000, 0x0000000084600000| Updating 
|  71|0x0000000084700000, 0x0000000084800000, 0x0000000084800000|100%| O|  |TAMS 0x0000000084800000, 0x0000000084700000| Updating 
|  72|0x0000000084800000, 0x0000000084900000, 0x0000000084900000|100%| O|  |TAMS 0x0000000084900000, 0x0000000084800000| Untracked 
|  73|0x0000000084900000, 0x0000000084a00000, 0x0000000084a00000|100%| O|  |TAMS 0x0000000084a00000, 0x0000000084900000| Updating 
|  74|0x0000000084a00000, 0x0000000084b00000, 0x0000000084b00000|100%| O|  |TAMS 0x0000000084b00000, 0x0000000084a00000| Untracked 
|  75|0x0000000084b00000, 0x0000000084c00000, 0x0000000084c00000|100%| O|  |TAMS 0x0000000084c00000, 0x0000000084b00000| Untracked 
|  76|0x0000000084c00000, 0x0000000084d00000, 0x0000000084d00000|100%| O|  |TAMS 0x0000000084d00000, 0x0000000084c00000| Untracked 
|  77|0x0000000084d00000, 0x0000000084e00000, 0x0000000084e00000|100%| O|  |TAMS 0x0000000084e00000, 0x0000000084d00000| Updating 
|  78|0x0000000084e00000, 0x0000000084f00000, 0x0000000084f00000|100%| O|  |TAMS 0x0000000084f00000, 0x0000000084e00000| Updating 
|  79|0x0000000084f00000, 0x0000000085000000, 0x0000000085000000|100%| O|  |TAMS 0x0000000085000000, 0x0000000084f00000| Untracked 
|  80|0x0000000085000000, 0x0000000085100000, 0x0000000085100000|100%| O|  |TAMS 0x0000000085100000, 0x0000000085000000| Untracked 
|  81|0x0000000085100000, 0x0000000085200000, 0x0000000085200000|100%| O|  |TAMS 0x0000000085200000, 0x0000000085100000| Updating 
|  82|0x0000000085200000, 0x0000000085300000, 0x0000000085300000|100%| O|  |TAMS 0x0000000085300000, 0x0000000085200000| Updating 
|  83|0x0000000085300000, 0x0000000085400000, 0x0000000085400000|100%| O|  |TAMS 0x0000000085400000, 0x0000000085300000| Updating 
|  84|0x0000000085400000, 0x0000000085500000, 0x0000000085500000|100%| O|  |TAMS 0x0000000085500000, 0x0000000085400000| Updating 
|  85|0x0000000085500000, 0x0000000085600000, 0x0000000085600000|100%| O|  |TAMS 0x0000000085600000, 0x0000000085500000| Updating 
|  86|0x0000000085600000, 0x0000000085700000, 0x0000000085700000|100%| O|  |TAMS 0x0000000085700000, 0x0000000085600000| Updating 
|  87|0x0000000085700000, 0x0000000085800000, 0x0000000085800000|100%| O|  |TAMS 0x0000000085800000, 0x0000000085700000| Updating 
|  88|0x0000000085800000, 0x0000000085900000, 0x0000000085900000|100%| O|  |TAMS 0x0000000085900000, 0x0000000085800000| Updating 
|  89|0x0000000085900000, 0x0000000085a00000, 0x0000000085a00000|100%| O|  |TAMS 0x0000000085a00000, 0x0000000085900000| Untracked 
|  90|0x0000000085a00000, 0x0000000085b00000, 0x0000000085b00000|100%| O|  |TAMS 0x0000000085b00000, 0x0000000085a00000| Updating 
|  91|0x0000000085b00000, 0x0000000085c00000, 0x0000000085c00000|100%| O|  |TAMS 0x0000000085c00000, 0x0000000085b00000| Updating 
|  92|0x0000000085c00000, 0x0000000085d00000, 0x0000000085d00000|100%| O|  |TAMS 0x0000000085d00000, 0x0000000085c00000| Untracked 
|  93|0x0000000085d00000, 0x0000000085e00000, 0x0000000085e00000|100%| O|  |TAMS 0x0000000085e00000, 0x0000000085d00000| Updating 
|  94|0x0000000085e00000, 0x0000000085f00000, 0x0000000085f00000|100%| O|  |TAMS 0x0000000085f00000, 0x0000000085e00000| Updating 
|  95|0x0000000085f00000, 0x0000000086000000, 0x0000000086000000|100%| O|  |TAMS 0x0000000086000000, 0x0000000085f00000| Updating 
|  96|0x0000000086000000, 0x0000000086100000, 0x0000000086100000|100%| O|  |TAMS 0x0000000086100000, 0x0000000086000000| Updating 
|  97|0x0000000086100000, 0x0000000086200000, 0x0000000086200000|100%| O|  |TAMS 0x0000000086200000, 0x0000000086100000| Updating 
|  98|0x0000000086200000, 0x0000000086300000, 0x0000000086300000|100%| O|  |TAMS 0x0000000086300000, 0x0000000086200000| Updating 
|  99|0x0000000086300000, 0x0000000086400000, 0x0000000086400000|100%| O|  |TAMS 0x0000000086400000, 0x0000000086300000| Updating 
| 100|0x0000000086400000, 0x0000000086500000, 0x0000000086500000|100%| O|  |TAMS 0x0000000086500000, 0x0000000086400000| Updating 
| 101|0x0000000086500000, 0x0000000086600000, 0x0000000086600000|100%| O|  |TAMS 0x0000000086600000, 0x0000000086500000| Updating 
| 102|0x0000000086600000, 0x0000000086700000, 0x0000000086700000|100%| O|  |TAMS 0x0000000086700000, 0x0000000086600000| Updating 
| 103|0x0000000086700000, 0x0000000086800000, 0x0000000086800000|100%| O|  |TAMS 0x0000000086800000, 0x0000000086700000| Updating 
| 104|0x0000000086800000, 0x0000000086900000, 0x0000000086900000|100%| O|  |TAMS 0x0000000086900000, 0x0000000086800000| Updating 
| 105|0x0000000086900000, 0x0000000086a00000, 0x0000000086a00000|100%| O|  |TAMS 0x0000000086a00000, 0x0000000086900000| Updating 
| 106|0x0000000086a00000, 0x0000000086b00000, 0x0000000086b00000|100%| O|  |TAMS 0x0000000086b00000, 0x0000000086a00000| Updating 
| 107|0x0000000086b00000, 0x0000000086c00000, 0x0000000086c00000|100%| O|  |TAMS 0x0000000086c00000, 0x0000000086b00000| Updating 
| 108|0x0000000086c00000, 0x0000000086d00000, 0x0000000086d00000|100%| O|  |TAMS 0x0000000086d00000, 0x0000000086c00000| Updating 
| 109|0x0000000086d00000, 0x0000000086e00000, 0x0000000086e00000|100%| O|  |TAMS 0x0000000086e00000, 0x0000000086d00000| Updating 
| 110|0x0000000086e00000, 0x0000000086e00000, 0x0000000086f00000|  0%| F|  |TAMS 0x0000000086e00000, 0x0000000086e00000| Untracked 
| 111|0x0000000086f00000, 0x0000000086f00000, 0x0000000087000000|  0%| F|  |TAMS 0x0000000086f00000, 0x0000000086f00000| Untracked 
| 112|0x0000000087000000, 0x0000000087100000, 0x0000000087100000|100%| O|  |TAMS 0x0000000087100000, 0x0000000087000000| Updating 
| 113|0x0000000087100000, 0x0000000087200000, 0x0000000087200000|100%| O|  |TAMS 0x0000000087200000, 0x0000000087100000| Untracked 
| 114|0x0000000087200000, 0x0000000087300000, 0x0000000087300000|100%| O|  |TAMS 0x0000000087300000, 0x0000000087200000| Untracked 
| 115|0x0000000087300000, 0x0000000087400000, 0x0000000087400000|100%| O|  |TAMS 0x0000000087400000, 0x0000000087300000| Updating 
| 116|0x0000000087400000, 0x0000000087500000, 0x0000000087500000|100%| O|  |TAMS 0x0000000087500000, 0x0000000087400000| Untracked 
| 117|0x0000000087500000, 0x0000000087600000, 0x0000000087600000|100%| O|  |TAMS 0x0000000087600000, 0x0000000087500000| Updating 
| 118|0x0000000087600000, 0x0000000087700000, 0x0000000087700000|100%| O|  |TAMS 0x0000000087700000, 0x0000000087600000| Updating 
| 119|0x0000000087700000, 0x0000000087800000, 0x0000000087800000|100%| O|  |TAMS 0x0000000087800000, 0x0000000087700000| Updating 
| 120|0x0000000087800000, 0x0000000087900000, 0x0000000087900000|100%| O|  |TAMS 0x0000000087900000, 0x0000000087800000| Updating 
| 121|0x0000000087900000, 0x0000000087a00000, 0x0000000087a00000|100%| O|  |TAMS 0x0000000087a00000, 0x0000000087900000| Untracked 
| 122|0x0000000087a00000, 0x0000000087b00000, 0x0000000087b00000|100%| O|  |TAMS 0x0000000087b00000, 0x0000000087a00000| Untracked 
| 123|0x0000000087b00000, 0x0000000087c00000, 0x0000000087c00000|100%| O|  |TAMS 0x0000000087c00000, 0x0000000087b00000| Updating 
| 124|0x0000000087c00000, 0x0000000087d00000, 0x0000000087d00000|100%| O|  |TAMS 0x0000000087d00000, 0x0000000087c00000| Updating 
| 125|0x0000000087d00000, 0x0000000087e00000, 0x0000000087e00000|100%| O|  |TAMS 0x0000000087e00000, 0x0000000087d00000| Updating 
| 126|0x0000000087e00000, 0x0000000087f00000, 0x0000000087f00000|100%| O|  |TAMS 0x0000000087f00000, 0x0000000087e00000| Updating 
| 127|0x0000000087f00000, 0x0000000088000000, 0x0000000088000000|100%| O|  |TAMS 0x0000000088000000, 0x0000000087f00000| Updating 
| 128|0x0000000088000000, 0x0000000088000000, 0x0000000088100000|  0%| F|  |TAMS 0x0000000088000000, 0x0000000088000000| Untracked 
| 129|0x0000000088100000, 0x0000000088100000, 0x0000000088200000|  0%| F|  |TAMS 0x0000000088100000, 0x0000000088100000| Untracked 
| 130|0x0000000088200000, 0x0000000088200000, 0x0000000088300000|  0%| F|  |TAMS 0x0000000088200000, 0x0000000088200000| Untracked 
| 131|0x0000000088300000, 0x0000000088400000, 0x0000000088400000|100%| O|  |TAMS 0x0000000088400000, 0x0000000088300000| Untracked 
| 132|0x0000000088400000, 0x0000000088500000, 0x0000000088500000|100%| O|  |TAMS 0x0000000088500000, 0x0000000088400000| Untracked 
| 133|0x0000000088500000, 0x0000000088600000, 0x0000000088600000|100%| O|  |TAMS 0x0000000088600000, 0x0000000088500000| Untracked 
| 134|0x0000000088600000, 0x0000000088700000, 0x0000000088700000|100%| O|  |TAMS 0x0000000088700000, 0x0000000088600000| Untracked 
| 135|0x0000000088700000, 0x0000000088800000, 0x0000000088800000|100%| O|  |TAMS 0x0000000088800000, 0x0000000088700000| Untracked 
| 136|0x0000000088800000, 0x0000000088900000, 0x0000000088900000|100%| O|  |TAMS 0x0000000088900000, 0x0000000088800000| Untracked 
| 137|0x0000000088900000, 0x0000000088a00000, 0x0000000088a00000|100%| O|  |TAMS 0x0000000088a00000, 0x0000000088900000| Untracked 
| 138|0x0000000088a00000, 0x0000000088b00000, 0x0000000088b00000|100%| O|  |TAMS 0x0000000088b00000, 0x0000000088a00000| Untracked 
| 139|0x0000000088b00000, 0x0000000088c00000, 0x0000000088c00000|100%| O|  |TAMS 0x0000000088c00000, 0x0000000088b00000| Updating 
| 140|0x0000000088c00000, 0x0000000088d00000, 0x0000000088d00000|100%| O|  |TAMS 0x0000000088d00000, 0x0000000088c00000| Updating 
| 141|0x0000000088d00000, 0x0000000088e00000, 0x0000000088e00000|100%| O|  |TAMS 0x0000000088e00000, 0x0000000088d00000| Untracked 
| 142|0x0000000088e00000, 0x0000000088f00000, 0x0000000088f00000|100%| O|  |TAMS 0x0000000088f00000, 0x0000000088e00000| Updating 
| 143|0x0000000088f00000, 0x0000000089000000, 0x0000000089000000|100%| O|  |TAMS 0x0000000089000000, 0x0000000088f00000| Untracked 
| 144|0x0000000089000000, 0x0000000089100000, 0x0000000089100000|100%| O|  |TAMS 0x0000000089100000, 0x0000000089000000| Untracked 
| 145|0x0000000089100000, 0x0000000089200000, 0x0000000089200000|100%| O|  |TAMS 0x0000000089200000, 0x0000000089100000| Untracked 
| 146|0x0000000089200000, 0x0000000089300000, 0x0000000089300000|100%| O|  |TAMS 0x0000000089300000, 0x0000000089200000| Untracked 
| 147|0x0000000089300000, 0x0000000089400000, 0x0000000089400000|100%| O|  |TAMS 0x00000000893af600, 0x0000000089300000| Updating 
| 148|0x0000000089400000, 0x0000000089500000, 0x0000000089500000|100%|HS|  |TAMS 0x0000000089500000, 0x0000000089400000| Complete 
| 149|0x0000000089500000, 0x0000000089600000, 0x0000000089600000|100%|HC|  |TAMS 0x0000000089600000, 0x0000000089500000| Complete 
| 150|0x0000000089600000, 0x0000000089700000, 0x0000000089700000|100%|HC|  |TAMS 0x0000000089700000, 0x0000000089600000| Complete 
| 151|0x0000000089700000, 0x0000000089800000, 0x0000000089800000|100%|HC|  |TAMS 0x0000000089800000, 0x0000000089700000| Complete 
| 152|0x0000000089800000, 0x0000000089800000, 0x0000000089900000|  0%| F|  |TAMS 0x0000000089800000, 0x0000000089800000| Untracked 
| 153|0x0000000089900000, 0x0000000089900000, 0x0000000089a00000|  0%| F|  |TAMS 0x0000000089900000, 0x0000000089900000| Untracked 
| 154|0x0000000089a00000, 0x0000000089b00000, 0x0000000089b00000|100%| O|  |TAMS 0x0000000089a00000, 0x0000000089a00000| Untracked 
| 155|0x0000000089b00000, 0x0000000089c00000, 0x0000000089c00000|100%| O|  |TAMS 0x0000000089b00000, 0x0000000089b00000| Untracked 
| 156|0x0000000089c00000, 0x0000000089d00000, 0x0000000089d00000|100%| O|  |TAMS 0x0000000089c00000, 0x0000000089c00000| Untracked 
| 157|0x0000000089d00000, 0x0000000089e00000, 0x0000000089e00000|100%| O|  |TAMS 0x0000000089d00000, 0x0000000089d00000| Untracked 
| 158|0x0000000089e00000, 0x0000000089f00000, 0x0000000089f00000|100%| O|  |TAMS 0x0000000089e00000, 0x0000000089e00000| Untracked 
| 159|0x0000000089f00000, 0x000000008a000000, 0x000000008a000000|100%| O|  |TAMS 0x0000000089f00000, 0x0000000089f00000| Untracked 
| 160|0x000000008a000000, 0x000000008a100000, 0x000000008a100000|100%| O|  |TAMS 0x000000008a000000, 0x000000008a000000| Untracked 
| 161|0x000000008a100000, 0x000000008a200000, 0x000000008a200000|100%| O|  |TAMS 0x000000008a100000, 0x000000008a100000| Untracked 
| 162|0x000000008a200000, 0x000000008a300000, 0x000000008a300000|100%|HS|  |TAMS 0x000000008a200000, 0x000000008a200000| Complete 
| 163|0x000000008a300000, 0x000000008a400000, 0x000000008a400000|100%|HC|  |TAMS 0x000000008a300000, 0x000000008a300000| Complete 
| 164|0x000000008a400000, 0x000000008a500000, 0x000000008a500000|100%|HC|  |TAMS 0x000000008a400000, 0x000000008a400000| Complete 
| 165|0x000000008a500000, 0x000000008a600000, 0x000000008a600000|100%|HC|  |TAMS 0x000000008a500000, 0x000000008a500000| Complete 
| 166|0x000000008a600000, 0x000000008a600000, 0x000000008a700000|  0%| F|  |TAMS 0x000000008a600000, 0x000000008a600000| Untracked 
| 167|0x000000008a700000, 0x000000008a700000, 0x000000008a800000|  0%| F|  |TAMS 0x000000008a700000, 0x000000008a700000| Untracked 
| 168|0x000000008a800000, 0x000000008a900000, 0x000000008a900000|100%| O|  |TAMS 0x000000008a800000, 0x000000008a800000| Untracked 
| 169|0x000000008a900000, 0x000000008aa00000, 0x000000008aa00000|100%| O|  |TAMS 0x000000008a900000, 0x000000008a900000| Untracked 
| 170|0x000000008aa00000, 0x000000008aa80000, 0x000000008ab00000| 50%| O|  |TAMS 0x000000008aa00000, 0x000000008aa00000| Updating 
| 171|0x000000008ab00000, 0x000000008ac00000, 0x000000008ac00000|100%|HS|  |TAMS 0x000000008ab00000, 0x000000008ab00000| Complete 
| 172|0x000000008ac00000, 0x000000008ad00000, 0x000000008ad00000|100%|HC|  |TAMS 0x000000008ac00000, 0x000000008ac00000| Complete 
| 173|0x000000008ad00000, 0x000000008ae00000, 0x000000008ae00000|100%|HC|  |TAMS 0x000000008ad00000, 0x000000008ad00000| Complete 
| 174|0x000000008ae00000, 0x000000008af00000, 0x000000008af00000|100%|HC|  |TAMS 0x000000008ae00000, 0x000000008ae00000| Complete 
| 175|0x000000008af00000, 0x000000008af00000, 0x000000008b000000|  0%| F|  |TAMS 0x000000008af00000, 0x000000008af00000| Untracked 
| 176|0x000000008b000000, 0x000000008b000000, 0x000000008b100000|  0%| F|  |TAMS 0x000000008b000000, 0x000000008b000000| Untracked 
| 177|0x000000008b100000, 0x000000008b100000, 0x000000008b200000|  0%| F|  |TAMS 0x000000008b100000, 0x000000008b100000| Untracked 
| 178|0x000000008b200000, 0x000000008b200000, 0x000000008b300000|  0%| F|  |TAMS 0x000000008b200000, 0x000000008b200000| Untracked 
| 179|0x000000008b300000, 0x000000008b300000, 0x000000008b400000|  0%| F|  |TAMS 0x000000008b300000, 0x000000008b300000| Untracked 
| 180|0x000000008b400000, 0x000000008b400000, 0x000000008b500000|  0%| F|  |TAMS 0x000000008b400000, 0x000000008b400000| Untracked 
| 181|0x000000008b500000, 0x000000008b500000, 0x000000008b600000|  0%| F|  |TAMS 0x000000008b500000, 0x000000008b500000| Untracked 
| 182|0x000000008b600000, 0x000000008b600000, 0x000000008b700000|  0%| F|  |TAMS 0x000000008b600000, 0x000000008b600000| Untracked 
| 183|0x000000008b700000, 0x000000008b700000, 0x000000008b800000|  0%| F|  |TAMS 0x000000008b700000, 0x000000008b700000| Untracked 
| 184|0x000000008b800000, 0x000000008b800000, 0x000000008b900000|  0%| F|  |TAMS 0x000000008b800000, 0x000000008b800000| Untracked 
| 185|0x000000008b900000, 0x000000008b900000, 0x000000008ba00000|  0%| F|  |TAMS 0x000000008b900000, 0x000000008b900000| Untracked 
| 186|0x000000008ba00000, 0x000000008ba00000, 0x000000008bb00000|  0%| F|  |TAMS 0x000000008ba00000, 0x000000008ba00000| Untracked 
| 187|0x000000008bb00000, 0x000000008bc00000, 0x000000008bc00000|100%| S|CS|TAMS 0x000000008bb00000, 0x000000008bb00000| Complete 
| 188|0x000000008bc00000, 0x000000008bd00000, 0x000000008bd00000|100%| S|CS|TAMS 0x000000008bc00000, 0x000000008bc00000| Complete 
| 189|0x000000008bd00000, 0x000000008be00000, 0x000000008be00000|100%| S|CS|TAMS 0x000000008bd00000, 0x000000008bd00000| Complete 
| 190|0x000000008be00000, 0x000000008bf00000, 0x000000008bf00000|100%| S|CS|TAMS 0x000000008be00000, 0x000000008be00000| Complete 
| 191|0x000000008bf00000, 0x000000008bf00000, 0x000000008c000000|  0%| F|  |TAMS 0x000000008bf00000, 0x000000008bf00000| Untracked 
| 192|0x000000008c000000, 0x000000008c000000, 0x000000008c100000|  0%| F|  |TAMS 0x000000008c000000, 0x000000008c000000| Untracked 
| 193|0x000000008c100000, 0x000000008c100000, 0x000000008c200000|  0%| F|  |TAMS 0x000000008c100000, 0x000000008c100000| Untracked 
| 194|0x000000008c200000, 0x000000008c200000, 0x000000008c300000|  0%| F|  |TAMS 0x000000008c200000, 0x000000008c200000| Untracked 
| 195|0x000000008c300000, 0x000000008c300000, 0x000000008c400000|  0%| F|  |TAMS 0x000000008c300000, 0x000000008c300000| Untracked 
| 196|0x000000008c400000, 0x000000008c400000, 0x000000008c500000|  0%| F|  |TAMS 0x000000008c400000, 0x000000008c400000| Untracked 
| 197|0x000000008c500000, 0x000000008c500000, 0x000000008c600000|  0%| F|  |TAMS 0x000000008c500000, 0x000000008c500000| Untracked 
| 198|0x000000008c600000, 0x000000008c600000, 0x000000008c700000|  0%| F|  |TAMS 0x000000008c600000, 0x000000008c600000| Untracked 
| 199|0x000000008c700000, 0x000000008c700000, 0x000000008c800000|  0%| F|  |TAMS 0x000000008c700000, 0x000000008c700000| Untracked 
| 200|0x000000008c800000, 0x000000008c800000, 0x000000008c900000|  0%| F|  |TAMS 0x000000008c800000, 0x000000008c800000| Untracked 
| 201|0x000000008c900000, 0x000000008c900000, 0x000000008ca00000|  0%| F|  |TAMS 0x000000008c900000, 0x000000008c900000| Untracked 
| 202|0x000000008ca00000, 0x000000008ca18a08, 0x000000008cb00000|  9%| E|  |TAMS 0x000000008ca00000, 0x000000008ca00000| Complete 
| 203|0x000000008cb00000, 0x000000008cc00000, 0x000000008cc00000|100%| E|CS|TAMS 0x000000008cb00000, 0x000000008cb00000| Complete 

Card table byte_map: [0x0000025339450000,0x0000025339850000] _byte_map_base: 0x0000025339050000

Marking Bits (Prev, Next): (CMBitMap*) 0x0000025326bd6e90, (CMBitMap*) 0x0000025326bd6e50
 Prev Bits: [0x000002533bc50000, 0x000002533dc50000)
 Next Bits: [0x0000025339c50000, 0x000002533bc50000)

Polling page: 0x0000025324b70000

Metaspace:

Usage:
  Non-class:     93.75 MB used.
      Class:     14.40 MB used.
       Both:    108.14 MB used.

Virtual space:
  Non-class space:       96.00 MB reserved,      94.19 MB ( 98%) committed,  12 nodes.
      Class space:        1.00 GB reserved,      14.75 MB (  1%) committed,  1 nodes.
             Both:        1.09 GB reserved,     108.94 MB ( 10%) committed. 

Chunk freelists:
   Non-Class:  1.50 MB
       Class:  1.13 MB
        Both:  2.63 MB

MaxMetaspaceSize: unlimited
CompressedClassSpaceSize: 1.00 GB
Initial GC threshold: 21.00 MB
Current GC threshold: 173.75 MB
CDS: off
MetaspaceReclaimPolicy: balanced
 - commit_granule_bytes: 65536.
 - commit_granule_words: 8192.
 - virtual_space_node_default_size: 1048576.
 - enlarge_chunks_in_place: 1.
 - new_chunks_are_fully_committed: 0.
 - uncommit_free_chunks: 1.
 - use_allocation_guard: 0.
 - handle_deallocations: 1.


Internal statistics:

num_allocs_failed_limit: 6.
num_arena_births: 1264.
num_arena_deaths: 2.
num_vsnodes_births: 13.
num_vsnodes_deaths: 0.
num_space_committed: 1741.
num_space_uncommitted: 0.
num_chunks_returned_to_freelist: 9.
num_chunks_taken_from_freelist: 5292.
num_chunk_merges: 6.
num_chunk_splits: 3455.
num_chunks_enlarged: 2258.
num_purges: 2.
num_inconsistent_stats: 0.

CodeHeap 'non-profiled nmethods': size=120000Kb used=9645Kb max_used=10085Kb free=110354Kb
 bounds [0x0000025331b20000, 0x0000025332510000, 0x0000025339050000]
CodeHeap 'profiled nmethods': size=120000Kb used=24770Kb max_used=26750Kb free=95229Kb
 bounds [0x000002532a050000, 0x000002532ba70000, 0x0000025331580000]
CodeHeap 'non-nmethods': size=5760Kb used=2452Kb max_used=2522Kb free=3307Kb
 bounds [0x0000025331580000, 0x0000025331810000, 0x0000025331b20000]
 total_blobs=14301 nmethods=13304 adapters=909
 compilation: enabled
              stopped_count=0, restarted_count=0
 full_count=0

Compilation events (20 events):
Event: 353.199 Thread 0x0000025340c132e0 16548       3       com.sun.org.apache.xerces.internal.parsers.XML11Configuration::addRecognizedParamsAndSetDefaults (173 bytes)
Event: 353.200 Thread 0x0000025340c132e0 nmethod 16548 0x000002532a7d5010 code [0x000002532a7d52c0, 0x000002532a7d6428]
Event: 353.205 Thread 0x0000025340c132e0 16550       3       java.util.stream.Nodes::flattenInt (60 bytes)
Event: 353.205 Thread 0x0000025340c132e0 nmethod 16550 0x000002532a163210 code [0x000002532a163440, 0x000002532a163b68]
Event: 353.228 Thread 0x0000025340c132e0 16552       3       com.android.ide.common.resources.configuration.FolderConfiguration::hashCode (8 bytes)
Event: 353.228 Thread 0x0000025340c132e0 nmethod 16552 0x000002532a214190 code [0x000002532a214340, 0x000002532a2144b8]
Event: 353.229 Thread 0x0000025340c132e0 16554       1       com.android.ide.common.resources.configuration.DensityQualifier::getEnumValue (5 bytes)
Event: 353.229 Thread 0x0000025340c132e0 nmethod 16554 0x0000025331ee7b90 code [0x0000025331ee7d20, 0x0000025331ee7df8]
Event: 353.229 Thread 0x0000025340c132e0 16555       3       com.android.ide.common.resources.ResourceMergerItem::getConfiguration (34 bytes)
Event: 353.230 Thread 0x0000025340c132e0 nmethod 16555 0x000002532a722210 code [0x000002532a722400, 0x000002532a722928]
Event: 353.230 Thread 0x0000025340c132e0 16556       3       com.android.ide.common.resources.configuration.ResourceQualifier::isValid (17 bytes)
Event: 353.230 Thread 0x0000025340c132e0 nmethod 16556 0x000002532a132890 code [0x000002532a132a40, 0x000002532a132c88]
Event: 353.230 Thread 0x0000025340c132e0 16557       3       com.google.common.collect.HashBasedTable::get (7 bytes)
Event: 353.231 Thread 0x0000025340c132e0 nmethod 16557 0x000002532a0dbf10 code [0x000002532a0dc180, 0x000002532a0dcf38]
Event: 353.231 Thread 0x0000025340c132e0 16558       3       com.google.common.collect.HashBasedTable::containsRow (6 bytes)
Event: 353.232 Thread 0x0000025340c132e0 nmethod 16558 0x000002532a0b5c90 code [0x000002532a0b5e60, 0x000002532a0b6318]
Event: 353.232 Thread 0x0000025340c132e0 16559       3       com.android.utils.Pair::of (10 bytes)
Event: 353.232 Thread 0x0000025340c132e0 nmethod 16559 0x000002532a43fd90 code [0x000002532a43ff40, 0x000002532a4401f8]
Event: 353.232 Thread 0x0000025340c132e0 16560       3       com.google.common.collect.HashBasedTable::put (8 bytes)
Event: 353.233 Thread 0x0000025340c132e0 nmethod 16560 0x000002532a7d2a10 code [0x000002532a7d2c20, 0x000002532a7d32a8]

GC Heap History (20 events):
Event: 163.321 GC heap before
{Heap before GC invocations=76 (full 0):
 garbage-first heap   total 208896K, used 164065K [0x0000000080000000, 0x0000000100000000)
  region size 1024K, 57 young (58368K), 2 survivors (2048K)
 Metaspace       used 106920K, committed 107712K, reserved 1146880K
  class space    used 14309K, committed 14720K, reserved 1048576K
}
Event: 163.336 GC heap after
{Heap after GC invocations=77 (full 0):
 garbage-first heap   total 208896K, used 114071K [0x0000000080000000, 0x0000000100000000)
  region size 1024K, 8 young (8192K), 8 survivors (8192K)
 Metaspace       used 106920K, committed 107712K, reserved 1146880K
  class space    used 14309K, committed 14720K, reserved 1048576K
}
Event: 177.928 GC heap before
{Heap before GC invocations=77 (full 0):
 garbage-first heap   total 208896K, used 164247K [0x0000000080000000, 0x0000000100000000)
  region size 1024K, 58 young (59392K), 8 survivors (8192K)
 Metaspace       used 107065K, committed 107904K, reserved 1146880K
  class space    used 14327K, committed 14720K, reserved 1048576K
}
Event: 177.945 GC heap after
{Heap after GC invocations=78 (full 0):
 garbage-first heap   total 208896K, used 116644K [0x0000000080000000, 0x0000000100000000)
  region size 1024K, 5 young (5120K), 5 survivors (5120K)
 Metaspace       used 107065K, committed 107904K, reserved 1146880K
  class space    used 14327K, committed 14720K, reserved 1048576K
}
Event: 182.817 GC heap before
{Heap before GC invocations=78 (full 0):
 garbage-first heap   total 208896K, used 166820K [0x0000000080000000, 0x0000000100000000)
  region size 1024K, 55 young (56320K), 5 survivors (5120K)
 Metaspace       used 107101K, committed 107904K, reserved 1146880K
  class space    used 14327K, committed 14720K, reserved 1048576K
}
Event: 182.837 GC heap after
{Heap after GC invocations=79 (full 0):
 garbage-first heap   total 208896K, used 119420K [0x0000000080000000, 0x0000000100000000)
  region size 1024K, 5 young (5120K), 5 survivors (5120K)
 Metaspace       used 107101K, committed 107904K, reserved 1146880K
  class space    used 14327K, committed 14720K, reserved 1048576K
}
Event: 222.176 GC heap before
{Heap before GC invocations=79 (full 0):
 garbage-first heap   total 208896K, used 168572K [0x0000000080000000, 0x0000000100000000)
  region size 1024K, 54 young (55296K), 5 survivors (5120K)
 Metaspace       used 107485K, committed 108224K, reserved 1146880K
  class space    used 14355K, committed 14720K, reserved 1048576K
}
Event: 222.198 GC heap after
{Heap after GC invocations=80 (full 0):
 garbage-first heap   total 208896K, used 126419K [0x0000000080000000, 0x0000000100000000)
  region size 1024K, 7 young (7168K), 7 survivors (7168K)
 Metaspace       used 107485K, committed 108224K, reserved 1146880K
  class space    used 14355K, committed 14720K, reserved 1048576K
}
Event: 226.223 GC heap before
{Heap before GC invocations=80 (full 0):
 garbage-first heap   total 208896K, used 169427K [0x0000000080000000, 0x0000000100000000)
  region size 1024K, 50 young (51200K), 7 survivors (7168K)
 Metaspace       used 107627K, committed 108416K, reserved 1146880K
  class space    used 14369K, committed 14784K, reserved 1048576K
}
Event: 226.244 GC heap after
{Heap after GC invocations=81 (full 0):
 garbage-first heap   total 208896K, used 128180K [0x0000000080000000, 0x0000000100000000)
  region size 1024K, 4 young (4096K), 4 survivors (4096K)
 Metaspace       used 107627K, committed 108416K, reserved 1146880K
  class space    used 14369K, committed 14784K, reserved 1048576K
}
Event: 229.284 GC heap before
{Heap before GC invocations=81 (full 0):
 garbage-first heap   total 208896K, used 158900K [0x0000000080000000, 0x0000000100000000)
  region size 1024K, 20 young (20480K), 4 survivors (4096K)
 Metaspace       used 109039K, committed 109824K, reserved 1146880K
  class space    used 14567K, committed 14912K, reserved 1048576K
}
Event: 229.297 GC heap after
{Heap after GC invocations=82 (full 0):
 garbage-first heap   total 208896K, used 140113K [0x0000000080000000, 0x0000000100000000)
  region size 1024K, 2 young (2048K), 2 survivors (2048K)
 Metaspace       used 109039K, committed 109824K, reserved 1146880K
  class space    used 14567K, committed 14912K, reserved 1048576K
}
Event: 345.808 GC heap before
{Heap before GC invocations=82 (full 0):
 garbage-first heap   total 208896K, used 184145K [0x0000000080000000, 0x0000000100000000)
  region size 1024K, 37 young (37888K), 2 survivors (2048K)
 Metaspace       used 110165K, committed 110976K, reserved 1146880K
  class space    used 14725K, committed 15104K, reserved 1048576K
}
Event: 345.819 GC heap after
{Heap after GC invocations=83 (full 0):
 garbage-first heap   total 208896K, used 131235K [0x0000000080000000, 0x0000000100000000)
  region size 1024K, 4 young (4096K), 4 survivors (4096K)
 Metaspace       used 110165K, committed 110976K, reserved 1146880K
  class space    used 14725K, committed 15104K, reserved 1048576K
}
Event: 350.721 GC heap before
{Heap before GC invocations=83 (full 0):
 garbage-first heap   total 208896K, used 174243K [0x0000000080000000, 0x0000000100000000)
  region size 1024K, 46 young (47104K), 4 survivors (4096K)
 Metaspace       used 110625K, committed 111424K, reserved 1146880K
  class space    used 14742K, committed 15104K, reserved 1048576K
}
Event: 350.742 GC heap after
{Heap after GC invocations=84 (full 0):
 garbage-first heap   total 208896K, used 136503K [0x0000000080000000, 0x0000000100000000)
  region size 1024K, 6 young (6144K), 6 survivors (6144K)
 Metaspace       used 110625K, committed 111424K, reserved 1146880K
  class space    used 14742K, committed 15104K, reserved 1048576K
}
Event: 352.049 GC heap before
{Heap before GC invocations=84 (full 0):
 garbage-first heap   total 208896K, used 175415K [0x0000000080000000, 0x0000000100000000)
  region size 1024K, 42 young (43008K), 6 survivors (6144K)
 Metaspace       used 110667K, committed 111488K, reserved 1146880K
  class space    used 14742K, committed 15104K, reserved 1048576K
}
Event: 352.087 GC heap after
{Heap after GC invocations=85 (full 0):
 garbage-first heap   total 208896K, used 154301K [0x0000000080000000, 0x0000000100000000)
  region size 1024K, 6 young (6144K), 6 survivors (6144K)
 Metaspace       used 110667K, committed 111488K, reserved 1146880K
  class space    used 14742K, committed 15104K, reserved 1048576K
}
Event: 352.727 GC heap before
{Heap before GC invocations=85 (full 0):
 garbage-first heap   total 208896K, used 174781K [0x0000000080000000, 0x0000000100000000)
  region size 1024K, 19 young (19456K), 6 survivors (6144K)
 Metaspace       used 110716K, committed 111488K, reserved 1146880K
  class space    used 14742K, committed 15104K, reserved 1048576K
}
Event: 352.750 GC heap after
{Heap after GC invocations=86 (full 0):
 garbage-first heap   total 208896K, used 167423K [0x0000000080000000, 0x0000000100000000)
  region size 1024K, 4 young (4096K), 4 survivors (4096K)
 Metaspace       used 110716K, committed 111488K, reserved 1146880K
  class space    used 14742K, committed 15104K, reserved 1048576K
}

Dll operation events (2 events):
Event: 0.047 Loaded shared library C:\Program Files\Android\Android Studio1\jbr\bin\java.dll
Event: 1.119 Loaded shared library C:\Program Files\Android\Android Studio1\jbr\bin\verify.dll

Deoptimization events (20 events):
Event: 353.133 Thread 0x0000025347b38360 DEOPT PACKING pc=0x000002532b557c30 sp=0x000000bc61efa870
Event: 353.133 Thread 0x0000025347b38360 DEOPT UNPACKING pc=0x00000253315d7143 sp=0x000000bc61ef9d80 mode 0
Event: 353.134 Thread 0x0000025347b38360 DEOPT PACKING pc=0x000002532b557c30 sp=0x000000bc61efa870
Event: 353.134 Thread 0x0000025347b38360 DEOPT UNPACKING pc=0x00000253315d7143 sp=0x000000bc61ef9d80 mode 0
Event: 353.203 Thread 0x0000025347b39b70 Uncommon trap: trap_request=0xffffffbe fr.pc=0x00000253324f4c78 relative=0x0000000000000c58
Event: 353.203 Thread 0x0000025347b39b70 Uncommon trap: reason=profile_predicate action=maybe_recompile pc=0x00000253324f4c78 method=com.google.common.base.Splitter$SplittingIterator.computeNext()Ljava/lang/String; @ 106 c2
Event: 353.203 Thread 0x0000025347b39b70 DEOPT PACKING pc=0x00000253324f4c78 sp=0x000000bc61cfa590
Event: 353.204 Thread 0x0000025347b39b70 DEOPT UNPACKING pc=0x00000253315d69a3 sp=0x000000bc61cfa550 mode 2
Event: 353.204 Thread 0x0000025347b39b70 Uncommon trap: trap_request=0xffffffbe fr.pc=0x00000253324f4c78 relative=0x0000000000000c58
Event: 353.204 Thread 0x0000025347b39b70 Uncommon trap: reason=profile_predicate action=maybe_recompile pc=0x00000253324f4c78 method=com.google.common.base.Splitter$SplittingIterator.computeNext()Ljava/lang/String; @ 106 c2
Event: 353.204 Thread 0x0000025347b39b70 DEOPT PACKING pc=0x00000253324f4c78 sp=0x000000bc61cfa590
Event: 353.204 Thread 0x0000025347b39b70 DEOPT UNPACKING pc=0x00000253315d69a3 sp=0x000000bc61cfa550 mode 2
Event: 353.204 Thread 0x0000025347b39b70 Uncommon trap: trap_request=0xffffffbe fr.pc=0x00000253324f4c78 relative=0x0000000000000c58
Event: 353.204 Thread 0x0000025347b39b70 Uncommon trap: reason=profile_predicate action=maybe_recompile pc=0x00000253324f4c78 method=com.google.common.base.Splitter$SplittingIterator.computeNext()Ljava/lang/String; @ 106 c2
Event: 353.204 Thread 0x0000025347b39b70 DEOPT PACKING pc=0x00000253324f4c78 sp=0x000000bc61cfa590
Event: 353.204 Thread 0x0000025347b39b70 DEOPT UNPACKING pc=0x00000253315d69a3 sp=0x000000bc61cfa550 mode 2
Event: 353.225 Thread 0x0000025347b39b70 Uncommon trap: trap_request=0xffffff45 fr.pc=0x00000253323cff7c relative=0x0000000000006b5c
Event: 353.225 Thread 0x0000025347b39b70 Uncommon trap: reason=unstable_if action=reinterpret pc=0x00000253323cff7c method=com.android.ide.common.resources.ResourceMerger.filterAccept(Lcom/android/ide/common/resources/ResourceMergerItem;)Z @ 4 c2
Event: 353.227 Thread 0x0000025347b39b70 DEOPT PACKING pc=0x00000253323cff7c sp=0x000000bc61cfac40
Event: 353.228 Thread 0x0000025347b39b70 DEOPT UNPACKING pc=0x00000253315d69a3 sp=0x000000bc61cfab50 mode 2

Classes unloaded (1 events):
Event: 142.083 Thread 0x00000253401397c0 Unloading class 0x0000000100d54400 'java/lang/invoke/LambdaForm$DMH+0x0000000100d54400'

Classes redefined (0 events):
No events

Internal exceptions (20 events):
Event: 230.980 Thread 0x00000253416165b0 Implicit null exception at 0x00000253323626d6 to 0x0000025332363e34
Event: 231.037 Thread 0x00000253416165b0 Implicit null exception at 0x0000025331d2358f to 0x0000025331d235dc
Event: 236.577 Thread 0x0000025341613f30 Implicit null exception at 0x0000025331b71d72 to 0x0000025331b72344
Event: 341.334 Thread 0x00000253436f6ad0 Implicit null exception at 0x0000025331d6319b to 0x0000025331d63480
Event: 343.843 Thread 0x00000253436f6ad0 Implicit null exception at 0x00000253322d17cf to 0x00000253322d2a28
Event: 346.499 Thread 0x00000253436f6ad0 Exception <a 'sun/nio/fs/WindowsException'{0x000000008c166318}> (0x000000008c166318) 
thrown [s\src\hotspot\share\prims\jni.cpp, line 517]
Event: 347.078 Thread 0x00000253436f6ad0 Exception <a 'java/lang/NoClassDefFoundError'{0x000000008bc080a0}: org/jetbrains/kotlin/gradle/plugin/KotlinBasePluginWrapper> (0x000000008bc080a0) 
thrown [s\src\hotspot\share\oops\constantPool.cpp, line 835]
Event: 347.078 Thread 0x00000253436f6ad0 Exception <a 'java/lang/NoClassDefFoundError'{0x000000008bc0a2f8}: org/jetbrains/kotlin/gradle/plugin/KotlinBasePluginWrapper> (0x000000008bc0a2f8) 
thrown [s\src\hotspot\share\oops\constantPool.cpp, line 835]
Event: 347.877 Thread 0x00000253436f6ad0 Exception <a 'sun/nio/fs/WindowsException'{0x000000008b87dc80}> (0x000000008b87dc80) 
thrown [s\src\hotspot\share\prims\jni.cpp, line 517]
Event: 347.970 Thread 0x00000253436f6ad0 Exception <a 'sun/nio/fs/WindowsException'{0x000000008b71bb80}> (0x000000008b71bb80) 
thrown [s\src\hotspot\share\prims\jni.cpp, line 517]
Event: 347.970 Thread 0x00000253436f6ad0 Exception <a 'sun/nio/fs/WindowsException'{0x000000008b71cf28}> (0x000000008b71cf28) 
thrown [s\src\hotspot\share\prims\jni.cpp, line 517]
Event: 347.970 Thread 0x00000253436f6ad0 Exception <a 'sun/nio/fs/WindowsException'{0x000000008b71e320}> (0x000000008b71e320) 
thrown [s\src\hotspot\share\prims\jni.cpp, line 517]
Event: 347.971 Thread 0x00000253436f6ad0 Exception <a 'sun/nio/fs/WindowsException'{0x000000008b71f718}> (0x000000008b71f718) 
thrown [s\src\hotspot\share\prims\jni.cpp, line 517]
Event: 348.184 Thread 0x0000025347b379c0 Exception <a 'sun/nio/fs/WindowsException'{0x000000008b4218a8}> (0x000000008b4218a8) 
thrown [s\src\hotspot\share\prims\jni.cpp, line 517]
Event: 351.974 Thread 0x0000025347b38360 Exception <a 'sun/nio/fs/WindowsException'{0x000000008a8b7ab8}> (0x000000008a8b7ab8) 
thrown [s\src\hotspot\share\prims\jni.cpp, line 517]
Event: 351.974 Thread 0x0000025347b38360 Exception <a 'sun/nio/fs/WindowsException'{0x000000008a8b8c50}> (0x000000008a8b8c50) 
thrown [s\src\hotspot\share\prims\jni.cpp, line 517]
Event: 352.003 Thread 0x0000025347b38360 Exception <a 'sun/nio/fs/WindowsException'{0x000000008a8ba908}> (0x000000008a8ba908) 
thrown [s\src\hotspot\share\prims\jni.cpp, line 517]
Event: 352.003 Thread 0x0000025347b38360 Exception <a 'sun/nio/fs/WindowsException'{0x000000008a8bad48}> (0x000000008a8bad48) 
thrown [s\src\hotspot\share\prims\jni.cpp, line 517]
Event: 352.223 Thread 0x0000025347b38360 Implicit null exception at 0x0000025332184913 to 0x0000025332186d18
Event: 353.225 Thread 0x0000025347b39b70 Implicit null exception at 0x00000253323ca91d to 0x00000253323cff50

VM Operations (20 events):
Event: 347.854 Executing VM operation: Cleanup done
Event: 348.867 Executing VM operation: Cleanup
Event: 348.867 Executing VM operation: Cleanup done
Event: 349.876 Executing VM operation: Cleanup
Event: 349.876 Executing VM operation: Cleanup done
Event: 350.721 Executing VM operation: G1CollectForAllocation
Event: 350.742 Executing VM operation: G1CollectForAllocation done
Event: 351.374 Executing VM operation: HandshakeAllThreads
Event: 351.374 Executing VM operation: HandshakeAllThreads done
Event: 351.709 Executing VM operation: HandshakeAllThreads
Event: 351.709 Executing VM operation: HandshakeAllThreads done
Event: 351.795 Executing VM operation: HandshakeAllThreads
Event: 351.820 Executing VM operation: HandshakeAllThreads done
Event: 351.820 Executing VM operation: Cleanup
Event: 351.824 Executing VM operation: Cleanup done
Event: 352.049 Executing VM operation: G1CollectForAllocation
Event: 352.087 Executing VM operation: G1CollectForAllocation done
Event: 352.727 Executing VM operation: G1TryInitiateConcMark
Event: 352.757 Executing VM operation: G1TryInitiateConcMark done
Event: 353.263 Executing VM operation: G1Concurrent

Events (20 events):
Event: 351.852 Thread 0x0000025340c1dab0 flushing nmethod 0x000002532b7cea10
Event: 351.852 Thread 0x0000025340c1dab0 flushing nmethod 0x000002532b7cef10
Event: 351.852 Thread 0x0000025340c1dab0 flushing nmethod 0x000002532b7d0290
Event: 351.852 Thread 0x0000025340c1dab0 flushing nmethod 0x000002532b7d0610
Event: 351.852 Thread 0x0000025340c1dab0 flushing nmethod 0x000002532b7d1910
Event: 351.852 Thread 0x0000025340c1dab0 flushing nmethod 0x000002532b7d2710
Event: 351.852 Thread 0x0000025340c1dab0 flushing nmethod 0x000002532b7d2e90
Event: 351.852 Thread 0x0000025340c1dab0 flushing nmethod 0x000002532b7d4010
Event: 351.852 Thread 0x0000025340c1dab0 flushing nmethod 0x000002532b7d4a10
Event: 351.852 Thread 0x0000025340c1dab0 flushing nmethod 0x000002532b7d6590
Event: 351.852 Thread 0x0000025340c1dab0 flushing nmethod 0x000002532b7d8090
Event: 351.852 Thread 0x0000025340c1dab0 flushing nmethod 0x000002532b7da290
Event: 351.852 Thread 0x0000025340c1dab0 flushing nmethod 0x000002532b7f3790
Event: 351.852 Thread 0x0000025340c1dab0 flushing nmethod 0x000002532b7f5910
Event: 351.852 Thread 0x0000025340c1dab0 flushing nmethod 0x000002532b843b90
Event: 351.852 Thread 0x0000025340c1dab0 flushing nmethod 0x000002532b844110
Event: 351.852 Thread 0x0000025340c1dab0 flushing nmethod 0x000002532b853b10
Event: 351.852 Thread 0x0000025340c1dab0 flushing nmethod 0x000002532b855290
Event: 351.852 Thread 0x0000025340c1dab0 flushing nmethod 0x000002532b85b090
Event: 353.170 Thread 0x0000025347b3c6c0 Thread added: 0x0000025347b3c6c0


Dynamic libraries:
0x00007ff7d77f0000 - 0x00007ff7d77fa000 	C:\Program Files\Android\Android Studio1\jbr\bin\java.exe
0x00007ffc52510000 - 0x00007ffc52708000 	C:\WINDOWS\SYSTEM32\ntdll.dll
0x00007ffc518b0000 - 0x00007ffc5196f000 	C:\WINDOWS\System32\KERNEL32.DLL
0x00007ffc50090000 - 0x00007ffc50386000 	C:\WINDOWS\System32\KERNELBASE.dll
0x00007ffc4ff90000 - 0x00007ffc50090000 	C:\WINDOWS\System32\ucrtbase.dll
0x00007ffc324f0000 - 0x00007ffc32507000 	C:\Program Files\Android\Android Studio1\jbr\bin\jli.dll
0x00007ffc440a0000 - 0x00007ffc440bb000 	C:\Program Files\Android\Android Studio1\jbr\bin\VCRUNTIME140.dll
0x00007ffc513a0000 - 0x00007ffc5153d000 	C:\WINDOWS\System32\USER32.dll
0x00007ffc504b0000 - 0x00007ffc504d2000 	C:\WINDOWS\System32\win32u.dll
0x00007ffc51270000 - 0x00007ffc5129c000 	C:\WINDOWS\System32\GDI32.dll
0x00007ffc38e00000 - 0x00007ffc3909a000 	C:\WINDOWS\WinSxS\amd64_microsoft.windows.common-controls_6595b64144ccf1df_6.0.19041.1110_none_60b5254171f9507e\COMCTL32.dll
0x00007ffc50390000 - 0x00007ffc504a5000 	C:\WINDOWS\System32\gdi32full.dll
0x00007ffc4fef0000 - 0x00007ffc4ff8d000 	C:\WINDOWS\System32\msvcp_win.dll
0x00007ffc51540000 - 0x00007ffc515de000 	C:\WINDOWS\System32\msvcrt.dll
0x00007ffc512a0000 - 0x00007ffc512d0000 	C:\WINDOWS\System32\IMM32.DLL
0x00007ffc48f50000 - 0x00007ffc48f5c000 	C:\Program Files\Android\Android Studio1\jbr\bin\vcruntime140_1.dll
0x00007ffc23120000 - 0x00007ffc231ad000 	C:\Program Files\Android\Android Studio1\jbr\bin\msvcp140.dll
0x00007ffbd2ee0000 - 0x00007ffbd3b4e000 	C:\Program Files\Android\Android Studio1\jbr\bin\server\jvm.dll
0x00007ffc50c40000 - 0x00007ffc50cef000 	C:\WINDOWS\System32\ADVAPI32.dll
0x00007ffc50ad0000 - 0x00007ffc50b6c000 	C:\WINDOWS\System32\sechost.dll
0x00007ffc52270000 - 0x00007ffc52396000 	C:\WINDOWS\System32\RPCRT4.dll
0x00007ffc49170000 - 0x00007ffc49197000 	C:\WINDOWS\SYSTEM32\WINMM.dll
0x00007ffc436d0000 - 0x00007ffc436da000 	C:\WINDOWS\SYSTEM32\VERSION.dll
0x00007ffc48fe0000 - 0x00007ffc48fe9000 	C:\WINDOWS\SYSTEM32\WSOCK32.dll
0x00007ffc51970000 - 0x00007ffc519db000 	C:\WINDOWS\System32\ws2_32.DLL
0x00007ffc4da90000 - 0x00007ffc4daa2000 	C:\WINDOWS\SYSTEM32\kernel.appcore.dll
0x00007ffc4b6b0000 - 0x00007ffc4b6ba000 	C:\Program Files\Android\Android Studio1\jbr\bin\jimage.dll
0x00007ffc40d60000 - 0x00007ffc40f44000 	C:\WINDOWS\SYSTEM32\DBGHELP.DLL
0x00007ffc40390000 - 0x00007ffc403c4000 	C:\WINDOWS\SYSTEM32\dbgcore.DLL
0x00007ffc504e0000 - 0x00007ffc50562000 	C:\WINDOWS\System32\bcryptPrimitives.dll
0x00007ffc48ea0000 - 0x00007ffc48ec5000 	C:\Program Files\Android\Android Studio1\jbr\bin\java.dll
0x00007ffc47f50000 - 0x00007ffc47f68000 	C:\Program Files\Android\Android Studio1\jbr\bin\zip.dll
0x00007ffc519f0000 - 0x00007ffc52134000 	C:\WINDOWS\System32\SHELL32.dll
0x00007ffc4dc90000 - 0x00007ffc4e423000 	C:\WINDOWS\SYSTEM32\windows.storage.dll
0x00007ffc50f10000 - 0x00007ffc51264000 	C:\WINDOWS\System32\combase.dll
0x00007ffc4f630000 - 0x00007ffc4f65e000 	C:\WINDOWS\SYSTEM32\Wldp.dll
0x00007ffc52140000 - 0x00007ffc521ed000 	C:\WINDOWS\System32\SHCORE.dll
0x00007ffc512d0000 - 0x00007ffc51325000 	C:\WINDOWS\System32\shlwapi.dll
0x00007ffc4fb20000 - 0x00007ffc4fb45000 	C:\WINDOWS\SYSTEM32\profapi.dll
0x00007ffc47f30000 - 0x00007ffc47f49000 	C:\Program Files\Android\Android Studio1\jbr\bin\net.dll
0x00007ffc43f90000 - 0x00007ffc4409a000 	C:\WINDOWS\SYSTEM32\WINHTTP.dll
0x00007ffc4f390000 - 0x00007ffc4f3fa000 	C:\WINDOWS\system32\mswsock.dll
0x00007ffc41d20000 - 0x00007ffc41d36000 	C:\Program Files\Android\Android Studio1\jbr\bin\nio.dll
0x00007ffc4a090000 - 0x00007ffc4a0a0000 	C:\Program Files\Android\Android Studio1\jbr\bin\verify.dll
0x00007ffc325c0000 - 0x00007ffc325e7000 	C:\Users\Bryan Russell\.gradle\native\68d5fa5c4cc2d200863cafc0d521ce42e7d3e7ee720ec0a83991735586a16f82\windows-amd64\native-platform.dll
0x00007ffc06e00000 - 0x00007ffc06f44000 	C:\Users\Bryan Russell\.gradle\native\e376f236ea51e6404a007f0833ffe2c6e607c4080706a723a18a27aeea778392\windows-amd64\native-platform-file-events.dll
0x00007ffc48c40000 - 0x00007ffc48c49000 	C:\Program Files\Android\Android Studio1\jbr\bin\management.dll
0x00007ffc48b20000 - 0x00007ffc48b2b000 	C:\Program Files\Android\Android Studio1\jbr\bin\management_ext.dll
0x00007ffc519e0000 - 0x00007ffc519e8000 	C:\WINDOWS\System32\PSAPI.DLL
0x00007ffc4f580000 - 0x00007ffc4f598000 	C:\WINDOWS\SYSTEM32\CRYPTSP.dll
0x00007ffc4ec30000 - 0x00007ffc4ec64000 	C:\WINDOWS\system32\rsaenh.dll
0x00007ffc4fec0000 - 0x00007ffc4fee7000 	C:\WINDOWS\System32\bcrypt.dll
0x00007ffc4fae0000 - 0x00007ffc4fb0e000 	C:\WINDOWS\SYSTEM32\USERENV.dll
0x00007ffc4f5a0000 - 0x00007ffc4f5ac000 	C:\WINDOWS\SYSTEM32\CRYPTBASE.dll
0x00007ffc4f030000 - 0x00007ffc4f06b000 	C:\WINDOWS\SYSTEM32\IPHLPAPI.DLL
0x00007ffc50f00000 - 0x00007ffc50f08000 	C:\WINDOWS\System32\NSI.dll
0x00007ffc43d90000 - 0x00007ffc43da7000 	C:\WINDOWS\SYSTEM32\dhcpcsvc6.DLL
0x00007ffc442d0000 - 0x00007ffc442ed000 	C:\WINDOWS\SYSTEM32\dhcpcsvc.DLL
0x00007ffc4f080000 - 0x00007ffc4f14a000 	C:\WINDOWS\SYSTEM32\DNSAPI.dll
0x00007ffc43d00000 - 0x00007ffc43d07000 	C:\WINDOWS\system32\wshunix.dll
0x00007ffc45020000 - 0x00007ffc4502a000 	C:\Windows\System32\rasadhlp.dll
0x00007ffc42e30000 - 0x00007ffc42eb2000 	C:\WINDOWS\System32\fwpuclnt.dll
0x00007ffc4ed50000 - 0x00007ffc4ed83000 	C:\WINDOWS\SYSTEM32\ntmarta.dll

dbghelp: loaded successfully - version: 4.0.5 - missing functions: none
symbol engine: initialized successfully - sym options: 0x614 - pdb path: .;C:\Program Files\Android\Android Studio1\jbr\bin;C:\WINDOWS\SYSTEM32;C:\WINDOWS\WinSxS\amd64_microsoft.windows.common-controls_6595b64144ccf1df_6.0.19041.1110_none_60b5254171f9507e;C:\Program Files\Android\Android Studio1\jbr\bin\server;C:\Users\Bryan Russell\.gradle\native\68d5fa5c4cc2d200863cafc0d521ce42e7d3e7ee720ec0a83991735586a16f82\windows-amd64;C:\Users\Bryan Russell\.gradle\native\e376f236ea51e6404a007f0833ffe2c6e607c4080706a723a18a27aeea778392\windows-amd64

VM Arguments:
jvm_args: --add-opens=java.base/java.util=ALL-UNNAMED --add-opens=java.base/java.lang=ALL-UNNAMED --add-opens=java.base/java.lang.invoke=ALL-UNNAMED --add-opens=java.prefs/java.util.prefs=ALL-UNNAMED --add-opens=java.base/java.nio.charset=ALL-UNNAMED --add-opens=java.base/java.net=ALL-UNNAMED --add-opens=java.base/java.util.concurrent.atomic=ALL-UNNAMED -Xmx2048m -Dfile.encoding=UTF-8 -Duser.country=US -Duser.language=en -Duser.variant 
java_command: org.gradle.launcher.daemon.bootstrap.GradleDaemon 8.0
java_class_path (initial): C:\Users\Bryan Russell\.gradle\wrapper\dists\gradle-8.0-bin\ca5e32bp14vu59qr306oxotwh\gradle-8.0\lib\gradle-launcher-8.0.jar
Launcher Type: SUN_STANDARD

[Global flags]
     intx CICompilerCount                          = 3                                         {product} {ergonomic}
     uint ConcGCThreads                            = 1                                         {product} {ergonomic}
     uint G1ConcRefinementThreads                  = 4                                         {product} {ergonomic}
   size_t G1HeapRegionSize                         = 1048576                                   {product} {ergonomic}
    uintx GCDrainStackTargetSize                   = 64                                        {product} {ergonomic}
   size_t InitialHeapSize                          = 134217728                                 {product} {ergonomic}
   size_t MarkStackSize                            = 4194304                                   {product} {ergonomic}
   size_t MaxHeapSize                              = 2147483648                                {product} {command line}
   size_t MaxNewSize                               = 1287651328                                {product} {ergonomic}
   size_t MinHeapDeltaBytes                        = 1048576                                   {product} {ergonomic}
   size_t MinHeapSize                              = 8388608                                   {product} {ergonomic}
    uintx NonNMethodCodeHeapSize                   = 5832780                                {pd product} {ergonomic}
    uintx NonProfiledCodeHeapSize                  = 122912730                              {pd product} {ergonomic}
    uintx ProfiledCodeHeapSize                     = 122912730                              {pd product} {ergonomic}
    uintx ReservedCodeCacheSize                    = 251658240                              {pd product} {ergonomic}
     bool SegmentedCodeCache                       = true                                      {product} {ergonomic}
   size_t SoftMaxHeapSize                          = 2147483648                             {manageable} {ergonomic}
     bool UseCompressedClassPointers               = true                           {product lp64_product} {ergonomic}
     bool UseCompressedOops                        = true                           {product lp64_product} {ergonomic}
     bool UseG1GC                                  = true                                      {product} {ergonomic}
     bool UseLargePagesIndividualAllocation        = false                                  {pd product} {ergonomic}

Logging:
Log output configuration:
 #0: stdout all=warning uptime,level,tags
 #1: stderr all=off uptime,level,tags

Environment Variables:
PATH=C:\Program Files\Common Files\Oracle\Java\javapath;C:\Program Files (x86)\Common Files\Oracle\Java\javapath;C:\WINDOWS\system32;C:\WINDOWS;C:\WINDOWS\System32\Wbem;C:\WINDOWS\System32\WindowsPowerShell\v1.0\;C:\WINDOWS\System32\OpenSSH\;C:\Program Files\nodejs\;C:\Users\Bryan Russell\.gradle;C:\Program Files\Git\cmd;C:\Users\Bryan Russell\AppData\Local\Microsoft\WindowsApps;C:\Users\Bryan Russell\AppData\Local\Programs\Microsoft VS Code\bin;C:\Users\Bryan Russell\AppData\Roaming\npm;C:\Users\Bryan Russell\flutter\bin;
USERNAME=Bryan Russell
OS=Windows_NT
PROCESSOR_IDENTIFIER=Intel64 Family 6 Model 69 Stepping 1, GenuineIntel
TMP=C:\Users\BRYANR~1\AppData\Local\Temp
TEMP=C:\Users\BRYANR~1\AppData\Local\Temp


JNI global refs:
JNI global refs: 26, weak refs: 3

JNI global refs memory usage: 843, weak refs: 841


---------------  S Y S T E M  ---------------

OS:
 Windows 10 , 64 bit Build 19041 (10.0.19041.3155)
OS uptime: 4 days 18:18 hours

CPU: total 4 (initial active 4) (2 cores per cpu, 2 threads per core) family 6 model 69 stepping 1 microcode 0x25, cx8, cmov, fxsr, ht, mmx, sse, sse2, sse3, ssse3, sse4.1, sse4.2, popcnt, lzcnt, tsc, tscinvbit, avx, avx2, aes, erms, clmul, bmi1, bmi2, fma, vzeroupper, clflush

Memory: 4k page, system-wide physical 8104M (389M free)
TotalPageFile size 12200M (AvailPageFile size 33M)
current process WorkingSet (physical memory assigned to process): 501M, peak: 506M
current process commit charge ("private bytes"): 525M, peak: 610M

vm_info: OpenJDK 64-Bit Server VM (17.0.6+0-b2043.56-10027231) for windows-amd64 JRE (17.0.6+0-b2043.56-10027231), built on Apr 28 2023 00:43:19 by "androidbuild" with MS VC++ 16.10 / 16.11 (VS2019)

END.
