#
# There is insufficient memory for the Java Runtime Environment to continue.
# Native memory allocation (mmap) failed to map 573571072 bytes for G1 virtual space
# Possible reasons:
#   The system is out of physical RAM or swap space
#   The process is running with CompressedOops enabled, and the Java Heap may be blocking the growth of the native heap
# Possible solutions:
#   Reduce memory load on the system
#   Increase physical memory or swap space
#   Check if swap backing store is full
#   Decrease Java heap size (-Xmx/-Xms)
#   Decrease number of Java threads
#   Decrease Java thread stack sizes (-Xss)
#   Set larger code cache with -XX:ReservedCodeCacheSize=
#   JVM is running with Unscaled Compressed Oops mode in which the Java heap is
#     placed in the first 4GB address space. The Java Heap base address is the
#     maximum limit for the native heap growth. Please use -XX:HeapBaseMinAddress
#     to set the Java Heap base and to place the Java Heap above 4GB virtual address.
# This output file may be truncated or incomplete.
#
#  Out of Memory Error (os_windows.cpp:3769), pid=620, tid=6156
#
# JRE version: OpenJDK Runtime Environment (17.0.6) (build 17.0.6+0-b2043.56-10027231)
# Java VM: OpenJDK 64-Bit Server VM (17.0.6+0-b2043.56-10027231, mixed mode, tiered, compressed oops, compressed class ptrs, g1 gc, windows-amd64)
# No core dump will be written. Minidumps are not enabled by default on client versions of Windows
#

---------------  S U M M A R Y ------------

Command Line: --add-opens=java.base/java.util=ALL-UNNAMED --add-opens=java.base/java.lang=ALL-UNNAMED --add-opens=java.base/java.lang.invoke=ALL-UNNAMED --add-opens=java.prefs/java.util.prefs=ALL-UNNAMED --add-opens=java.base/java.nio.charset=ALL-UNNAMED --add-opens=java.base/java.net=ALL-UNNAMED --add-opens=java.base/java.util.concurrent.atomic=ALL-UNNAMED -Xmx2048m -Dfile.encoding=UTF-8 -Duser.country=US -Duser.language=en -Duser.variant org.gradle.launcher.daemon.bootstrap.GradleDaemon 8.0

Host: Intel(R) Core(TM) i5-4200U CPU @ 1.60GHz, 4 cores, 7G,  Windows 10 , 64 bit Build 19041 (10.0.19041.3155)
Time: Wed Aug 23 17:43:51 2023 W. Central Africa Standard Time elapsed time: 5093.986668 seconds (0d 1h 24m 53s)

---------------  T H R E A D  ---------------

Current thread (0x000001dbfed953d0):  VMThread "VM Thread" [stack: 0x0000003179600000,0x0000003179700000] [id=6156]

Stack: [0x0000003179600000,0x0000003179700000]
Native frames: (J=compiled Java code, j=interpreted, Vv=VM code, C=native code)
V  [jvm.dll+0x683c9a]
V  [jvm.dll+0x8427a4]
V  [jvm.dll+0x843f9e]
V  [jvm.dll+0x844603]
V  [jvm.dll+0x249b75]
V  [jvm.dll+0x680b69]
V  [jvm.dll+0x67505a]
V  [jvm.dll+0x309acb]
V  [jvm.dll+0x310f86]
V  [jvm.dll+0x3608ee]
V  [jvm.dll+0x360b1f]
V  [jvm.dll+0x2dfbf8]
V  [jvm.dll+0x2ddec4]
V  [jvm.dll+0x2dd4cc]
V  [jvm.dll+0x321f3b]
V  [jvm.dll+0x848ccb]
V  [jvm.dll+0x849a04]
V  [jvm.dll+0x849f1d]
V  [jvm.dll+0x84a2f4]
V  [jvm.dll+0x84a3c0]
V  [jvm.dll+0x7f274a]
V  [jvm.dll+0x682ad5]
C  [ucrtbase.dll+0x21bb2]
C  [KERNEL32.DLL+0x17614]
C  [ntdll.dll+0x526b1]

VM_Operation (0x00000031003f4c40): G1CollectForAllocation, mode: safepoint, requested by thread 0x000001db96acf230


---------------  P R O C E S S  ---------------

Threads class SMR info:
_java_thread_list=0x000001db94955210, length=82, elements={
0x000001dbf28c8590, 0x000001dbfed9c400, 0x000001dbfedcf150, 0x000001dbfedee3d0,
0x000001dbff808470, 0x000001dbff8094d0, 0x000001dbff809d90, 0x000001dbff80a980,
0x000001dbff85dc20, 0x000001dbff878110, 0x000001dbff9c7020, 0x000001dbff9d3660,
0x000001db8fc85430, 0x000001db91246080, 0x000001db8f9cb8a0, 0x000001db8f668a00,
0x000001db8f6693a0, 0x000001db8f668ed0, 0x000001db8f6671f0, 0x000001db8f6676c0,
0x000001db8f666d20, 0x000001db8ffb48e0, 0x000001db8ffb7900, 0x000001db8ffb2c00,
0x000001db8ffb4db0, 0x000001db8ffb7dd0, 0x000001db8ffb4410, 0x000001db910af040,
0x000001db96acd080, 0x000001db956a0560, 0x000001db92e95890, 0x000001db96aced60,
0x000001db96acf230, 0x000001db92e93bb0, 0x000001db92e96700, 0x000001db92e96bd0,
0x000001dbffb62cc0, 0x000001dbffb60fe0, 0x000001db956a0a30, 0x000001db96ad0a40,
0x000001db96ace3c0, 0x000001db96acb870, 0x000001db956a0f00, 0x000001db99aee6a0,
0x000001db99aee1d0, 0x000001db99aeeb70, 0x000001db99aedd00, 0x000001db99aec4f0,
0x000001db99aef040, 0x000001db99aeb680, 0x000001db99aec9c0, 0x000001db99aebb50,
0x000001db99aed830, 0x000001db99aece90, 0x000001db99aec020, 0x000001db99aed360,
0x000001db96df0010, 0x000001db96defb40, 0x000001db96def1a0, 0x000001db96ded990,
0x000001db96deecd0, 0x000001dbffb627f0, 0x000001dbffb60170, 0x000001dbffb614b0,
0x000001dbffb60b10, 0x000001dbffb5f300, 0x000001db96dee330, 0x000001dbffb60640,
0x000001dbffb61980, 0x000001dbffb5f7d0, 0x000001dbffb5fca0, 0x000001db96def670,
0x000001db96df04e0, 0x000001db96ace890, 0x000001db97286870, 0x000001db97285a00,
0x000001db96decff0, 0x000001db96df09b0, 0x000001db96acc6e0, 0x000001db96ded4c0,
0x000001db96dee800, 0x000001db96dede60
}

Java Threads: ( => current thread )
  0x000001dbf28c8590 JavaThread "main" [_thread_blocked, id=1012, stack(0x0000003179000000,0x0000003179100000)]
  0x000001dbfed9c400 JavaThread "Reference Handler" daemon [_thread_blocked, id=14820, stack(0x0000003179700000,0x0000003179800000)]
  0x000001dbfedcf150 JavaThread "Finalizer" daemon [_thread_blocked, id=10508, stack(0x0000003179800000,0x0000003179900000)]
  0x000001dbfedee3d0 JavaThread "Signal Dispatcher" daemon [_thread_blocked, id=15960, stack(0x0000003179900000,0x0000003179a00000)]
  0x000001dbff808470 JavaThread "Attach Listener" daemon [_thread_blocked, id=12972, stack(0x0000003179a00000,0x0000003179b00000)]
  0x000001dbff8094d0 JavaThread "Service Thread" daemon [_thread_blocked, id=14936, stack(0x0000003179b00000,0x0000003179c00000)]
  0x000001dbff809d90 JavaThread "Monitor Deflation Thread" daemon [_thread_blocked, id=12196, stack(0x0000003179c00000,0x0000003179d00000)]
  0x000001dbff80a980 JavaThread "C2 CompilerThread0" daemon [_thread_blocked, id=7488, stack(0x0000003179d00000,0x0000003179e00000)]
  0x000001dbff85dc20 JavaThread "C1 CompilerThread0" daemon [_thread_blocked, id=14616, stack(0x0000003179e00000,0x0000003179f00000)]
  0x000001dbff878110 JavaThread "Sweeper thread" daemon [_thread_blocked, id=2832, stack(0x0000003179f00000,0x000000317a000000)]
  0x000001dbff9c7020 JavaThread "Common-Cleaner" daemon [_thread_blocked, id=10536, stack(0x000000317a000000,0x000000317a100000)]
  0x000001dbff9d3660 JavaThread "Notification Thread" daemon [_thread_blocked, id=4944, stack(0x000000317a100000,0x000000317a200000)]
  0x000001db8fc85430 JavaThread "Daemon health stats" [_thread_blocked, id=3108, stack(0x0000003178e00000,0x0000003178f00000)]
  0x000001db91246080 JavaThread "Incoming local TCP Connector on port 51133" [_thread_in_native, id=16548, stack(0x000000317a600000,0x000000317a700000)]
  0x000001db8f9cb8a0 JavaThread "Daemon periodic checks" [_thread_blocked, id=13148, stack(0x000000317a700000,0x000000317a800000)]
  0x000001db8f668a00 JavaThread "Cache worker for journal cache (C:\Users\Bryan Russell\.gradle\caches\journal-1)" [_thread_blocked, id=11296, stack(0x000000317af00000,0x000000317b000000)]
  0x000001db8f6693a0 JavaThread "File lock request listener" [_thread_in_native, id=13496, stack(0x000000317b000000,0x000000317b100000)]
  0x000001db8f668ed0 JavaThread "Cache worker for file hash cache (C:\Users\Bryan Russell\.gradle\caches\8.0\fileHashes)" [_thread_blocked, id=5172, stack(0x000000317b100000,0x000000317b200000)]
  0x000001db8f6671f0 JavaThread "File watcher server" daemon [_thread_blocked, id=15648, stack(0x000000317b200000,0x000000317b300000)]
  0x000001db8f6676c0 JavaThread "File watcher consumer" daemon [_thread_blocked, id=16788, stack(0x000000317b300000,0x000000317b400000)]
  0x000001db8f666d20 JavaThread "Cache worker for file content cache (C:\Users\Bryan Russell\.gradle\caches\8.0\fileContent)" [_thread_blocked, id=2044, stack(0x000000317b600000,0x000000317b700000)]
  0x000001db8ffb48e0 JavaThread "Cache worker for execution history cache (C:\Users\Bryan Russell\.gradle\caches\8.0\executionHistory)" [_thread_blocked, id=11280, stack(0x000000317bb00000,0x000000317bc00000)]
  0x000001db8ffb7900 JavaThread "jar transforms" [_thread_blocked, id=8128, stack(0x000000317bc00000,0x000000317bd00000)]
  0x000001db8ffb2c00 JavaThread "jar transforms Thread 2" [_thread_blocked, id=13196, stack(0x000000317bd00000,0x000000317be00000)]
  0x000001db8ffb4db0 JavaThread "Cache worker for kotlin-dsl (C:\Users\Bryan Russell\.gradle\caches\8.0\kotlin-dsl)" [_thread_blocked, id=16952, stack(0x000000317be00000,0x000000317bf00000)]
  0x000001db8ffb7dd0 JavaThread "jar transforms Thread 3" [_thread_blocked, id=4208, stack(0x000000317c000000,0x000000317c100000)]
  0x000001db8ffb4410 JavaThread "jar transforms Thread 4" [_thread_blocked, id=12344, stack(0x0000003178d00000,0x0000003178e00000)]
  0x000001db910af040 JavaThread "Memory manager" [_thread_blocked, id=10968, stack(0x000000317eb00000,0x000000317ec00000)]
  0x000001db96acd080 JavaThread "Cache worker for Java compile cache (C:\Users\Bryan Russell\.gradle\caches\8.0\javaCompile)" [_thread_blocked, id=5180, stack(0x000000317b800000,0x000000317b900000)]
  0x000001db956a0560 JavaThread "Daemon Thread 3" [_thread_blocked, id=15644, stack(0x0000003100000000,0x0000003100100000)]
  0x000001db92e95890 JavaThread "Handler for socket connection from /127.0.0.1:51133 to /127.0.0.1:51476" [_thread_in_native, id=11780, stack(0x0000003100100000,0x0000003100200000)]
  0x000001db96aced60 JavaThread "Cancel handler" [_thread_blocked, id=16136, stack(0x0000003100200000,0x0000003100300000)]
  0x000001db96acf230 JavaThread "Daemon worker Thread 3" [_thread_blocked, id=12888, stack(0x0000003100300000,0x0000003100400000)]
  0x000001db92e93bb0 JavaThread "Asynchronous log dispatcher for DefaultDaemonConnection: socket connection from /127.0.0.1:51133 to /127.0.0.1:51476" [_thread_blocked, id=16564, stack(0x0000003100400000,0x0000003100500000)]
  0x000001db92e96700 JavaThread "Stdin handler" [_thread_blocked, id=13984, stack(0x0000003100500000,0x0000003100600000)]
  0x000001db92e96bd0 JavaThread "Daemon client event forwarder" [_thread_blocked, id=1240, stack(0x0000003100600000,0x0000003100700000)]
  0x000001dbffb62cc0 JavaThread "Cache worker for checksums cache (C:\Users\Bryan Russell\AndroidStudioProjects\Oya\.gradle\8.0\checksums)" [_thread_blocked, id=2104, stack(0x0000003100700000,0x0000003100800000)]
  0x000001dbffb60fe0 JavaThread "Cache worker for cache directory md-rule (C:\Users\Bryan Russell\.gradle\caches\8.0\md-rule)" [_thread_blocked, id=2328, stack(0x0000003100800000,0x0000003100900000)]
  0x000001db956a0a30 JavaThread "Cache worker for file hash cache (C:\Users\Bryan Russell\AndroidStudioProjects\Oya\.gradle\8.0\fileHashes)" [_thread_blocked, id=11540, stack(0x0000003100900000,0x0000003100a00000)]
  0x000001db96ad0a40 JavaThread "Cache worker for cache directory md-supplier (C:\Users\Bryan Russell\.gradle\caches\8.0\md-supplier)" [_thread_blocked, id=12940, stack(0x0000003100a00000,0x0000003100b00000)]
  0x000001db96ace3c0 JavaThread "Cache worker for dependencies-accessors (C:\Users\Bryan Russell\AndroidStudioProjects\Oya\.gradle\8.0\dependencies-accessors)" [_thread_blocked, id=13008, stack(0x0000003100c00000,0x0000003100d00000)]
  0x000001db96acb870 JavaThread "Cache worker for Build Output Cleanup Cache (C:\Users\Bryan Russell\AndroidStudioProjects\Oya\.gradle\buildOutputCleanup)" [_thread_blocked, id=1448, stack(0x0000003100d00000,0x0000003100e00000)]
  0x000001db956a0f00 JavaThread "Unconstrained build operations" [_thread_blocked, id=15440, stack(0x0000003100b00000,0x0000003100c00000)]
  0x000001db99aee6a0 JavaThread "Unconstrained build operations Thread 2" [_thread_blocked, id=15344, stack(0x0000003100e00000,0x0000003100f00000)]
  0x000001db99aee1d0 JavaThread "Unconstrained build operations Thread 3" [_thread_blocked, id=2356, stack(0x0000003100f00000,0x0000003101000000)]
  0x000001db99aeeb70 JavaThread "Unconstrained build operations Thread 4" [_thread_blocked, id=16460, stack(0x0000003101000000,0x0000003101100000)]
  0x000001db99aedd00 JavaThread "Unconstrained build operations Thread 5" [_thread_blocked, id=4336, stack(0x0000003101100000,0x0000003101200000)]
  0x000001db99aec4f0 JavaThread "Unconstrained build operations Thread 6" [_thread_blocked, id=10284, stack(0x0000003101200000,0x0000003101300000)]
  0x000001db99aef040 JavaThread "Unconstrained build operations Thread 7" [_thread_blocked, id=16832, stack(0x0000003101300000,0x0000003101400000)]
  0x000001db99aeb680 JavaThread "Unconstrained build operations Thread 8" [_thread_blocked, id=9868, stack(0x0000003101400000,0x0000003101500000)]
  0x000001db99aec9c0 JavaThread "Unconstrained build operations Thread 9" [_thread_blocked, id=5056, stack(0x0000003101500000,0x0000003101600000)]
  0x000001db99aebb50 JavaThread "Unconstrained build operations Thread 10" [_thread_blocked, id=10152, stack(0x0000003101600000,0x0000003101700000)]
  0x000001db99aed830 JavaThread "Unconstrained build operations Thread 11" [_thread_blocked, id=17044, stack(0x0000003101700000,0x0000003101800000)]
  0x000001db99aece90 JavaThread "Unconstrained build operations Thread 12" [_thread_blocked, id=15592, stack(0x0000003101800000,0x0000003101900000)]
  0x000001db99aec020 JavaThread "Unconstrained build operations Thread 13" [_thread_blocked, id=6168, stack(0x0000003101900000,0x0000003101a00000)]
  0x000001db99aed360 JavaThread "Unconstrained build operations Thread 14" [_thread_blocked, id=13720, stack(0x0000003101a00000,0x0000003101b00000)]
  0x000001db96df0010 JavaThread "Unconstrained build operations Thread 15" [_thread_blocked, id=848, stack(0x0000003101b00000,0x0000003101c00000)]
  0x000001db96defb40 JavaThread "Unconstrained build operations Thread 16" [_thread_blocked, id=6468, stack(0x0000003101c00000,0x0000003101d00000)]
  0x000001db96def1a0 JavaThread "Unconstrained build operations Thread 17" [_thread_blocked, id=11832, stack(0x0000003101d00000,0x0000003101e00000)]
  0x000001db96ded990 JavaThread "Unconstrained build operations Thread 18" [_thread_blocked, id=17244, stack(0x0000003101e00000,0x0000003101f00000)]
  0x000001db96deecd0 JavaThread "Unconstrained build operations Thread 19" [_thread_blocked, id=15028, stack(0x0000003101f00000,0x0000003102000000)]
  0x000001dbffb627f0 JavaThread "Unconstrained build operations Thread 20" [_thread_blocked, id=13736, stack(0x0000003102000000,0x0000003102100000)]
  0x000001dbffb60170 JavaThread "Unconstrained build operations Thread 21" [_thread_blocked, id=15880, stack(0x0000003102100000,0x0000003102200000)]
  0x000001dbffb614b0 JavaThread "Unconstrained build operations Thread 22" [_thread_blocked, id=15904, stack(0x0000003102200000,0x0000003102300000)]
  0x000001dbffb60b10 JavaThread "Unconstrained build operations Thread 23" [_thread_blocked, id=12188, stack(0x0000003102300000,0x0000003102400000)]
  0x000001dbffb5f300 JavaThread "Unconstrained build operations Thread 24" [_thread_blocked, id=12256, stack(0x0000003102400000,0x0000003102500000)]
  0x000001db96dee330 JavaThread "Unconstrained build operations Thread 25" [_thread_blocked, id=2676, stack(0x0000003102500000,0x0000003102600000)]
  0x000001dbffb60640 JavaThread "Unconstrained build operations Thread 26" [_thread_blocked, id=14140, stack(0x0000003102600000,0x0000003102700000)]
  0x000001dbffb61980 JavaThread "Unconstrained build operations Thread 27" [_thread_blocked, id=15504, stack(0x0000003102700000,0x0000003102800000)]
  0x000001dbffb5f7d0 JavaThread "Unconstrained build operations Thread 28" [_thread_blocked, id=16644, stack(0x0000003102800000,0x0000003102900000)]
  0x000001dbffb5fca0 JavaThread "Unconstrained build operations Thread 29" [_thread_blocked, id=1456, stack(0x0000003102900000,0x0000003102a00000)]
  0x000001db96def670 JavaThread "Unconstrained build operations Thread 30" [_thread_blocked, id=8744, stack(0x0000003102a00000,0x0000003102b00000)]
  0x000001db96df04e0 JavaThread "Unconstrained build operations Thread 31" [_thread_blocked, id=3944, stack(0x0000003102b00000,0x0000003102c00000)]
  0x000001db96ace890 JavaThread "Unconstrained build operations Thread 32" [_thread_blocked, id=16696, stack(0x0000003102c00000,0x0000003102d00000)]
  0x000001db97286870 JavaThread "Unconstrained build operations Thread 33" [_thread_blocked, id=2004, stack(0x0000003102d00000,0x0000003102e00000)]
  0x000001db97285a00 JavaThread "Unconstrained build operations Thread 34" [_thread_blocked, id=15636, stack(0x0000003102e00000,0x0000003102f00000)]
  0x000001db96decff0 JavaThread "Unconstrained build operations Thread 35" [_thread_blocked, id=9776, stack(0x0000003102f00000,0x0000003103000000)]
  0x000001db96df09b0 JavaThread "Unconstrained build operations Thread 36" [_thread_blocked, id=16024, stack(0x0000003103000000,0x0000003103100000)]
  0x000001db96acc6e0 JavaThread "Unconstrained build operations Thread 37" [_thread_blocked, id=15856, stack(0x0000003103100000,0x0000003103200000)]
  0x000001db96ded4c0 JavaThread "Unconstrained build operations Thread 38" [_thread_blocked, id=13484, stack(0x0000003103200000,0x0000003103300000)]
  0x000001db96dee800 JavaThread "Unconstrained build operations Thread 39" [_thread_blocked, id=6832, stack(0x0000003103300000,0x0000003103400000)]
  0x000001db96dede60 JavaThread "Unconstrained build operations Thread 40" [_thread_blocked, id=6524, stack(0x0000003103400000,0x0000003103500000)]

Other Threads:
=>0x000001dbfed953d0 VMThread "VM Thread" [stack: 0x0000003179600000,0x0000003179700000] [id=6156]
  0x000001dbfed324e0 WatcherThread [stack: 0x000000317a200000,0x000000317a300000] [id=7000]
  0x000001dbf2926be0 GCTaskThread "GC Thread#0" [stack: 0x0000003179100000,0x0000003179200000] [id=11748]
  0x000001db8f3800e0 GCTaskThread "GC Thread#1" [stack: 0x000000317a300000,0x000000317a400000] [id=196]
  0x000001db8f380390 GCTaskThread "GC Thread#2" [stack: 0x000000317a400000,0x000000317a500000] [id=6808]
  0x000001db8fe28c10 GCTaskThread "GC Thread#3" [stack: 0x000000317a500000,0x000000317a600000] [id=13300]
  0x000001dbf2937a30 ConcurrentGCThread "G1 Main Marker" [stack: 0x0000003179200000,0x0000003179300000] [id=9820]
  0x000001dbf2938350 ConcurrentGCThread "G1 Conc#0" [stack: 0x0000003179300000,0x0000003179400000] [id=1712]
  0x000001dbf299e200 ConcurrentGCThread "G1 Refine#0" [stack: 0x0000003179400000,0x0000003179500000] [id=7848]
  0x000001db92caeca0 ConcurrentGCThread "G1 Refine#1" [stack: 0x000000317bf00000,0x000000317c000000] [id=10700]
  0x000001db916f1ee0 ConcurrentGCThread "G1 Refine#2" [stack: 0x000000317f200000,0x000000317f300000] [id=17268]
  0x000001db916f21c0 ConcurrentGCThread "G1 Refine#3" [stack: 0x000000317f300000,0x000000317f400000] [id=14796]
  0x000001dbf299eb30 ConcurrentGCThread "G1 Service" [stack: 0x0000003179500000,0x0000003179600000] [id=1376]

Threads with active compile tasks:

VM state: at safepoint (normal execution)

VM Mutex/Monitor currently owned by a thread:  ([mutex/lock_event])
[0x000001dbf28c3df0] Threads_lock - owner thread: 0x000001dbfed953d0
[0x000001dbf28c3bb0] Heap_lock - owner thread: 0x000001db96acf230

Heap address: 0x0000000080000000, size: 2048 MB, Compressed Oops mode: 32-bit

CDS archive(s) not mapped
Compressed class space mapped at: 0x0000000100000000-0x0000000140000000, reserved size: 1073741824
Narrow klass base: 0x0000000000000000, Narrow klass shift: 3, Narrow klass range: 0x140000000

GC Precious Log:
 CPUs: 4 total, 4 available
 Memory: 8104M
 Large Page Support: Disabled
 NUMA Support: Disabled
 Compressed Oops: Enabled (32-bit)
 Heap Region Size: 1M
 Heap Min Capacity: 8M
 Heap Initial Capacity: 128M
 Heap Max Capacity: 2G
 Pre-touch: Disabled
 Parallel Workers: 4
 Concurrent Workers: 1
 Concurrent Refinement Workers: 4
 Periodic GC: Disabled

Heap:
 garbage-first heap   total 311296K, used 185344K [0x0000000080000000, 0x0000000100000000)
  region size 1024K, 2 young (2048K), 2 survivors (2048K)
 Metaspace       used 144589K, committed 146176K, reserved 1179648K
  class space    used 19584K, committed 20224K, reserved 1048576K

Heap Regions: E=young(eden), S=young(survivor), O=old, HS=humongous(starts), HC=humongous(continues), CS=collection set, F=free, OA=open archive, CA=closed archive, TAMS=top-at-mark-start (previous, next)
|   0|0x0000000080000000, 0x0000000080100000, 0x0000000080100000|100%| O|  |TAMS 0x0000000080100000, 0x0000000080000000| Untracked 
|   1|0x0000000080100000, 0x0000000080200000, 0x0000000080200000|100%| O|  |TAMS 0x0000000080200000, 0x0000000080100000| Updating 
|   2|0x0000000080200000, 0x0000000080300000, 0x0000000080300000|100%|HS|  |TAMS 0x0000000080300000, 0x0000000080200000| Complete 
|   3|0x0000000080300000, 0x0000000080400000, 0x0000000080400000|100%|HC|  |TAMS 0x0000000080400000, 0x0000000080300000| Complete 
|   4|0x0000000080400000, 0x0000000080500000, 0x0000000080500000|100%|HC|  |TAMS 0x0000000080500000, 0x0000000080400000| Complete 
|   5|0x0000000080500000, 0x0000000080600000, 0x0000000080600000|100%|HC|  |TAMS 0x0000000080600000, 0x0000000080500000| Complete 
|   6|0x0000000080600000, 0x0000000080700000, 0x0000000080700000|100%| O|  |TAMS 0x0000000080700000, 0x0000000080600000| Updating 
|   7|0x0000000080700000, 0x0000000080800000, 0x0000000080800000|100%| O|  |TAMS 0x0000000080800000, 0x0000000080700000| Untracked 
|   8|0x0000000080800000, 0x0000000080900000, 0x0000000080900000|100%| O|  |TAMS 0x0000000080900000, 0x0000000080800000| Untracked 
|   9|0x0000000080900000, 0x0000000080a00000, 0x0000000080a00000|100%| O|  |TAMS 0x0000000080a00000, 0x0000000080900000| Untracked 
|  10|0x0000000080a00000, 0x0000000080b00000, 0x0000000080b00000|100%| O|  |TAMS 0x0000000080b00000, 0x0000000080a00000| Updating 
|  11|0x0000000080b00000, 0x0000000080c00000, 0x0000000080c00000|100%| O|  |TAMS 0x0000000080c00000, 0x0000000080b00000| Untracked 
|  12|0x0000000080c00000, 0x0000000080d00000, 0x0000000080d00000|100%| O|  |TAMS 0x0000000080d00000, 0x0000000080c00000| Updating 
|  13|0x0000000080d00000, 0x0000000080e00000, 0x0000000080e00000|100%| O|  |TAMS 0x0000000080e00000, 0x0000000080d00000| Untracked 
|  14|0x0000000080e00000, 0x0000000080f00000, 0x0000000080f00000|100%| O|  |TAMS 0x0000000080f00000, 0x0000000080e00000| Untracked 
|  15|0x0000000080f00000, 0x0000000081000000, 0x0000000081000000|100%| O|  |TAMS 0x0000000081000000, 0x0000000080f00000| Untracked 
|  16|0x0000000081000000, 0x0000000081100000, 0x0000000081100000|100%| O|  |TAMS 0x0000000081100000, 0x0000000081000000| Untracked 
|  17|0x0000000081100000, 0x0000000081200000, 0x0000000081200000|100%| O|  |TAMS 0x0000000081200000, 0x0000000081100000| Untracked 
|  18|0x0000000081200000, 0x0000000081300000, 0x0000000081300000|100%| O|  |TAMS 0x0000000081300000, 0x0000000081200000| Updating 
|  19|0x0000000081300000, 0x0000000081400000, 0x0000000081400000|100%| O|  |TAMS 0x0000000081400000, 0x0000000081300000| Updating 
|  20|0x0000000081400000, 0x0000000081500000, 0x0000000081500000|100%| O|  |TAMS 0x0000000081500000, 0x0000000081400000| Updating 
|  21|0x0000000081500000, 0x0000000081600000, 0x0000000081600000|100%| O|  |TAMS 0x0000000081600000, 0x0000000081500000| Updating 
|  22|0x0000000081600000, 0x0000000081700000, 0x0000000081700000|100%| O|  |TAMS 0x0000000081700000, 0x0000000081600000| Updating 
|  23|0x0000000081700000, 0x0000000081800000, 0x0000000081800000|100%| O|  |TAMS 0x0000000081800000, 0x0000000081700000| Updating 
|  24|0x0000000081800000, 0x0000000081900000, 0x0000000081900000|100%| O|  |TAMS 0x0000000081900000, 0x0000000081800000| Updating 
|  25|0x0000000081900000, 0x0000000081a00000, 0x0000000081a00000|100%| O|  |TAMS 0x0000000081a00000, 0x0000000081900000| Untracked 
|  26|0x0000000081a00000, 0x0000000081b00000, 0x0000000081b00000|100%| O|  |TAMS 0x0000000081b00000, 0x0000000081a00000| Updating 
|  27|0x0000000081b00000, 0x0000000081c00000, 0x0000000081c00000|100%| O|  |TAMS 0x0000000081c00000, 0x0000000081b00000| Updating 
|  28|0x0000000081c00000, 0x0000000081d00000, 0x0000000081d00000|100%| O|  |TAMS 0x0000000081d00000, 0x0000000081c00000| Updating 
|  29|0x0000000081d00000, 0x0000000081e00000, 0x0000000081e00000|100%| O|  |TAMS 0x0000000081e00000, 0x0000000081d00000| Updating 
|  30|0x0000000081e00000, 0x0000000081f00000, 0x0000000081f00000|100%| O|  |TAMS 0x0000000081f00000, 0x0000000081e00000| Updating 
|  31|0x0000000081f00000, 0x0000000082000000, 0x0000000082000000|100%| O|  |TAMS 0x0000000082000000, 0x0000000081f00000| Updating 
|  32|0x0000000082000000, 0x0000000082100000, 0x0000000082100000|100%| O|  |TAMS 0x0000000082100000, 0x0000000082000000| Updating 
|  33|0x0000000082100000, 0x0000000082200000, 0x0000000082200000|100%| O|  |TAMS 0x0000000082200000, 0x0000000082100000| Updating 
|  34|0x0000000082200000, 0x0000000082300000, 0x0000000082300000|100%| O|  |TAMS 0x0000000082300000, 0x0000000082200000| Untracked 
|  35|0x0000000082300000, 0x0000000082400000, 0x0000000082400000|100%| O|  |TAMS 0x0000000082400000, 0x0000000082300000| Updating 
|  36|0x0000000082400000, 0x0000000082500000, 0x0000000082500000|100%| O|  |TAMS 0x0000000082500000, 0x0000000082400000| Untracked 
|  37|0x0000000082500000, 0x0000000082600000, 0x0000000082600000|100%|HS|  |TAMS 0x0000000082600000, 0x0000000082500000| Complete 
|  38|0x0000000082600000, 0x0000000082700000, 0x0000000082700000|100%|HS|  |TAMS 0x0000000082700000, 0x0000000082600000| Complete 
|  39|0x0000000082700000, 0x0000000082800000, 0x0000000082800000|100%|HS|  |TAMS 0x0000000082800000, 0x0000000082700000| Complete 
|  40|0x0000000082800000, 0x0000000082900000, 0x0000000082900000|100%| O|  |TAMS 0x0000000082900000, 0x0000000082800000| Untracked 
|  41|0x0000000082900000, 0x0000000082a00000, 0x0000000082a00000|100%| O|  |TAMS 0x0000000082a00000, 0x0000000082900000| Untracked 
|  42|0x0000000082a00000, 0x0000000082b00000, 0x0000000082b00000|100%| O|  |TAMS 0x0000000082b00000, 0x0000000082a00000| Untracked 
|  43|0x0000000082b00000, 0x0000000082c00000, 0x0000000082c00000|100%| O|  |TAMS 0x0000000082c00000, 0x0000000082b00000| Updating 
|  44|0x0000000082c00000, 0x0000000082d00000, 0x0000000082d00000|100%| O|  |TAMS 0x0000000082d00000, 0x0000000082c00000| Untracked 
|  45|0x0000000082d00000, 0x0000000082e00000, 0x0000000082e00000|100%| O|  |TAMS 0x0000000082e00000, 0x0000000082d00000| Untracked 
|  46|0x0000000082e00000, 0x0000000082f00000, 0x0000000082f00000|100%| O|  |TAMS 0x0000000082f00000, 0x0000000082e00000| Untracked 
|  47|0x0000000082f00000, 0x0000000083000000, 0x0000000083000000|100%| O|  |TAMS 0x0000000083000000, 0x0000000082f00000| Updating 
|  48|0x0000000083000000, 0x0000000083100000, 0x0000000083100000|100%| O|  |TAMS 0x0000000083100000, 0x0000000083000000| Updating 
|  49|0x0000000083100000, 0x0000000083200000, 0x0000000083200000|100%| O|  |TAMS 0x0000000083200000, 0x0000000083100000| Updating 
|  50|0x0000000083200000, 0x0000000083300000, 0x0000000083300000|100%| O|  |TAMS 0x0000000083300000, 0x0000000083200000| Updating 
|  51|0x0000000083300000, 0x0000000083400000, 0x0000000083400000|100%| O|  |TAMS 0x0000000083400000, 0x0000000083300000| Updating 
|  52|0x0000000083400000, 0x0000000083500000, 0x0000000083500000|100%| O|  |TAMS 0x0000000083500000, 0x0000000083400000| Untracked 
|  53|0x0000000083500000, 0x0000000083600000, 0x0000000083600000|100%| O|  |TAMS 0x0000000083600000, 0x0000000083500000| Updating 
|  54|0x0000000083600000, 0x0000000083700000, 0x0000000083700000|100%| O|  |TAMS 0x0000000083700000, 0x0000000083600000| Updating 
|  55|0x0000000083700000, 0x0000000083800000, 0x0000000083800000|100%| O|  |TAMS 0x0000000083800000, 0x0000000083700000| Updating 
|  56|0x0000000083800000, 0x0000000083900000, 0x0000000083900000|100%| O|  |TAMS 0x0000000083900000, 0x0000000083800000| Updating 
|  57|0x0000000083900000, 0x0000000083a00000, 0x0000000083a00000|100%| O|  |TAMS 0x0000000083a00000, 0x0000000083900000| Updating 
|  58|0x0000000083a00000, 0x0000000083b00000, 0x0000000083b00000|100%| O|  |TAMS 0x0000000083b00000, 0x0000000083a00000| Updating 
|  59|0x0000000083b00000, 0x0000000083c00000, 0x0000000083c00000|100%| O|  |TAMS 0x0000000083c00000, 0x0000000083b00000| Updating 
|  60|0x0000000083c00000, 0x0000000083d00000, 0x0000000083d00000|100%| O|  |TAMS 0x0000000083d00000, 0x0000000083c00000| Updating 
|  61|0x0000000083d00000, 0x0000000083e00000, 0x0000000083e00000|100%| O|  |TAMS 0x0000000083e00000, 0x0000000083d00000| Updating 
|  62|0x0000000083e00000, 0x0000000083f00000, 0x0000000083f00000|100%| O|  |TAMS 0x0000000083f00000, 0x0000000083e00000| Updating 
|  63|0x0000000083f00000, 0x0000000084000000, 0x0000000084000000|100%| O|  |TAMS 0x0000000084000000, 0x0000000083f00000| Updating 
|  64|0x0000000084000000, 0x0000000084100000, 0x0000000084100000|100%| O|  |TAMS 0x0000000084100000, 0x0000000084000000| Updating 
|  65|0x0000000084100000, 0x0000000084200000, 0x0000000084200000|100%| O|  |TAMS 0x0000000084200000, 0x0000000084100000| Updating 
|  66|0x0000000084200000, 0x0000000084300000, 0x0000000084300000|100%| O|  |TAMS 0x0000000084300000, 0x0000000084200000| Updating 
|  67|0x0000000084300000, 0x0000000084400000, 0x0000000084400000|100%| O|  |TAMS 0x0000000084400000, 0x0000000084300000| Updating 
|  68|0x0000000084400000, 0x0000000084500000, 0x0000000084500000|100%| O|  |TAMS 0x0000000084500000, 0x0000000084400000| Updating 
|  69|0x0000000084500000, 0x0000000084600000, 0x0000000084600000|100%| O|  |TAMS 0x0000000084600000, 0x0000000084500000| Updating 
|  70|0x0000000084600000, 0x0000000084700000, 0x0000000084700000|100%| O|  |TAMS 0x0000000084700000, 0x0000000084600000| Updating 
|  71|0x0000000084700000, 0x0000000084800000, 0x0000000084800000|100%| O|  |TAMS 0x0000000084800000, 0x0000000084700000| Updating 
|  72|0x0000000084800000, 0x0000000084900000, 0x0000000084900000|100%| O|  |TAMS 0x0000000084900000, 0x0000000084800000| Updating 
|  73|0x0000000084900000, 0x0000000084a00000, 0x0000000084a00000|100%| O|  |TAMS 0x0000000084a00000, 0x0000000084900000| Updating 
|  74|0x0000000084a00000, 0x0000000084b00000, 0x0000000084b00000|100%| O|  |TAMS 0x0000000084b00000, 0x0000000084a00000| Updating 
|  75|0x0000000084b00000, 0x0000000084c00000, 0x0000000084c00000|100%| O|  |TAMS 0x0000000084c00000, 0x0000000084b00000| Updating 
|  76|0x0000000084c00000, 0x0000000084d00000, 0x0000000084d00000|100%| O|  |TAMS 0x0000000084d00000, 0x0000000084c00000| Updating 
|  77|0x0000000084d00000, 0x0000000084e00000, 0x0000000084e00000|100%| O|  |TAMS 0x0000000084d00000, 0x0000000084d00000| Untracked 
|  78|0x0000000084e00000, 0x0000000084f00000, 0x0000000084f00000|100%| O|  |TAMS 0x0000000084f00000, 0x0000000084e00000| Updating 
|  79|0x0000000084f00000, 0x0000000085000000, 0x0000000085000000|100%| O|  |TAMS 0x0000000085000000, 0x0000000084f00000| Updating 
|  80|0x0000000085000000, 0x0000000085100000, 0x0000000085100000|100%| O|  |TAMS 0x0000000085000000, 0x0000000085000000| Untracked 
|  81|0x0000000085100000, 0x0000000085200000, 0x0000000085200000|100%| O|  |TAMS 0x0000000085100000, 0x0000000085100000| Untracked 
|  82|0x0000000085200000, 0x0000000085300000, 0x0000000085300000|100%|HS|  |TAMS 0x0000000085300000, 0x0000000085200000| Complete 
|  83|0x0000000085300000, 0x0000000085400000, 0x0000000085400000|100%|HC|  |TAMS 0x0000000085400000, 0x0000000085300000| Complete 
|  84|0x0000000085400000, 0x0000000085400000, 0x0000000085500000|  0%| F|  |TAMS 0x0000000085400000, 0x0000000085400000| Untracked 
|  85|0x0000000085500000, 0x0000000085600000, 0x0000000085600000|100%|HS|  |TAMS 0x0000000085600000, 0x0000000085500000| Complete 
|  86|0x0000000085600000, 0x0000000085700000, 0x0000000085700000|100%|HC|  |TAMS 0x0000000085700000, 0x0000000085600000| Complete 
|  87|0x0000000085700000, 0x0000000085800000, 0x0000000085800000|100%| O|  |TAMS 0x0000000085800000, 0x0000000085700000| Updating 
|  88|0x0000000085800000, 0x0000000085800000, 0x0000000085900000|  0%| F|  |TAMS 0x0000000085800000, 0x0000000085800000| Untracked 
|  89|0x0000000085900000, 0x0000000085900000, 0x0000000085a00000|  0%| F|  |TAMS 0x0000000085900000, 0x0000000085900000| Untracked 
|  90|0x0000000085a00000, 0x0000000085b00000, 0x0000000085b00000|100%| O|  |TAMS 0x0000000085b00000, 0x0000000085a00000| Untracked 
|  91|0x0000000085b00000, 0x0000000085b00000, 0x0000000085c00000|  0%| F|  |TAMS 0x0000000085b00000, 0x0000000085b00000| Untracked 
|  92|0x0000000085c00000, 0x0000000085d00000, 0x0000000085d00000|100%| O|  |TAMS 0x0000000085d00000, 0x0000000085c00000| Updating 
|  93|0x0000000085d00000, 0x0000000085d00000, 0x0000000085e00000|  0%| F|  |TAMS 0x0000000085d00000, 0x0000000085d00000| Untracked 
|  94|0x0000000085e00000, 0x0000000085f00000, 0x0000000085f00000|100%| O|  |TAMS 0x0000000085f00000, 0x0000000085e00000| Updating 
|  95|0x0000000085f00000, 0x0000000086000000, 0x0000000086000000|100%| O|  |TAMS 0x0000000086000000, 0x0000000085f00000| Updating 
|  96|0x0000000086000000, 0x0000000086100000, 0x0000000086100000|100%| O|  |TAMS 0x0000000086100000, 0x0000000086000000| Updating 
|  97|0x0000000086100000, 0x0000000086200000, 0x0000000086200000|100%| O|  |TAMS 0x0000000086200000, 0x0000000086100000| Untracked 
|  98|0x0000000086200000, 0x0000000086300000, 0x0000000086300000|100%| O|  |TAMS 0x0000000086300000, 0x0000000086200000| Updating 
|  99|0x0000000086300000, 0x0000000086400000, 0x0000000086400000|100%| O|  |TAMS 0x0000000086400000, 0x0000000086300000| Updating 
| 100|0x0000000086400000, 0x0000000086500000, 0x0000000086500000|100%| O|  |TAMS 0x0000000086500000, 0x0000000086400000| Updating 
| 101|0x0000000086500000, 0x0000000086600000, 0x0000000086600000|100%| O|  |TAMS 0x0000000086600000, 0x0000000086500000| Updating 
| 102|0x0000000086600000, 0x0000000086600000, 0x0000000086700000|  0%| F|  |TAMS 0x0000000086600000, 0x0000000086600000| Untracked 
| 103|0x0000000086700000, 0x0000000086800000, 0x0000000086800000|100%| O|  |TAMS 0x0000000086800000, 0x0000000086700000| Updating 
| 104|0x0000000086800000, 0x0000000086900000, 0x0000000086900000|100%| O|  |TAMS 0x0000000086900000, 0x0000000086800000| Updating 
| 105|0x0000000086900000, 0x0000000086a00000, 0x0000000086a00000|100%| O|  |TAMS 0x0000000086a00000, 0x0000000086900000| Updating 
| 106|0x0000000086a00000, 0x0000000086b00000, 0x0000000086b00000|100%| O|  |TAMS 0x0000000086b00000, 0x0000000086a00000| Updating 
| 107|0x0000000086b00000, 0x0000000086c00000, 0x0000000086c00000|100%| O|  |TAMS 0x0000000086c00000, 0x0000000086b00000| Updating 
| 108|0x0000000086c00000, 0x0000000086d00000, 0x0000000086d00000|100%| O|  |TAMS 0x0000000086d00000, 0x0000000086c00000| Updating 
| 109|0x0000000086d00000, 0x0000000086e00000, 0x0000000086e00000|100%| O|  |TAMS 0x0000000086e00000, 0x0000000086d00000| Updating 
| 110|0x0000000086e00000, 0x0000000086f00000, 0x0000000086f00000|100%| O|  |TAMS 0x0000000086f00000, 0x0000000086e00000| Updating 
| 111|0x0000000086f00000, 0x0000000086f00000, 0x0000000087000000|  0%| F|  |TAMS 0x0000000086f00000, 0x0000000086f00000| Untracked 
| 112|0x0000000087000000, 0x0000000087000000, 0x0000000087100000|  0%| F|  |TAMS 0x0000000087000000, 0x0000000087000000| Untracked 
| 113|0x0000000087100000, 0x0000000087100000, 0x0000000087200000|  0%| F|  |TAMS 0x0000000087100000, 0x0000000087100000| Untracked 
| 114|0x0000000087200000, 0x0000000087300000, 0x0000000087300000|100%| O|  |TAMS 0x0000000087300000, 0x0000000087200000| Updating 
| 115|0x0000000087300000, 0x0000000087400000, 0x0000000087400000|100%| O|  |TAMS 0x0000000087400000, 0x0000000087300000| Updating 
| 116|0x0000000087400000, 0x0000000087500000, 0x0000000087500000|100%| O|  |TAMS 0x0000000087500000, 0x0000000087400000| Updating 
| 117|0x0000000087500000, 0x0000000087600000, 0x0000000087600000|100%| O|  |TAMS 0x0000000087600000, 0x0000000087500000| Updating 
| 118|0x0000000087600000, 0x0000000087700000, 0x0000000087700000|100%| O|  |TAMS 0x0000000087700000, 0x0000000087600000| Updating 
| 119|0x0000000087700000, 0x0000000087800000, 0x0000000087800000|100%| O|  |TAMS 0x0000000087800000, 0x0000000087700000| Untracked 
| 120|0x0000000087800000, 0x0000000087900000, 0x0000000087900000|100%| O|  |TAMS 0x0000000087900000, 0x0000000087800000| Updating 
| 121|0x0000000087900000, 0x0000000087a00000, 0x0000000087a00000|100%| O|  |TAMS 0x0000000087a00000, 0x0000000087900000| Updating 
| 122|0x0000000087a00000, 0x0000000087b00000, 0x0000000087b00000|100%| O|  |TAMS 0x0000000087b00000, 0x0000000087a00000| Updating 
| 123|0x0000000087b00000, 0x0000000087b00000, 0x0000000087c00000|  0%| F|  |TAMS 0x0000000087b00000, 0x0000000087b00000| Untracked 
| 124|0x0000000087c00000, 0x0000000087d00000, 0x0000000087d00000|100%| O|  |TAMS 0x0000000087d00000, 0x0000000087c00000| Updating 
| 125|0x0000000087d00000, 0x0000000087e00000, 0x0000000087e00000|100%| O|  |TAMS 0x0000000087e00000, 0x0000000087d00000| Updating 
| 126|0x0000000087e00000, 0x0000000087f00000, 0x0000000087f00000|100%| O|  |TAMS 0x0000000087f00000, 0x0000000087e00000| Updating 
| 127|0x0000000087f00000, 0x0000000088000000, 0x0000000088000000|100%| O|  |TAMS 0x0000000088000000, 0x0000000087f00000| Updating 
| 128|0x0000000088000000, 0x0000000088100000, 0x0000000088100000|100%| O|  |TAMS 0x0000000088100000, 0x0000000088000000| Updating 
| 129|0x0000000088100000, 0x0000000088200000, 0x0000000088200000|100%| O|  |TAMS 0x0000000088200000, 0x0000000088100000| Updating 
| 130|0x0000000088200000, 0x0000000088300000, 0x0000000088300000|100%| O|  |TAMS 0x0000000088300000, 0x0000000088200000| Updating 
| 131|0x0000000088300000, 0x0000000088400000, 0x0000000088400000|100%| O|  |TAMS 0x0000000088400000, 0x0000000088300000| Updating 
| 132|0x0000000088400000, 0x0000000088500000, 0x0000000088500000|100%| O|  |TAMS 0x0000000088500000, 0x0000000088400000| Updating 
| 133|0x0000000088500000, 0x0000000088600000, 0x0000000088600000|100%|HS|  |TAMS 0x0000000088600000, 0x0000000088500000| Complete 
| 134|0x0000000088600000, 0x0000000088700000, 0x0000000088700000|100%|HC|  |TAMS 0x0000000088700000, 0x0000000088600000| Complete 
| 135|0x0000000088700000, 0x0000000088800000, 0x0000000088800000|100%|HC|  |TAMS 0x0000000088800000, 0x0000000088700000| Complete 
| 136|0x0000000088800000, 0x0000000088900000, 0x0000000088900000|100%|HS|  |TAMS 0x0000000088900000, 0x0000000088800000| Complete 
| 137|0x0000000088900000, 0x0000000088a00000, 0x0000000088a00000|100%|HC|  |TAMS 0x0000000088a00000, 0x0000000088900000| Complete 
| 138|0x0000000088a00000, 0x0000000088b00000, 0x0000000088b00000|100%|HC|  |TAMS 0x0000000088b00000, 0x0000000088a00000| Complete 
| 139|0x0000000088b00000, 0x0000000088c00000, 0x0000000088c00000|100%| O|  |TAMS 0x0000000088c00000, 0x0000000088b00000| Updating 
| 140|0x0000000088c00000, 0x0000000088d00000, 0x0000000088d00000|100%| O|  |TAMS 0x0000000088d00000, 0x0000000088c00000| Updating 
| 141|0x0000000088d00000, 0x0000000088e00000, 0x0000000088e00000|100%| O|  |TAMS 0x0000000088e00000, 0x0000000088d00000| Updating 
| 142|0x0000000088e00000, 0x0000000088f00000, 0x0000000088f00000|100%| O|  |TAMS 0x0000000088f00000, 0x0000000088e00000| Updating 
| 143|0x0000000088f00000, 0x0000000089000000, 0x0000000089000000|100%| O|  |TAMS 0x0000000089000000, 0x0000000088f00000| Updating 
| 144|0x0000000089000000, 0x0000000089100000, 0x0000000089100000|100%| O|  |TAMS 0x0000000089100000, 0x0000000089000000| Updating 
| 145|0x0000000089100000, 0x0000000089200000, 0x0000000089200000|100%| O|  |TAMS 0x0000000089200000, 0x0000000089100000| Updating 
| 146|0x0000000089200000, 0x0000000089300000, 0x0000000089300000|100%|HS|  |TAMS 0x0000000089300000, 0x0000000089200000| Complete 
| 147|0x0000000089300000, 0x0000000089400000, 0x0000000089400000|100%|HC|  |TAMS 0x0000000089400000, 0x0000000089300000| Complete 
| 148|0x0000000089400000, 0x0000000089500000, 0x0000000089500000|100%|HC|  |TAMS 0x0000000089500000, 0x0000000089400000| Complete 
| 149|0x0000000089500000, 0x0000000089600000, 0x0000000089600000|100%|HC|  |TAMS 0x0000000089600000, 0x0000000089500000| Complete 
| 150|0x0000000089600000, 0x0000000089700000, 0x0000000089700000|100%|HC|  |TAMS 0x0000000089700000, 0x0000000089600000| Complete 
| 151|0x0000000089700000, 0x0000000089800000, 0x0000000089800000|100%|HC|  |TAMS 0x0000000089800000, 0x0000000089700000| Complete 
| 152|0x0000000089800000, 0x0000000089900000, 0x0000000089900000|100%|HC|  |TAMS 0x0000000089900000, 0x0000000089800000| Complete 
| 153|0x0000000089900000, 0x0000000089a00000, 0x0000000089a00000|100%|HC|  |TAMS 0x0000000089a00000, 0x0000000089900000| Complete 
| 154|0x0000000089a00000, 0x0000000089b00000, 0x0000000089b00000|100%|HC|  |TAMS 0x0000000089b00000, 0x0000000089a00000| Complete 
| 155|0x0000000089b00000, 0x0000000089c00000, 0x0000000089c00000|100%|HC|  |TAMS 0x0000000089c00000, 0x0000000089b00000| Complete 
| 156|0x0000000089c00000, 0x0000000089d00000, 0x0000000089d00000|100%|HC|  |TAMS 0x0000000089d00000, 0x0000000089c00000| Complete 
| 157|0x0000000089d00000, 0x0000000089e00000, 0x0000000089e00000|100%|HC|  |TAMS 0x0000000089e00000, 0x0000000089d00000| Complete 
| 158|0x0000000089e00000, 0x0000000089f00000, 0x0000000089f00000|100%|HS|  |TAMS 0x0000000089f00000, 0x0000000089e00000| Complete 
| 159|0x0000000089f00000, 0x000000008a000000, 0x000000008a000000|100%|HC|  |TAMS 0x000000008a000000, 0x0000000089f00000| Complete 
| 160|0x000000008a000000, 0x000000008a100000, 0x000000008a100000|100%|HC|  |TAMS 0x000000008a100000, 0x000000008a000000| Complete 
| 161|0x000000008a100000, 0x000000008a200000, 0x000000008a200000|100%|HS|  |TAMS 0x000000008a200000, 0x000000008a100000| Complete 
| 162|0x000000008a200000, 0x000000008a300000, 0x000000008a300000|100%|HC|  |TAMS 0x000000008a300000, 0x000000008a200000| Complete 
| 163|0x000000008a300000, 0x000000008a400000, 0x000000008a400000|100%|HC|  |TAMS 0x000000008a400000, 0x000000008a300000| Complete 
| 164|0x000000008a400000, 0x000000008a500000, 0x000000008a500000|100%| O|  |TAMS 0x000000008a500000, 0x000000008a400000| Untracked 
| 165|0x000000008a500000, 0x000000008a600000, 0x000000008a600000|100%| O|  |TAMS 0x000000008a600000, 0x000000008a500000| Untracked 
| 166|0x000000008a600000, 0x000000008a700000, 0x000000008a700000|100%| O|  |TAMS 0x000000008a700000, 0x000000008a600000| Untracked 
| 167|0x000000008a700000, 0x000000008a800000, 0x000000008a800000|100%| O|  |TAMS 0x000000008a800000, 0x000000008a700000| Untracked 
| 168|0x000000008a800000, 0x000000008a900000, 0x000000008a900000|100%| O|  |TAMS 0x000000008a900000, 0x000000008a800000| Untracked 
| 169|0x000000008a900000, 0x000000008aa00000, 0x000000008aa00000|100%| O|  |TAMS 0x000000008aa00000, 0x000000008a900000| Untracked 
| 170|0x000000008aa00000, 0x000000008ab00000, 0x000000008ab00000|100%| O|  |TAMS 0x000000008ab00000, 0x000000008aa00000| Untracked 
| 171|0x000000008ab00000, 0x000000008ac00000, 0x000000008ac00000|100%| O|  |TAMS 0x000000008ac00000, 0x000000008ab00000| Untracked 
| 172|0x000000008ac00000, 0x000000008ad00000, 0x000000008ad00000|100%| O|  |TAMS 0x000000008ad00000, 0x000000008ac00000| Updating 
| 173|0x000000008ad00000, 0x000000008ae00000, 0x000000008ae00000|100%|HS|  |TAMS 0x000000008ae00000, 0x000000008ad00000| Complete 
| 174|0x000000008ae00000, 0x000000008af00000, 0x000000008af00000|100%|HC|  |TAMS 0x000000008af00000, 0x000000008ae00000| Complete 
| 175|0x000000008af00000, 0x000000008b000000, 0x000000008b000000|100%|HC|  |TAMS 0x000000008b000000, 0x000000008af00000| Complete 
| 176|0x000000008b000000, 0x000000008b100000, 0x000000008b100000|100%|HC|  |TAMS 0x000000008b100000, 0x000000008b000000| Complete 
| 177|0x000000008b100000, 0x000000008b200000, 0x000000008b200000|100%| O|  |TAMS 0x000000008b200000, 0x000000008b100000| Untracked 
| 178|0x000000008b200000, 0x000000008b300000, 0x000000008b300000|100%| O|  |TAMS 0x000000008b300000, 0x000000008b200000| Untracked 
| 179|0x000000008b300000, 0x000000008b300000, 0x000000008b400000|  0%| F|  |TAMS 0x000000008b300000, 0x000000008b300000| Untracked 
| 180|0x000000008b400000, 0x000000008b400000, 0x000000008b500000|  0%| F|  |TAMS 0x000000008b400000, 0x000000008b400000| Untracked 
| 181|0x000000008b500000, 0x000000008b500000, 0x000000008b600000|  0%| F|  |TAMS 0x000000008b500000, 0x000000008b500000| Untracked 
| 182|0x000000008b600000, 0x000000008b600000, 0x000000008b700000|  0%| F|  |TAMS 0x000000008b600000, 0x000000008b600000| Untracked 
| 183|0x000000008b700000, 0x000000008b700000, 0x000000008b800000|  0%| F|  |TAMS 0x000000008b700000, 0x000000008b700000| Untracked 
| 184|0x000000008b800000, 0x000000008b800000, 0x000000008b900000|  0%| F|  |TAMS 0x000000008b800000, 0x000000008b800000| Untracked 
| 185|0x000000008b900000, 0x000000008ba00000, 0x000000008ba00000|100%| O|  |TAMS 0x000000008ba00000, 0x000000008b900000| Untracked 
| 186|0x000000008ba00000, 0x000000008bb00000, 0x000000008bb00000|100%| O|  |TAMS 0x000000008bb00000, 0x000000008ba00000| Untracked 
| 187|0x000000008bb00000, 0x000000008bc00000, 0x000000008bc00000|100%| O|  |TAMS 0x000000008bbbd000, 0x000000008bb00000| Untracked 
| 188|0x000000008bc00000, 0x000000008bd00000, 0x000000008bd00000|100%| O|  |TAMS 0x000000008bc00000, 0x000000008bc00000| Untracked 
| 189|0x000000008bd00000, 0x000000008be00000, 0x000000008be00000|100%| O|  |TAMS 0x000000008bd00000, 0x000000008bd00000| Untracked 
| 190|0x000000008be00000, 0x000000008bf00000, 0x000000008bf00000|100%| O|  |TAMS 0x000000008be00000, 0x000000008be00000| Untracked 
| 191|0x000000008bf00000, 0x000000008c000000, 0x000000008c000000|100%| O|  |TAMS 0x000000008bf00000, 0x000000008bf00000| Untracked 
| 192|0x000000008c000000, 0x000000008c100000, 0x000000008c100000|100%| O|  |TAMS 0x000000008c000000, 0x000000008c000000| Untracked 
| 193|0x000000008c100000, 0x000000008c200000, 0x000000008c200000|100%| O|  |TAMS 0x000000008c100000, 0x000000008c100000| Untracked 
| 194|0x000000008c200000, 0x000000008c300000, 0x000000008c300000|100%| O|  |TAMS 0x000000008c200000, 0x000000008c200000| Untracked 
| 195|0x000000008c300000, 0x000000008c300000, 0x000000008c400000|  0%| F|  |TAMS 0x000000008c300000, 0x000000008c300000| Untracked 
| 196|0x000000008c400000, 0x000000008c400000, 0x000000008c500000|  0%| F|  |TAMS 0x000000008c400000, 0x000000008c400000| Untracked 
| 197|0x000000008c500000, 0x000000008c500000, 0x000000008c600000|  0%| F|  |TAMS 0x000000008c500000, 0x000000008c500000| Untracked 
| 198|0x000000008c600000, 0x000000008c600000, 0x000000008c700000|  0%| F|  |TAMS 0x000000008c600000, 0x000000008c600000| Untracked 
| 199|0x000000008c700000, 0x000000008c700000, 0x000000008c800000|  0%| F|  |TAMS 0x000000008c700000, 0x000000008c700000| Untracked 
| 200|0x000000008c800000, 0x000000008c800000, 0x000000008c900000|  0%| F|  |TAMS 0x000000008c800000, 0x000000008c800000| Untracked 
| 201|0x000000008c900000, 0x000000008c900000, 0x000000008ca00000|  0%| F|  |TAMS 0x000000008c900000, 0x000000008c900000| Untracked 
| 202|0x000000008ca00000, 0x000000008ca00000, 0x000000008cb00000|  0%| F|  |TAMS 0x000000008ca00000, 0x000000008ca00000| Untracked 
| 203|0x000000008cb00000, 0x000000008cb00000, 0x000000008cc00000|  0%| F|  |TAMS 0x000000008cb00000, 0x000000008cb00000| Untracked 
| 204|0x000000008cc00000, 0x000000008cc00000, 0x000000008cd00000|  0%| F|  |TAMS 0x000000008cc00000, 0x000000008cc00000| Untracked 
| 205|0x000000008cd00000, 0x000000008cd00000, 0x000000008ce00000|  0%| F|  |TAMS 0x000000008cd00000, 0x000000008cd00000| Untracked 
| 206|0x000000008ce00000, 0x000000008ce00000, 0x000000008cf00000|  0%| F|  |TAMS 0x000000008ce00000, 0x000000008ce00000| Untracked 
| 207|0x000000008cf00000, 0x000000008cf00000, 0x000000008d000000|  0%| F|  |TAMS 0x000000008cf00000, 0x000000008cf00000| Untracked 
| 208|0x000000008d000000, 0x000000008d000000, 0x000000008d100000|  0%| F|  |TAMS 0x000000008d000000, 0x000000008d000000| Untracked 
| 209|0x000000008d100000, 0x000000008d100000, 0x000000008d200000|  0%| F|  |TAMS 0x000000008d100000, 0x000000008d100000| Untracked 
| 210|0x000000008d200000, 0x000000008d200000, 0x000000008d300000|  0%| F|  |TAMS 0x000000008d200000, 0x000000008d200000| Untracked 
| 211|0x000000008d300000, 0x000000008d300000, 0x000000008d400000|  0%| F|  |TAMS 0x000000008d300000, 0x000000008d300000| Untracked 
| 212|0x000000008d400000, 0x000000008d400000, 0x000000008d500000|  0%| F|  |TAMS 0x000000008d400000, 0x000000008d400000| Untracked 
| 213|0x000000008d500000, 0x000000008d500000, 0x000000008d600000|  0%| F|  |TAMS 0x000000008d500000, 0x000000008d500000| Untracked 
| 214|0x000000008d600000, 0x000000008d600000, 0x000000008d700000|  0%| F|  |TAMS 0x000000008d600000, 0x000000008d600000| Untracked 
| 215|0x000000008d700000, 0x000000008d700000, 0x000000008d800000|  0%| F|  |TAMS 0x000000008d700000, 0x000000008d700000| Untracked 
| 216|0x000000008d800000, 0x000000008d800000, 0x000000008d900000|  0%| F|  |TAMS 0x000000008d800000, 0x000000008d800000| Untracked 
| 217|0x000000008d900000, 0x000000008d900000, 0x000000008da00000|  0%| F|  |TAMS 0x000000008d900000, 0x000000008d900000| Untracked 
| 218|0x000000008da00000, 0x000000008da00000, 0x000000008db00000|  0%| F|  |TAMS 0x000000008da00000, 0x000000008da00000| Untracked 
| 219|0x000000008db00000, 0x000000008db00000, 0x000000008dc00000|  0%| F|  |TAMS 0x000000008db00000, 0x000000008db00000| Untracked 
| 220|0x000000008dc00000, 0x000000008dc00000, 0x000000008dd00000|  0%| F|  |TAMS 0x000000008dc00000, 0x000000008dc00000| Untracked 
| 221|0x000000008dd00000, 0x000000008dd00000, 0x000000008de00000|  0%| F|  |TAMS 0x000000008dd00000, 0x000000008dd00000| Untracked 
| 222|0x000000008de00000, 0x000000008de00000, 0x000000008df00000|  0%| F|  |TAMS 0x000000008de00000, 0x000000008de00000| Untracked 
| 223|0x000000008df00000, 0x000000008df00000, 0x000000008e000000|  0%| F|  |TAMS 0x000000008df00000, 0x000000008df00000| Untracked 
| 224|0x000000008e000000, 0x000000008e000000, 0x000000008e100000|  0%| F|  |TAMS 0x000000008e000000, 0x000000008e000000| Untracked 
| 225|0x000000008e100000, 0x000000008e100000, 0x000000008e200000|  0%| F|  |TAMS 0x000000008e100000, 0x000000008e100000| Untracked 
| 226|0x000000008e200000, 0x000000008e200000, 0x000000008e300000|  0%| F|  |TAMS 0x000000008e200000, 0x000000008e200000| Untracked 
| 227|0x000000008e300000, 0x000000008e300000, 0x000000008e400000|  0%| F|  |TAMS 0x000000008e300000, 0x000000008e300000| Untracked 
| 228|0x000000008e400000, 0x000000008e400000, 0x000000008e500000|  0%| F|  |TAMS 0x000000008e400000, 0x000000008e400000| Untracked 
| 229|0x000000008e500000, 0x000000008e500000, 0x000000008e600000|  0%| F|  |TAMS 0x000000008e500000, 0x000000008e500000| Untracked 
| 230|0x000000008e600000, 0x000000008e600000, 0x000000008e700000|  0%| F|  |TAMS 0x000000008e600000, 0x000000008e600000| Untracked 
| 231|0x000000008e700000, 0x000000008e700000, 0x000000008e800000|  0%| F|  |TAMS 0x000000008e700000, 0x000000008e700000| Untracked 
| 232|0x000000008e800000, 0x000000008e800000, 0x000000008e900000|  0%| F|  |TAMS 0x000000008e800000, 0x000000008e800000| Untracked 
| 233|0x000000008e900000, 0x000000008e900000, 0x000000008ea00000|  0%| F|  |TAMS 0x000000008e900000, 0x000000008e900000| Untracked 
| 234|0x000000008ea00000, 0x000000008ea00000, 0x000000008eb00000|  0%| F|  |TAMS 0x000000008ea00000, 0x000000008ea00000| Untracked 
| 235|0x000000008eb00000, 0x000000008eb00000, 0x000000008ec00000|  0%| F|  |TAMS 0x000000008eb00000, 0x000000008eb00000| Untracked 
| 236|0x000000008ec00000, 0x000000008ec00000, 0x000000008ed00000|  0%| F|  |TAMS 0x000000008ec00000, 0x000000008ec00000| Untracked 
| 237|0x000000008ed00000, 0x000000008ed00000, 0x000000008ee00000|  0%| F|  |TAMS 0x000000008ed00000, 0x000000008ed00000| Untracked 
| 238|0x000000008ee00000, 0x000000008ee00000, 0x000000008ef00000|  0%| F|  |TAMS 0x000000008ee00000, 0x000000008ee00000| Untracked 
| 239|0x000000008ef00000, 0x000000008ef00000, 0x000000008f000000|  0%| F|  |TAMS 0x000000008ef00000, 0x000000008ef00000| Untracked 
| 240|0x000000008f000000, 0x000000008f000000, 0x000000008f100000|  0%| F|  |TAMS 0x000000008f000000, 0x000000008f000000| Untracked 
| 241|0x000000008f100000, 0x000000008f100000, 0x000000008f200000|  0%| F|  |TAMS 0x000000008f100000, 0x000000008f100000| Untracked 
| 242|0x000000008f200000, 0x000000008f200000, 0x000000008f300000|  0%| F|  |TAMS 0x000000008f200000, 0x000000008f200000| Untracked 
| 243|0x000000008f300000, 0x000000008f300000, 0x000000008f400000|  0%| F|  |TAMS 0x000000008f300000, 0x000000008f300000| Untracked 
| 244|0x000000008f400000, 0x000000008f400000, 0x000000008f500000|  0%| F|  |TAMS 0x000000008f400000, 0x000000008f400000| Untracked 
| 245|0x000000008f500000, 0x000000008f500000, 0x000000008f600000|  0%| F|  |TAMS 0x000000008f500000, 0x000000008f500000| Untracked 
| 246|0x000000008f600000, 0x000000008f600000, 0x000000008f700000|  0%| F|  |TAMS 0x000000008f600000, 0x000000008f600000| Untracked 
| 247|0x000000008f700000, 0x000000008f700000, 0x000000008f800000|  0%| F|  |TAMS 0x000000008f700000, 0x000000008f700000| Untracked 
| 248|0x000000008f800000, 0x000000008f800000, 0x000000008f900000|  0%| F|  |TAMS 0x000000008f800000, 0x000000008f800000| Untracked 
| 249|0x000000008f900000, 0x000000008f900000, 0x000000008fa00000|  0%| F|  |TAMS 0x000000008f900000, 0x000000008f900000| Untracked 
| 250|0x000000008fa00000, 0x000000008fa00000, 0x000000008fb00000|  0%| F|  |TAMS 0x000000008fa00000, 0x000000008fa00000| Untracked 
| 251|0x000000008fb00000, 0x000000008fb00000, 0x000000008fc00000|  0%| F|  |TAMS 0x000000008fb00000, 0x000000008fb00000| Untracked 
| 252|0x000000008fc00000, 0x000000008fc00000, 0x000000008fd00000|  0%| F|  |TAMS 0x000000008fc00000, 0x000000008fc00000| Untracked 
| 253|0x000000008fd00000, 0x000000008fd00000, 0x000000008fe00000|  0%| F|  |TAMS 0x000000008fd00000, 0x000000008fd00000| Untracked 
| 254|0x000000008fe00000, 0x000000008fe00000, 0x000000008ff00000|  0%| F|  |TAMS 0x000000008fe00000, 0x000000008fe00000| Untracked 
| 255|0x000000008ff00000, 0x000000008ff00000, 0x0000000090000000|  0%| F|  |TAMS 0x000000008ff00000, 0x000000008ff00000| Untracked 
| 256|0x0000000090000000, 0x0000000090000000, 0x0000000090100000|  0%| F|  |TAMS 0x0000000090000000, 0x0000000090000000| Untracked 
| 257|0x0000000090100000, 0x0000000090100000, 0x0000000090200000|  0%| F|  |TAMS 0x0000000090100000, 0x0000000090100000| Untracked 
| 258|0x0000000090200000, 0x0000000090200000, 0x0000000090300000|  0%| F|  |TAMS 0x0000000090200000, 0x0000000090200000| Untracked 
| 259|0x0000000090300000, 0x0000000090300000, 0x0000000090400000|  0%| F|  |TAMS 0x0000000090300000, 0x0000000090300000| Untracked 
| 260|0x0000000090400000, 0x0000000090400000, 0x0000000090500000|  0%| F|  |TAMS 0x0000000090400000, 0x0000000090400000| Untracked 
| 261|0x0000000090500000, 0x0000000090500000, 0x0000000090600000|  0%| F|  |TAMS 0x0000000090500000, 0x0000000090500000| Untracked 
| 262|0x0000000090600000, 0x0000000090600000, 0x0000000090700000|  0%| F|  |TAMS 0x0000000090600000, 0x0000000090600000| Untracked 
| 263|0x0000000090700000, 0x0000000090700000, 0x0000000090800000|  0%| F|  |TAMS 0x0000000090700000, 0x0000000090700000| Untracked 
| 264|0x0000000090800000, 0x0000000090800000, 0x0000000090900000|  0%| F|  |TAMS 0x0000000090800000, 0x0000000090800000| Untracked 
| 265|0x0000000090900000, 0x0000000090900000, 0x0000000090a00000|  0%| F|  |TAMS 0x0000000090900000, 0x0000000090900000| Untracked 
| 266|0x0000000090a00000, 0x0000000090a00000, 0x0000000090b00000|  0%| F|  |TAMS 0x0000000090a00000, 0x0000000090a00000| Untracked 
| 267|0x0000000090b00000, 0x0000000090b00000, 0x0000000090c00000|  0%| F|  |TAMS 0x0000000090b00000, 0x0000000090b00000| Untracked 
| 268|0x0000000090c00000, 0x0000000090c00000, 0x0000000090d00000|  0%| F|  |TAMS 0x0000000090c00000, 0x0000000090c00000| Untracked 
| 269|0x0000000090d00000, 0x0000000090d00000, 0x0000000090e00000|  0%| F|  |TAMS 0x0000000090d00000, 0x0000000090d00000| Untracked 
| 270|0x0000000090e00000, 0x0000000090e00000, 0x0000000090f00000|  0%| F|  |TAMS 0x0000000090e00000, 0x0000000090e00000| Untracked 
| 271|0x0000000090f00000, 0x0000000090f00000, 0x0000000091000000|  0%| F|  |TAMS 0x0000000090f00000, 0x0000000090f00000| Untracked 
| 272|0x0000000091000000, 0x0000000091000000, 0x0000000091100000|  0%| F|  |TAMS 0x0000000091000000, 0x0000000091000000| Untracked 
| 273|0x0000000091100000, 0x0000000091100000, 0x0000000091200000|  0%| F|  |TAMS 0x0000000091100000, 0x0000000091100000| Untracked 
| 274|0x0000000091200000, 0x0000000091200000, 0x0000000091300000|  0%| F|  |TAMS 0x0000000091200000, 0x0000000091200000| Untracked 
| 275|0x0000000091300000, 0x0000000091300000, 0x0000000091400000|  0%| F|  |TAMS 0x0000000091300000, 0x0000000091300000| Untracked 
| 276|0x0000000091400000, 0x0000000091400000, 0x0000000091500000|  0%| F|  |TAMS 0x0000000091400000, 0x0000000091400000| Untracked 
| 277|0x0000000091500000, 0x0000000091500000, 0x0000000091600000|  0%| F|  |TAMS 0x0000000091500000, 0x0000000091500000| Untracked 
| 278|0x0000000091600000, 0x0000000091600000, 0x0000000091700000|  0%| F|  |TAMS 0x0000000091600000, 0x0000000091600000| Untracked 
| 279|0x0000000091700000, 0x0000000091700000, 0x0000000091800000|  0%| F|  |TAMS 0x0000000091700000, 0x0000000091700000| Untracked 
| 280|0x0000000091800000, 0x0000000091800000, 0x0000000091900000|  0%| F|  |TAMS 0x0000000091800000, 0x0000000091800000| Untracked 
| 281|0x0000000091900000, 0x0000000091900000, 0x0000000091a00000|  0%| F|  |TAMS 0x0000000091900000, 0x0000000091900000| Untracked 
| 282|0x0000000091a00000, 0x0000000091a00000, 0x0000000091b00000|  0%| F|  |TAMS 0x0000000091a00000, 0x0000000091a00000| Untracked 
| 283|0x0000000091b00000, 0x0000000091b00000, 0x0000000091c00000|  0%| F|  |TAMS 0x0000000091b00000, 0x0000000091b00000| Untracked 
| 284|0x0000000091c00000, 0x0000000091c00000, 0x0000000091d00000|  0%| F|  |TAMS 0x0000000091c00000, 0x0000000091c00000| Untracked 
| 285|0x0000000091d00000, 0x0000000091d00000, 0x0000000091e00000|  0%| F|  |TAMS 0x0000000091d00000, 0x0000000091d00000| Untracked 
| 286|0x0000000091e00000, 0x0000000091e00000, 0x0000000091f00000|  0%| F|  |TAMS 0x0000000091e00000, 0x0000000091e00000| Untracked 
| 287|0x0000000091f00000, 0x0000000091f00000, 0x0000000092000000|  0%| F|  |TAMS 0x0000000091f00000, 0x0000000091f00000| Untracked 
| 288|0x0000000092000000, 0x0000000092000000, 0x0000000092100000|  0%| F|  |TAMS 0x0000000092000000, 0x0000000092000000| Untracked 
| 289|0x0000000092100000, 0x0000000092100000, 0x0000000092200000|  0%| F|  |TAMS 0x0000000092100000, 0x0000000092100000| Untracked 
| 290|0x0000000092200000, 0x0000000092200000, 0x0000000092300000|  0%| F|  |TAMS 0x0000000092200000, 0x0000000092200000| Untracked 
| 291|0x0000000092300000, 0x0000000092300000, 0x0000000092400000|  0%| F|  |TAMS 0x0000000092300000, 0x0000000092300000| Untracked 
| 292|0x0000000092400000, 0x0000000092400000, 0x0000000092500000|  0%| F|  |TAMS 0x0000000092400000, 0x0000000092400000| Untracked 
| 293|0x0000000092500000, 0x0000000092500000, 0x0000000092600000|  0%| F|  |TAMS 0x0000000092500000, 0x0000000092500000| Untracked 
| 294|0x0000000092600000, 0x0000000092600000, 0x0000000092700000|  0%| F|  |TAMS 0x0000000092600000, 0x0000000092600000| Untracked 
| 295|0x0000000092700000, 0x0000000092700000, 0x0000000092800000|  0%| F|  |TAMS 0x0000000092700000, 0x0000000092700000| Untracked 
| 296|0x0000000092800000, 0x0000000092800000, 0x0000000092900000|  0%| F|  |TAMS 0x0000000092800000, 0x0000000092800000| Untracked 
| 297|0x0000000092900000, 0x0000000092a00000, 0x0000000092a00000|100%| S|CS|TAMS 0x0000000092900000, 0x0000000092900000| Complete 
| 298|0x0000000092a00000, 0x0000000092b00000, 0x0000000092b00000|100%| S|CS|TAMS 0x0000000092a00000, 0x0000000092a00000| Complete 
| 299|0x0000000092b00000, 0x0000000092b00000, 0x0000000092c00000|  0%| F|  |TAMS 0x0000000092b00000, 0x0000000092b00000| Untracked 
| 300|0x0000000092c00000, 0x0000000092c00000, 0x0000000092d00000|  0%| F|  |TAMS 0x0000000092c00000, 0x0000000092c00000| Untracked 
| 301|0x0000000092d00000, 0x0000000092d00000, 0x0000000092e00000|  0%| F|  |TAMS 0x0000000092d00000, 0x0000000092d00000| Untracked 
| 302|0x0000000092e00000, 0x0000000092e00000, 0x0000000092f00000|  0%| F|  |TAMS 0x0000000092e00000, 0x0000000092e00000| Untracked 
| 303|0x0000000092f00000, 0x0000000092f00000, 0x0000000093000000|  0%| F|  |TAMS 0x0000000092f00000, 0x0000000092f00000| Untracked 

Card table byte_map: [0x000001dbf7fb0000,0x000001dbf83b0000] _byte_map_base: 0x000001dbf7bb0000

Marking Bits (Prev, Next): (CMBitMap*) 0x000001dbf2927140, (CMBitMap*) 0x000001dbf2927100
 Prev Bits: [0x000001dbfa7b0000, 0x000001dbfc7b0000)
 Next Bits: [0x000001dbf87b0000, 0x000001dbfa7b0000)

Polling page: 0x000001dbf2710000

Metaspace:

Usage:
  Non-class:    122.08 MB used.
      Class:     19.13 MB used.
       Both:    141.20 MB used.

Virtual space:
  Non-class space:      128.00 MB reserved,     123.00 MB ( 96%) committed,  16 nodes.
      Class space:        1.00 GB reserved,      19.75 MB (  2%) committed,  1 nodes.
             Both:        1.12 GB reserved,     142.75 MB ( 12%) committed. 

Chunk freelists:
   Non-Class:  1005.00 KB
       Class:  416.00 KB
        Both:  1.39 MB

MaxMetaspaceSize: unlimited
CompressedClassSpaceSize: 1.00 GB
Initial GC threshold: 21.00 MB
Current GC threshold: 237.94 MB
CDS: off
MetaspaceReclaimPolicy: balanced
 - commit_granule_bytes: 65536.
 - commit_granule_words: 8192.
 - virtual_space_node_default_size: 1048576.
 - enlarge_chunks_in_place: 1.
 - new_chunks_are_fully_committed: 0.
 - uncommit_free_chunks: 1.
 - use_allocation_guard: 0.
 - handle_deallocations: 1.


Internal statistics:

num_allocs_failed_limit: 15.
num_arena_births: 1598.
num_arena_deaths: 400.
num_vsnodes_births: 17.
num_vsnodes_deaths: 0.
num_space_committed: 2281.
num_space_uncommitted: 0.
num_chunks_returned_to_freelist: 529.
num_chunks_taken_from_freelist: 7053.
num_chunk_merges: 199.
num_chunk_splits: 4773.
num_chunks_enlarged: 3317.
num_purges: 6.
num_inconsistent_stats: 0.

CodeHeap 'non-profiled nmethods': size=120000Kb used=12558Kb max_used=12558Kb free=107441Kb
 bounds [0x000001db87ad0000, 0x000001db88730000, 0x000001db8f000000]
CodeHeap 'profiled nmethods': size=120000Kb used=33678Kb max_used=34641Kb free=86321Kb
 bounds [0x000001db80000000, 0x000001db821e0000, 0x000001db87530000]
CodeHeap 'non-nmethods': size=5760Kb used=2505Kb max_used=2551Kb free=3254Kb
 bounds [0x000001db87530000, 0x000001db877c0000, 0x000001db87ad0000]
 total_blobs=18085 nmethods=17025 adapters=971
 compilation: enabled
              stopped_count=0, restarted_count=0
 full_count=0

Compilation events (20 events):
Event: 5093.577 Thread 0x000001dbff85dc20 nmethod 21566 0x000001db80b98690 code [0x000001db80b98820, 0x000001db80b98998]
Event: 5093.577 Thread 0x000001dbff85dc20 21567       3       org.jetbrains.kotlin.com.intellij.openapi.vfs.impl.ZipHandlerBase::buildEntryMapForZipFile (76 bytes)
Event: 5093.579 Thread 0x000001dbff85dc20 nmethod 21567 0x000001db8096ae90 code [0x000001db8096b100, 0x000001db8096bd38]
Event: 5093.596 Thread 0x000001db94acdaa0 nmethod 21561 0x000001db884cc790 code [0x000001db884cc960, 0x000001db884cd1a8]
Event: 5093.621 Thread 0x000001db94acdaa0 21568       4       java.util.ArrayList::hashCode (22 bytes)
Event: 5093.625 Thread 0x000001db94acdaa0 nmethod 21568 0x000001db87eef410 code [0x000001db87eef5a0, 0x000001db87eef7b8]
Event: 5093.777 Thread 0x000001dbff85dc20 21569       3       org.jetbrains.kotlin.com.intellij.util.containers.hash.HashUtil::hash (27 bytes)
Event: 5093.778 Thread 0x000001dbff85dc20 nmethod 21569 0x000001db8129e610 code [0x000001db8129e7e0, 0x000001db8129eb78]
Event: 5093.786 Thread 0x000001dbff85dc20 21570       3       sun.nio.fs.WindowsFileAttributeViews$Basic::<init> (15 bytes)
Event: 5093.787 Thread 0x000001dbff85dc20 nmethod 21570 0x000001db81917110 code [0x000001db819172c0, 0x000001db819174f8]
Event: 5093.787 Thread 0x000001dbff85dc20 21571       1       org.jetbrains.kotlin.com.intellij.util.containers.hash.LinkedHashMap$Entry::access$100 (5 bytes)
Event: 5093.787 Thread 0x000001dbff85dc20 nmethod 21571 0x000001db884cc290 code [0x000001db884cc420, 0x000001db884cc4d8]
Event: 5093.788 Thread 0x000001dbff85dc20 21572       1       org.jetbrains.kotlin.com.intellij.util.containers.hash.LinkedHashMap$Entry::access$000 (5 bytes)
Event: 5093.788 Thread 0x000001dbff85dc20 nmethod 21572 0x000001db87b3bc90 code [0x000001db87b3be20, 0x000001db87b3bed8]
Event: 5093.789 Thread 0x000001dbff85dc20 21573       3       sun.nio.fs.WindowsFileAttributeViews$Basic::readAttributes (5 bytes)
Event: 5093.789 Thread 0x000001dbff85dc20 nmethod 21573 0x000001db8098d810 code [0x000001db8098da20, 0x000001db8098e0c8]
Event: 5093.812 Thread 0x000001dbff85dc20 21574       3       org.jetbrains.kotlin.com.intellij.openapi.vfs.impl.jar.CoreJarHandler$$Lambda$2205/0x00000001013c3d90::fun (8 bytes)
Event: 5093.813 Thread 0x000001dbff85dc20 nmethod 21574 0x000001db808c7410 code [0x000001db808c75e0, 0x000001db808c7a78]
Event: 5093.818 Thread 0x000001dbff85dc20 21575       1       org.jetbrains.kotlin.com.intellij.util.containers.hash.LinkedHashMap$Entry::access$200 (5 bytes)
Event: 5093.818 Thread 0x000001dbff85dc20 nmethod 21575 0x000001db87b3b990 code [0x000001db87b3bb20, 0x000001db87b3bbd8]

GC Heap History (20 events):
Event: 5086.237 GC heap after
{Heap after GC invocations=62 (full 0):
 garbage-first heap   total 231424K, used 174576K [0x0000000080000000, 0x0000000100000000)
  region size 1024K, 3 young (3072K), 3 survivors (3072K)
 Metaspace       used 132027K, committed 133056K, reserved 1171456K
  class space    used 17596K, committed 18112K, reserved 1048576K
}
Event: 5088.339 GC heap before
{Heap before GC invocations=62 (full 0):
 garbage-first heap   total 231424K, used 194032K [0x0000000080000000, 0x0000000100000000)
  region size 1024K, 23 young (23552K), 3 survivors (3072K)
 Metaspace       used 132213K, committed 133248K, reserved 1171456K
  class space    used 17621K, committed 18112K, reserved 1048576K
}
Event: 5088.350 GC heap after
{Heap after GC invocations=63 (full 0):
 garbage-first heap   total 231424K, used 176479K [0x0000000080000000, 0x0000000100000000)
  region size 1024K, 2 young (2048K), 2 survivors (2048K)
 Metaspace       used 132213K, committed 133248K, reserved 1171456K
  class space    used 17621K, committed 18112K, reserved 1048576K
}
Event: 5089.416 GC heap before
{Heap before GC invocations=63 (full 0):
 garbage-first heap   total 231424K, used 196959K [0x0000000080000000, 0x0000000100000000)
  region size 1024K, 22 young (22528K), 2 survivors (2048K)
 Metaspace       used 135842K, committed 136896K, reserved 1171456K
  class space    used 18545K, committed 19072K, reserved 1048576K
}
Event: 5089.428 GC heap after
{Heap after GC invocations=64 (full 0):
 garbage-first heap   total 231424K, used 177997K [0x0000000080000000, 0x0000000100000000)
  region size 1024K, 2 young (2048K), 2 survivors (2048K)
 Metaspace       used 135842K, committed 136896K, reserved 1171456K
  class space    used 18545K, committed 19072K, reserved 1048576K
}
Event: 5090.805 GC heap before
{Heap before GC invocations=64 (full 0):
 garbage-first heap   total 231424K, used 197453K [0x0000000080000000, 0x0000000100000000)
  region size 1024K, 22 young (22528K), 2 survivors (2048K)
 Metaspace       used 138860K, committed 139904K, reserved 1171456K
  class space    used 18923K, committed 19456K, reserved 1048576K
}
Event: 5090.810 GC heap after
{Heap after GC invocations=65 (full 0):
 garbage-first heap   total 231424K, used 178407K [0x0000000080000000, 0x0000000100000000)
  region size 1024K, 2 young (2048K), 2 survivors (2048K)
 Metaspace       used 138860K, committed 139904K, reserved 1171456K
  class space    used 18923K, committed 19456K, reserved 1048576K
}
Event: 5091.599 GC heap before
{Heap before GC invocations=65 (full 0):
 garbage-first heap   total 231424K, used 204007K [0x0000000080000000, 0x0000000100000000)
  region size 1024K, 23 young (23552K), 2 survivors (2048K)
 Metaspace       used 141556K, committed 142592K, reserved 1179648K
  class space    used 19226K, committed 19776K, reserved 1048576K
}
Event: 5091.606 GC heap after
{Heap after GC invocations=66 (full 0):
 garbage-first heap   total 231424K, used 183029K [0x0000000080000000, 0x0000000100000000)
  region size 1024K, 2 young (2048K), 2 survivors (2048K)
 Metaspace       used 141556K, committed 142592K, reserved 1179648K
  class space    used 19226K, committed 19776K, reserved 1048576K
}
Event: 5092.536 GC heap before
{Heap before GC invocations=66 (full 0):
 garbage-first heap   total 231424K, used 200437K [0x0000000080000000, 0x0000000100000000)
  region size 1024K, 20 young (20480K), 2 survivors (2048K)
 Metaspace       used 144715K, committed 145792K, reserved 1179648K
  class space    used 19660K, committed 20160K, reserved 1048576K
}
Event: 5092.541 GC heap after
{Heap after GC invocations=67 (full 0):
 garbage-first heap   total 231424K, used 183813K [0x0000000080000000, 0x0000000100000000)
  region size 1024K, 2 young (2048K), 2 survivors (2048K)
 Metaspace       used 144715K, committed 145792K, reserved 1179648K
  class space    used 19660K, committed 20160K, reserved 1048576K
}
Event: 5092.586 GC heap before
{Heap before GC invocations=67 (full 0):
 garbage-first heap   total 231424K, used 183813K [0x0000000080000000, 0x0000000100000000)
  region size 1024K, 3 young (3072K), 2 survivors (2048K)
 Metaspace       used 144894K, committed 145984K, reserved 1179648K
  class space    used 19682K, committed 20224K, reserved 1048576K
}
Event: 5092.593 GC heap after
{Heap after GC invocations=68 (full 0):
 garbage-first heap   total 231424K, used 183863K [0x0000000080000000, 0x0000000100000000)
  region size 1024K, 2 young (2048K), 2 survivors (2048K)
 Metaspace       used 144894K, committed 145984K, reserved 1179648K
  class space    used 19682K, committed 20224K, reserved 1048576K
}
Event: 5092.809 GC heap before
{Heap before GC invocations=68 (full 0):
 garbage-first heap   total 231424K, used 207415K [0x0000000080000000, 0x0000000100000000)
  region size 1024K, 20 young (20480K), 2 survivors (2048K)
 Metaspace       used 144957K, committed 146048K, reserved 1179648K
  class space    used 19686K, committed 20224K, reserved 1048576K
}
Event: 5092.822 GC heap after
{Heap after GC invocations=69 (full 0):
 garbage-first heap   total 231424K, used 195316K [0x0000000080000000, 0x0000000100000000)
  region size 1024K, 3 young (3072K), 3 survivors (3072K)
 Metaspace       used 144957K, committed 146048K, reserved 1179648K
  class space    used 19686K, committed 20224K, reserved 1048576K
}
Event: 5093.053 GC heap before
{Heap before GC invocations=69 (full 0):
 garbage-first heap   total 231424K, used 202484K [0x0000000080000000, 0x0000000100000000)
  region size 1024K, 11 young (11264K), 3 survivors (3072K)
 Metaspace       used 145076K, committed 146176K, reserved 1179648K
  class space    used 19691K, committed 20224K, reserved 1048576K
}
Event: 5093.070 GC heap after
{Heap after GC invocations=70 (full 0):
 garbage-first heap   total 231424K, used 198623K [0x0000000080000000, 0x0000000100000000)
  region size 1024K, 2 young (2048K), 2 survivors (2048K)
 Metaspace       used 145076K, committed 146176K, reserved 1179648K
  class space    used 19691K, committed 20224K, reserved 1048576K
}
Event: 5093.580 GC heap before
{Heap before GC invocations=70 (full 0):
 garbage-first heap   total 231424K, used 207839K [0x0000000080000000, 0x0000000100000000)
  region size 1024K, 11 young (11264K), 2 survivors (2048K)
 Metaspace       used 145115K, committed 146176K, reserved 1179648K
  class space    used 19691K, committed 20224K, reserved 1048576K
}
Event: 5093.596 GC heap after
{Heap after GC invocations=71 (full 0):
 garbage-first heap   total 231424K, used 195574K [0x0000000080000000, 0x0000000100000000)
  region size 1024K, 2 young (2048K), 2 survivors (2048K)
 Metaspace       used 145115K, committed 146176K, reserved 1179648K
  class space    used 19691K, committed 20224K, reserved 1048576K
}
Event: 5093.847 GC heap before
{Heap before GC invocations=71 (full 0):
 garbage-first heap   total 311296K, used 191478K [0x0000000080000000, 0x0000000100000000)
  region size 1024K, 11 young (11264K), 2 survivors (2048K)
 Metaspace       used 144589K, committed 146176K, reserved 1179648K
  class space    used 19584K, committed 20224K, reserved 1048576K
}

Dll operation events (2 events):
Event: 0.187 Loaded shared library C:\Program Files\Android\Android Studio1\jbr\bin\java.dll
Event: 11.389 Loaded shared library C:\Program Files\Android\Android Studio1\jbr\bin\verify.dll

Deoptimization events (20 events):
Event: 5093.307 Thread 0x000001db96acf230 DEOPT PACKING pc=0x000001db88595e8c sp=0x00000031003f4e70
Event: 5093.307 Thread 0x000001db96acf230 DEOPT UNPACKING pc=0x000001db875869a3 sp=0x00000031003f4d78 mode 2
Event: 5093.307 Thread 0x000001db96acf230 Uncommon trap: trap_request=0xffffff45 fr.pc=0x000001db8838ec48 relative=0x0000000000000cc8
Event: 5093.307 Thread 0x000001db96acf230 Uncommon trap: reason=unstable_if action=reinterpret pc=0x000001db8838ec48 method=java.util.zip.ZipCoder$UTF8ZipCoder.hasTrailingSlash([BI)Z @ 11 c2
Event: 5093.307 Thread 0x000001db96acf230 DEOPT PACKING pc=0x000001db8838ec48 sp=0x00000031003f4e30
Event: 5093.308 Thread 0x000001db96acf230 DEOPT UNPACKING pc=0x000001db875869a3 sp=0x00000031003f4d78 mode 2
Event: 5093.447 Thread 0x000001db96acf230 Uncommon trap: trap_request=0xfffffff4 fr.pc=0x000001db87ef10d8 relative=0x00000000000011d8
Event: 5093.447 Thread 0x000001db96acf230 Uncommon trap: reason=null_check action=make_not_entrant pc=0x000001db87ef10d8 method=org.jetbrains.kotlin.com.intellij.openapi.vfs.impl.ZipHandlerBase.getOrCreate(Ljava/lang/String;Ljava/util/Map;Ljava/util/zip/ZipFile;)Lorg/jetbrains/kotlin/com/intellij
Event: 5093.448 Thread 0x000001db96acf230 DEOPT PACKING pc=0x000001db87ef10d8 sp=0x00000031003f5090
Event: 5093.448 Thread 0x000001db96acf230 DEOPT UNPACKING pc=0x000001db875869a3 sp=0x00000031003f4fd0 mode 2
Event: 5093.448 Thread 0x000001db96acf230 Uncommon trap: trap_request=0xffffff45 fr.pc=0x000001db87b09b84 relative=0x0000000000000264
Event: 5093.448 Thread 0x000001db96acf230 Uncommon trap: reason=unstable_if action=reinterpret pc=0x000001db87b09b84 method=java.util.zip.ZipCoder.hash(Ljava/lang/String;)I @ 23 c2
Event: 5093.448 Thread 0x000001db96acf230 DEOPT PACKING pc=0x000001db87b09b84 sp=0x00000031003f4e80
Event: 5093.448 Thread 0x000001db96acf230 DEOPT UNPACKING pc=0x000001db875869a3 sp=0x00000031003f4e18 mode 2
Event: 5093.448 Thread 0x000001db96acf230 Uncommon trap: trap_request=0xfffffff4 fr.pc=0x000001db883612d4 relative=0x0000000000000134
Event: 5093.448 Thread 0x000001db96acf230 Uncommon trap: reason=null_check action=make_not_entrant pc=0x000001db883612d4 method=org.jetbrains.kotlin.com.intellij.openapi.vfs.impl.ZipHandlerBase.getOrCreate(Ljava/lang/String;Ljava/util/Map;Ljava/util/zip/ZipFile;)Lorg/jetbrains/kotlin/com/intellij
Event: 5093.448 Thread 0x000001db96acf230 DEOPT PACKING pc=0x000001db883612d4 sp=0x00000031003f5030
Event: 5093.448 Thread 0x000001db96acf230 DEOPT UNPACKING pc=0x000001db875869a3 sp=0x00000031003f4fd0 mode 2
Event: 5093.557 Thread 0x000001db96acf230 DEOPT PACKING pc=0x000001db8052fc3d sp=0x00000031003f5150
Event: 5093.557 Thread 0x000001db96acf230 DEOPT UNPACKING pc=0x000001db87587143 sp=0x00000031003f4630 mode 0

Classes unloaded (20 events):
Event: 5093.634 Thread 0x000001dbfed953d0 Unloading class 0x000000010028dc00 'java/lang/invoke/LambdaForm$MH+0x000000010028dc00'
Event: 5093.634 Thread 0x000001dbfed953d0 Unloading class 0x000000010028d800 'java/lang/invoke/LambdaForm$MH+0x000000010028d800'
Event: 5093.634 Thread 0x000001dbfed953d0 Unloading class 0x000000010028c800 'java/lang/invoke/LambdaForm$MH+0x000000010028c800'
Event: 5093.634 Thread 0x000001dbfed953d0 Unloading class 0x000000010028c400 'java/lang/invoke/LambdaForm$BMH+0x000000010028c400'
Event: 5093.634 Thread 0x000001dbfed953d0 Unloading class 0x0000000100200400 'java/lang/invoke/LambdaForm$DMH+0x0000000100200400'
Event: 5093.634 Thread 0x000001dbfed953d0 Unloading class 0x00000001001bdc00 'java/lang/invoke/LambdaForm$DMH+0x00000001001bdc00'
Event: 5093.634 Thread 0x000001dbfed953d0 Unloading class 0x00000001001bd800 'java/lang/invoke/LambdaForm$MH+0x00000001001bd800'
Event: 5093.634 Thread 0x000001dbfed953d0 Unloading class 0x00000001001bd400 'java/lang/invoke/LambdaForm$MH+0x00000001001bd400'
Event: 5093.634 Thread 0x000001dbfed953d0 Unloading class 0x00000001001bd000 'java/lang/invoke/LambdaForm$MH+0x00000001001bd000'
Event: 5093.634 Thread 0x000001dbfed953d0 Unloading class 0x00000001001bcc00 'java/lang/invoke/LambdaForm$MH+0x00000001001bcc00'
Event: 5093.634 Thread 0x000001dbfed953d0 Unloading class 0x00000001001bc800 'java/lang/invoke/LambdaForm$MH+0x00000001001bc800'
Event: 5093.634 Thread 0x000001dbfed953d0 Unloading class 0x0000000100192800 'java/lang/invoke/LambdaForm$MH+0x0000000100192800'
Event: 5093.634 Thread 0x000001dbfed953d0 Unloading class 0x0000000100192000 'java/lang/invoke/LambdaForm$MH+0x0000000100192000'
Event: 5093.634 Thread 0x000001dbfed953d0 Unloading class 0x0000000100191c00 'java/lang/invoke/LambdaForm$MH+0x0000000100191c00'
Event: 5093.634 Thread 0x000001dbfed953d0 Unloading class 0x0000000100191800 'java/lang/invoke/LambdaForm$MH+0x0000000100191800'
Event: 5093.634 Thread 0x000001dbfed953d0 Unloading class 0x0000000100191400 'java/lang/invoke/LambdaForm$MH+0x0000000100191400'
Event: 5093.634 Thread 0x000001dbfed953d0 Unloading class 0x0000000100190c00 'java/lang/invoke/LambdaForm$MH+0x0000000100190c00'
Event: 5093.634 Thread 0x000001dbfed953d0 Unloading class 0x00000001000a6c00 'java/lang/invoke/LambdaForm$MH+0x00000001000a6c00'
Event: 5093.634 Thread 0x000001dbfed953d0 Unloading class 0x00000001000a6800 'java/lang/invoke/LambdaForm$MH+0x00000001000a6800'
Event: 5093.634 Thread 0x000001dbfed953d0 Unloading class 0x00000001000a4400 'java/lang/invoke/LambdaForm$MH+0x00000001000a4400'

Classes redefined (0 events):
No events

Internal exceptions (20 events):
Event: 5088.443 Thread 0x000001db96acf230 Exception <a 'java/lang/NoSuchMethodError'{0x000000008e0f49d8}: 'int java.lang.invoke.DelegatingMethodHandle$Holder.reinvoke_L(java.lang.Object, java.lang.Object, java.lang.Object, long, int, int)'> (0x000000008e0f49d8) 
thrown [s\src\hotspot\share\interpreter\linkResolver.cpp, line 771]
Event: 5088.444 Thread 0x000001db96acf230 Exception <a 'java/lang/NoSuchMethodError'{0x000000008df04b60}: 'int java.lang.invoke.DelegatingMethodHandle$Holder.reinvoke_L(java.lang.Object, java.lang.Object, java.lang.Object, long, long, long)'> (0x000000008df04b60) 
thrown [s\src\hotspot\share\interpreter\linkResolver.cpp, line 771]
Event: 5088.445 Thread 0x000001db96acf230 Exception <a 'java/lang/NoSuchMethodError'{0x000000008df14b30}: 'int java.lang.invoke.DelegatingMethodHandle$Holder.reinvoke_L(java.lang.Object, java.lang.Object, java.lang.Object, long, java.lang.Object, java.lang.Object)'> (0x000000008df14b30) 
thrown [s\src\hotspot\share\interpreter\linkResolver.cpp, line 771]
Event: 5088.446 Thread 0x000001db96acf230 Exception <a 'java/lang/NoSuchMethodError'{0x000000008df24850}: 'void java.lang.invoke.DelegatingMethodHandle$Holder.reinvoke_L(java.lang.Object, java.lang.Object, java.lang.Object, long, java.lang.Object)'> (0x000000008df24850) 
thrown [s\src\hotspot\share\interpreter\linkResolver.cpp, line 771]
Event: 5088.447 Thread 0x000001db96acf230 Exception <a 'java/lang/NoSuchMethodError'{0x000000008df2d060}: 'java.lang.Object java.lang.invoke.DirectMethodHandle$Holder.invokeSpecial(java.lang.Object, java.lang.Object, java.lang.Object, java.lang.Object, long)'> (0x000000008df2d060) 
thrown [s\src\hotspot\share\interpreter\linkResolver.cpp, line 771]
Event: 5088.450 Thread 0x000001db96acf230 Exception <a 'java/lang/NoSuchMethodError'{0x000000008df51f60}: 'long java.lang.invoke.Invokers$Holder.invoke_MT(java.lang.Object, java.lang.Object, java.lang.Object, java.lang.Object)'> (0x000000008df51f60) 
thrown [s\src\hotspot\share\interpreter\linkResolver.cpp, line 771]
Event: 5088.453 Thread 0x000001db96acf230 Exception <a 'java/lang/NoSuchMethodError'{0x000000008df5b130}: 'int java.lang.invoke.Invokers$Holder.invoke_MT(java.lang.Object, java.lang.Object, java.lang.Object, java.lang.Object)'> (0x000000008df5b130) 
thrown [s\src\hotspot\share\interpreter\linkResolver.cpp, line 771]
Event: 5088.455 Thread 0x000001db96acf230 Exception <a 'java/lang/NoSuchMethodError'{0x000000008df6c2b0}: 'int java.lang.invoke.DelegatingMethodHandle$Holder.reinvoke_L(java.lang.Object, java.lang.Object, java.lang.Object, long, int)'> (0x000000008df6c2b0) 
thrown [s\src\hotspot\share\interpreter\linkResolver.cpp, line 771]
Event: 5088.457 Thread 0x000001db96acf230 Exception <a 'java/lang/NoSuchMethodError'{0x000000008df7f6e0}: 'java.lang.Object java.lang.invoke.Invokers$Holder.invokeExact_MT(java.lang.Object, java.lang.Object, long, java.lang.Object)'> (0x000000008df7f6e0) 
thrown [s\src\hotspot\share\interpreter\linkResolver.cpp, line 771]
Event: 5088.791 Thread 0x000001db96acf230 Implicit null exception at 0x000001db88354313 to 0x000001db88354450
Event: 5089.201 Thread 0x000001db8ffb7dd0 Exception <a 'sun/nio/fs/WindowsException'{0x000000008d26dd60}> (0x000000008d26dd60) 
thrown [s\src\hotspot\share\prims\jni.cpp, line 517]
Event: 5089.205 Thread 0x000001db8ffb7dd0 Exception <a 'sun/nio/fs/WindowsException'{0x000000008d2982b8}> (0x000000008d2982b8) 
thrown [s\src\hotspot\share\prims\jni.cpp, line 517]
Event: 5089.206 Thread 0x000001db8ffb7dd0 Exception <a 'sun/nio/fs/WindowsException'{0x000000008d298450}> (0x000000008d298450) 
thrown [s\src\hotspot\share\prims\jni.cpp, line 517]
Event: 5089.328 Thread 0x000001db96acf230 Exception <a 'sun/nio/fs/WindowsException'{0x000000008cf79b20}> (0x000000008cf79b20) 
thrown [s\src\hotspot\share\prims\jni.cpp, line 517]
Event: 5090.362 Thread 0x000001db96acf230 Exception <a 'java/lang/NoSuchMethodError'{0x000000008d5ce9e0}: 'long java.lang.invoke.DirectMethodHandle$Holder.invokeStatic(java.lang.Object)'> (0x000000008d5ce9e0) 
thrown [s\src\hotspot\share\interpreter\linkResolver.cpp, line 771]
Event: 5090.362 Thread 0x000001db96acf230 Exception <a 'java/lang/NoSuchMethodError'{0x000000008d5d3580}: 'long java.lang.invoke.DirectMethodHandle$Holder.invokeStaticInit(java.lang.Object)'> (0x000000008d5d3580) 
thrown [s\src\hotspot\share\interpreter\linkResolver.cpp, line 771]
Event: 5093.300 Thread 0x000001db96acf230 Implicit null exception at 0x000001db883619cd to 0x000001db883638b8
Event: 5093.307 Thread 0x000001db96acf230 Implicit null exception at 0x000001db88459380 to 0x000001db88459405
Event: 5093.447 Thread 0x000001db96acf230 Implicit null exception at 0x000001db87ef04bc to 0x000001db87ef10a0
Event: 5093.448 Thread 0x000001db96acf230 Implicit null exception at 0x000001db88361200 to 0x000001db883612b9

VM Operations (20 events):
Event: 5092.031 Executing VM operation: HandshakeAllThreads done
Event: 5092.175 Executing VM operation: HandshakeAllThreads
Event: 5092.175 Executing VM operation: HandshakeAllThreads done
Event: 5092.327 Executing VM operation: HandshakeAllThreads
Event: 5092.327 Executing VM operation: HandshakeAllThreads done
Event: 5092.535 Executing VM operation: G1CollectForAllocation
Event: 5092.541 Executing VM operation: G1CollectForAllocation done
Event: 5092.571 Executing VM operation: HandshakeAllThreads
Event: 5092.571 Executing VM operation: HandshakeAllThreads done
Event: 5092.586 Executing VM operation: G1TryInitiateConcMark
Event: 5092.593 Executing VM operation: G1TryInitiateConcMark done
Event: 5092.809 Executing VM operation: G1CollectForAllocation
Event: 5092.822 Executing VM operation: G1CollectForAllocation done
Event: 5093.053 Executing VM operation: G1CollectForAllocation
Event: 5093.076 Executing VM operation: G1CollectForAllocation done
Event: 5093.580 Executing VM operation: G1CollectForAllocation
Event: 5093.596 Executing VM operation: G1CollectForAllocation done
Event: 5093.626 Executing VM operation: G1Concurrent
Event: 5093.747 Executing VM operation: G1Concurrent done
Event: 5093.846 Executing VM operation: G1CollectForAllocation

Events (20 events):
Event: 5091.137 loading class sun/nio/cs/MS1251 done
Event: 5091.181 Thread 0x000001db97071420 Thread exited: 0x000001db97071420
Event: 5092.182 loading class java/beans/PropertyChangeSupport
Event: 5092.183 loading class java/beans/PropertyChangeSupport done
Event: 5092.183 loading class java/beans/PropertyChangeSupport$PropertyChangeListenerMap
Event: 5092.183 loading class java/beans/ChangeListenerMap
Event: 5092.209 loading class java/beans/ChangeListenerMap done
Event: 5092.209 loading class java/beans/PropertyChangeSupport$PropertyChangeListenerMap done
Event: 5092.492 loading class jdk/internal/jrtfs/JrtFileSystemProvider$1
Event: 5092.492 loading class jdk/internal/jrtfs/JrtFileSystemProvider$1 done
Event: 5092.492 loading class jdk/internal/jrtfs/JrtFileSystemProvider$JrtFsLoader
Event: 5092.492 loading class jdk/internal/jrtfs/JrtFileSystemProvider$JrtFsLoader done
Event: 5092.515 loading class java/io/IOError
Event: 5092.515 loading class java/io/IOError done
Event: 5092.569 loading class java/nio/file/attribute/DosFileAttributeView
Event: 5092.569 loading class java/nio/file/attribute/DosFileAttributeView done
Event: 5092.569 loading class sun/nio/fs/WindowsFileAttributeViews$Dos
Event: 5092.569 loading class sun/nio/fs/WindowsFileAttributeViews$Dos done
Event: 5092.686 Thread 0x000001db94acdaa0 Thread added: 0x000001db94acdaa0
Event: 5093.777 Thread 0x000001db94acdaa0 Thread exited: 0x000001db94acdaa0


Dynamic libraries:
0x00007ff7d5580000 - 0x00007ff7d558a000 	C:\Program Files\Android\Android Studio1\jbr\bin\java.exe
0x00007ff9343b0000 - 0x00007ff9345a8000 	C:\WINDOWS\SYSTEM32\ntdll.dll
0x00007ff933100000 - 0x00007ff9331bf000 	C:\WINDOWS\System32\KERNEL32.DLL
0x00007ff931e50000 - 0x00007ff932146000 	C:\WINDOWS\System32\KERNELBASE.dll
0x00007ff931a90000 - 0x00007ff931b90000 	C:\WINDOWS\System32\ucrtbase.dll
0x00007ff914230000 - 0x00007ff914247000 	C:\Program Files\Android\Android Studio1\jbr\bin\jli.dll
0x00007ff9326b0000 - 0x00007ff93284d000 	C:\WINDOWS\System32\USER32.dll
0x00007ff9323e0000 - 0x00007ff932402000 	C:\WINDOWS\System32\win32u.dll
0x00007ff934340000 - 0x00007ff93436c000 	C:\WINDOWS\System32\GDI32.dll
0x00007ff931cc0000 - 0x00007ff931dd5000 	C:\WINDOWS\System32\gdi32full.dll
0x00007ff932340000 - 0x00007ff9323dd000 	C:\WINDOWS\System32\msvcp_win.dll
0x00007ff92cb60000 - 0x00007ff92cb7b000 	C:\Program Files\Android\Android Studio1\jbr\bin\VCRUNTIME140.dll
0x00007ff930d80000 - 0x00007ff93101a000 	C:\WINDOWS\WinSxS\amd64_microsoft.windows.common-controls_6595b64144ccf1df_6.0.19041.1110_none_60b5254171f9507e\COMCTL32.dll
0x00007ff933340000 - 0x00007ff9333de000 	C:\WINDOWS\System32\msvcrt.dll
0x00007ff932870000 - 0x00007ff9328a0000 	C:\WINDOWS\System32\IMM32.DLL
0x00007ff92be60000 - 0x00007ff92be6c000 	C:\Program Files\Android\Android Studio1\jbr\bin\vcruntime140_1.dll
0x00007ff9103f0000 - 0x00007ff91047d000 	C:\Program Files\Android\Android Studio1\jbr\bin\msvcp140.dll
0x00007ff8c93e0000 - 0x00007ff8ca04e000 	C:\Program Files\Android\Android Studio1\jbr\bin\server\jvm.dll
0x00007ff932600000 - 0x00007ff9326af000 	C:\WINDOWS\System32\ADVAPI32.dll
0x00007ff932410000 - 0x00007ff9324ac000 	C:\WINDOWS\System32\sechost.dll
0x00007ff9324b0000 - 0x00007ff9325d6000 	C:\WINDOWS\System32\RPCRT4.dll
0x00007ff92a4c0000 - 0x00007ff92a4e7000 	C:\WINDOWS\SYSTEM32\WINMM.dll
0x00007ff92ed10000 - 0x00007ff92ed1a000 	C:\WINDOWS\SYSTEM32\VERSION.dll
0x00007ff8ec2f0000 - 0x00007ff8ec2f9000 	C:\WINDOWS\SYSTEM32\WSOCK32.dll
0x00007ff933030000 - 0x00007ff93309b000 	C:\WINDOWS\System32\WS2_32.dll
0x00007ff92ea30000 - 0x00007ff92ea42000 	C:\WINDOWS\SYSTEM32\kernel.appcore.dll
0x00007ff92bdf0000 - 0x00007ff92bdfa000 	C:\Program Files\Android\Android Studio1\jbr\bin\jimage.dll
0x00007ff9314a0000 - 0x00007ff931684000 	C:\WINDOWS\SYSTEM32\DBGHELP.DLL
0x00007ff9310c0000 - 0x00007ff9310f4000 	C:\WINDOWS\SYSTEM32\dbgcore.DLL
0x00007ff932150000 - 0x00007ff9321d2000 	C:\WINDOWS\System32\bcryptPrimitives.dll
0x00007ff92b870000 - 0x00007ff92b895000 	C:\Program Files\Android\Android Studio1\jbr\bin\java.dll
0x00007ff92bb70000 - 0x00007ff92bb88000 	C:\Program Files\Android\Android Studio1\jbr\bin\zip.dll
0x00007ff933750000 - 0x00007ff933e94000 	C:\WINDOWS\System32\SHELL32.dll
0x00007ff92ed20000 - 0x00007ff92f4b3000 	C:\WINDOWS\SYSTEM32\windows.storage.dll
0x00007ff9333e0000 - 0x00007ff933734000 	C:\WINDOWS\System32\combase.dll
0x00007ff931090000 - 0x00007ff9310be000 	C:\WINDOWS\SYSTEM32\Wldp.dll
0x00007ff933fb0000 - 0x00007ff93405d000 	C:\WINDOWS\System32\SHCORE.dll
0x00007ff9330a0000 - 0x00007ff9330f5000 	C:\WINDOWS\System32\shlwapi.dll
0x00007ff9319c0000 - 0x00007ff9319e5000 	C:\WINDOWS\SYSTEM32\profapi.dll
0x00007ff92b830000 - 0x00007ff92b849000 	C:\Program Files\Android\Android Studio1\jbr\bin\net.dll
0x00007ff9258f0000 - 0x00007ff9259fa000 	C:\WINDOWS\SYSTEM32\WINHTTP.dll
0x00007ff930b50000 - 0x00007ff930bba000 	C:\WINDOWS\system32\mswsock.dll
0x00007ff923c80000 - 0x00007ff923c96000 	C:\Program Files\Android\Android Studio1\jbr\bin\nio.dll
0x00007ff92bde0000 - 0x00007ff92bdf0000 	C:\Program Files\Android\Android Studio1\jbr\bin\verify.dll
0x00007ff9164b0000 - 0x00007ff9164d7000 	C:\Users\Bryan Russell\.gradle\native\68d5fa5c4cc2d200863cafc0d521ce42e7d3e7ee720ec0a83991735586a16f82\windows-amd64\native-platform.dll
0x00007ff8cd940000 - 0x00007ff8cda84000 	C:\Users\Bryan Russell\.gradle\native\e376f236ea51e6404a007f0833ffe2c6e607c4080706a723a18a27aeea778392\windows-amd64\native-platform-file-events.dll
0x00007ff92b860000 - 0x00007ff92b869000 	C:\Program Files\Android\Android Studio1\jbr\bin\management.dll
0x00007ff92b850000 - 0x00007ff92b85b000 	C:\Program Files\Android\Android Studio1\jbr\bin\management_ext.dll
0x00007ff933740000 - 0x00007ff933748000 	C:\WINDOWS\System32\PSAPI.DLL
0x00007ff931800000 - 0x00007ff931818000 	C:\WINDOWS\SYSTEM32\CRYPTSP.dll
0x00007ff9304a0000 - 0x00007ff9304d4000 	C:\WINDOWS\system32\rsaenh.dll
0x00007ff931c90000 - 0x00007ff931cb7000 	C:\WINDOWS\System32\bcrypt.dll
0x00007ff931980000 - 0x00007ff9319ae000 	C:\WINDOWS\SYSTEM32\USERENV.dll
0x00007ff930d40000 - 0x00007ff930d4c000 	C:\WINDOWS\SYSTEM32\CRYPTBASE.dll
0x00007ff930790000 - 0x00007ff9307cb000 	C:\WINDOWS\SYSTEM32\IPHLPAPI.DLL
0x00007ff932860000 - 0x00007ff932868000 	C:\WINDOWS\System32\NSI.dll
0x00007ff925b80000 - 0x00007ff925b97000 	C:\WINDOWS\SYSTEM32\dhcpcsvc6.DLL
0x00007ff926ec0000 - 0x00007ff926edd000 	C:\WINDOWS\SYSTEM32\dhcpcsvc.DLL
0x00007ff930880000 - 0x00007ff93094a000 	C:\WINDOWS\SYSTEM32\DNSAPI.dll
0x00007ff923ca0000 - 0x00007ff923ca7000 	C:\WINDOWS\system32\wshunix.dll
0x00007ff924e20000 - 0x00007ff924e2a000 	C:\Windows\System32\rasadhlp.dll
0x00007ff924eb0000 - 0x00007ff924f32000 	C:\WINDOWS\System32\fwpuclnt.dll
0x00007ff9317c0000 - 0x00007ff9317f3000 	C:\WINDOWS\SYSTEM32\ntmarta.dll
0x00007ff92e520000 - 0x00007ff92e5b1000 	C:\WINDOWS\system32\apphelp.dll

dbghelp: loaded successfully - version: 4.0.5 - missing functions: none
symbol engine: initialized successfully - sym options: 0x614 - pdb path: .;C:\Program Files\Android\Android Studio1\jbr\bin;C:\WINDOWS\SYSTEM32;C:\WINDOWS\WinSxS\amd64_microsoft.windows.common-controls_6595b64144ccf1df_6.0.19041.1110_none_60b5254171f9507e;C:\Program Files\Android\Android Studio1\jbr\bin\server;C:\Users\Bryan Russell\.gradle\native\68d5fa5c4cc2d200863cafc0d521ce42e7d3e7ee720ec0a83991735586a16f82\windows-amd64;C:\Users\Bryan Russell\.gradle\native\e376f236ea51e6404a007f0833ffe2c6e607c4080706a723a18a27aeea778392\windows-amd64

VM Arguments:
jvm_args: --add-opens=java.base/java.util=ALL-UNNAMED --add-opens=java.base/java.lang=ALL-UNNAMED --add-opens=java.base/java.lang.invoke=ALL-UNNAMED --add-opens=java.prefs/java.util.prefs=ALL-UNNAMED --add-opens=java.base/java.nio.charset=ALL-UNNAMED --add-opens=java.base/java.net=ALL-UNNAMED --add-opens=java.base/java.util.concurrent.atomic=ALL-UNNAMED -Xmx2048m -Dfile.encoding=UTF-8 -Duser.country=US -Duser.language=en -Duser.variant 
java_command: org.gradle.launcher.daemon.bootstrap.GradleDaemon 8.0
java_class_path (initial): C:\Users\Bryan Russell\.gradle\wrapper\dists\gradle-8.0-bin\ca5e32bp14vu59qr306oxotwh\gradle-8.0\lib\gradle-launcher-8.0.jar
Launcher Type: SUN_STANDARD

[Global flags]
     intx CICompilerCount                          = 3                                         {product} {ergonomic}
     uint ConcGCThreads                            = 1                                         {product} {ergonomic}
     uint G1ConcRefinementThreads                  = 4                                         {product} {ergonomic}
   size_t G1HeapRegionSize                         = 1048576                                   {product} {ergonomic}
    uintx GCDrainStackTargetSize                   = 64                                        {product} {ergonomic}
   size_t InitialHeapSize                          = 134217728                                 {product} {ergonomic}
   size_t MarkStackSize                            = 4194304                                   {product} {ergonomic}
   size_t MaxHeapSize                              = 2147483648                                {product} {command line}
   size_t MaxNewSize                               = 1287651328                                {product} {ergonomic}
   size_t MinHeapDeltaBytes                        = 1048576                                   {product} {ergonomic}
   size_t MinHeapSize                              = 8388608                                   {product} {ergonomic}
    uintx NonNMethodCodeHeapSize                   = 5832780                                {pd product} {ergonomic}
    uintx NonProfiledCodeHeapSize                  = 122912730                              {pd product} {ergonomic}
    uintx ProfiledCodeHeapSize                     = 122912730                              {pd product} {ergonomic}
    uintx ReservedCodeCacheSize                    = 251658240                              {pd product} {ergonomic}
     bool SegmentedCodeCache                       = true                                      {product} {ergonomic}
   size_t SoftMaxHeapSize                          = 2147483648                             {manageable} {ergonomic}
     bool UseCompressedClassPointers               = true                           {product lp64_product} {ergonomic}
     bool UseCompressedOops                        = true                           {product lp64_product} {ergonomic}
     bool UseG1GC                                  = true                                      {product} {ergonomic}
     bool UseLargePagesIndividualAllocation        = false                                  {pd product} {ergonomic}

Logging:
Log output configuration:
 #0: stdout all=warning uptime,level,tags
 #1: stderr all=off uptime,level,tags

Environment Variables:
PATH=C:\Program Files\Common Files\Oracle\Java\javapath;C:\Program Files (x86)\Common Files\Oracle\Java\javapath;C:\WINDOWS\system32;C:\WINDOWS;C:\WINDOWS\System32\Wbem;C:\WINDOWS\System32\WindowsPowerShell\v1.0\;C:\WINDOWS\System32\OpenSSH\;C:\Program Files\nodejs\;C:\Users\Bryan Russell\.gradle;C:\Program Files\Git\cmd;C:\Users\Bryan Russell\AppData\Local\Microsoft\WindowsApps;C:\Users\Bryan Russell\AppData\Local\Programs\Microsoft VS Code\bin;C:\Users\Bryan Russell\AppData\Roaming\npm;C:\Users\Bryan Russell\flutter\bin;
USERNAME=Bryan Russell
OS=Windows_NT
PROCESSOR_IDENTIFIER=Intel64 Family 6 Model 69 Stepping 1, GenuineIntel
TMP=C:\Users\BRYANR~1\AppData\Local\Temp
TEMP=C:\Users\BRYANR~1\AppData\Local\Temp


JNI global refs:
JNI global refs: 25, weak refs: 0

JNI global refs memory usage: 843, weak refs: 841


---------------  S Y S T E M  ---------------

OS:
 Windows 10 , 64 bit Build 19041 (10.0.19041.3155)
OS uptime: 0 days 22:19 hours

CPU: total 4 (initial active 4) (2 cores per cpu, 2 threads per core) family 6 model 69 stepping 1 microcode 0x25, cx8, cmov, fxsr, ht, mmx, sse, sse2, sse3, ssse3, sse4.1, sse4.2, popcnt, lzcnt, tsc, tscinvbit, avx, avx2, aes, erms, clmul, bmi1, bmi2, fma, vzeroupper, clflush

Memory: 4k page, system-wide physical 8104M (530M free)
TotalPageFile size 12200M (AvailPageFile size 479M)
current process WorkingSet (physical memory assigned to process): 495M, peak: 551M
current process commit charge ("private bytes"): 674M, peak: 1221M

vm_info: OpenJDK 64-Bit Server VM (17.0.6+0-b2043.56-10027231) for windows-amd64 JRE (17.0.6+0-b2043.56-10027231), built on Apr 28 2023 00:43:19 by "androidbuild" with MS VC++ 16.10 / 16.11 (VS2019)

END.
