#
# There is insufficient memory for the Java Runtime Environment to continue.
# Native memory allocation (mmap) failed to map 287309824 bytes for G1 virtual space
# Possible reasons:
#   The system is out of physical RAM or swap space
#   The process is running with CompressedOops enabled, and the Java Heap may be blocking the growth of the native heap
# Possible solutions:
#   Reduce memory load on the system
#   Increase physical memory or swap space
#   Check if swap backing store is full
#   Decrease Java heap size (-Xmx/-Xms)
#   Decrease number of Java threads
#   Decrease Java thread stack sizes (-Xss)
#   Set larger code cache with -XX:ReservedCodeCacheSize=
#   JVM is running with Unscaled Compressed Oops mode in which the Java heap is
#     placed in the first 4GB address space. The Java Heap base address is the
#     maximum limit for the native heap growth. Please use -XX:HeapBaseMinAddress
#     to set the Java Heap base and to place the Java Heap above 4GB virtual address.
# This output file may be truncated or incomplete.
#
#  Out of Memory Error (os_windows.cpp:3769), pid=10100, tid=15592
#
# JRE version: OpenJDK Runtime Environment (17.0.6) (build 17.0.6+0-b2043.56-10027231)
# Java VM: OpenJDK 64-Bit Server VM (17.0.6+0-b2043.56-10027231, mixed mode, tiered, compressed oops, compressed class ptrs, g1 gc, windows-amd64)
# No core dump will be written. Minidumps are not enabled by default on client versions of Windows
#

---------------  S U M M A R Y ------------

Command Line: --add-opens=java.base/java.util=ALL-UNNAMED --add-opens=java.base/java.lang=ALL-UNNAMED --add-opens=java.base/java.lang.invoke=ALL-UNNAMED --add-opens=java.prefs/java.util.prefs=ALL-UNNAMED --add-opens=java.base/java.nio.charset=ALL-UNNAMED --add-opens=java.base/java.net=ALL-UNNAMED --add-opens=java.base/java.util.concurrent.atomic=ALL-UNNAMED -Xmx2048m -Dfile.encoding=UTF-8 -Duser.country=US -Duser.language=en -Duser.variant -javaagent:C:\Users\Bryan Russell\.gradle\wrapper\dists\gradle-8.4-bin\1w5dpkrfk8irigvoxmyhowfim\gradle-8.4\lib\agents\gradle-instrumentation-agent-8.4.jar org.gradle.launcher.daemon.bootstrap.GradleDaemon 8.4

Host: Intel(R) Core(TM) i5-4200U CPU @ 1.60GHz, 4 cores, 7G,  Windows 10 , 64 bit Build 19041 (10.0.19041.3636)
Time: Tue Nov 28 14:50:57 2023 W. Central Africa Standard Time elapsed time: 171.345510 seconds (0d 0h 2m 51s)

---------------  T H R E A D  ---------------

Current thread (0x00000124fb65c890):  VMThread "VM Thread" [stack: 0x0000001b1d400000,0x0000001b1d500000] [id=15592]

Stack: [0x0000001b1d400000,0x0000001b1d500000]
Native frames: (J=compiled Java code, j=interpreted, Vv=VM code, C=native code)
V  [jvm.dll+0x683c9a]
V  [jvm.dll+0x8427a4]
V  [jvm.dll+0x843f9e]
V  [jvm.dll+0x844603]
V  [jvm.dll+0x249b75]
V  [jvm.dll+0x680b69]
V  [jvm.dll+0x67505a]
V  [jvm.dll+0x309acb]
V  [jvm.dll+0x310f86]
V  [jvm.dll+0x3608ee]
V  [jvm.dll+0x360b1f]
V  [jvm.dll+0x2dfbf8]
V  [jvm.dll+0x2ddec4]
V  [jvm.dll+0x2dd4cc]
V  [jvm.dll+0x321f3b]
V  [jvm.dll+0x848ccb]
V  [jvm.dll+0x849a04]
V  [jvm.dll+0x849f1d]
V  [jvm.dll+0x84a2f4]
V  [jvm.dll+0x84a3c0]
V  [jvm.dll+0x7f274a]
V  [jvm.dll+0x682ad5]
C  [ucrtbase.dll+0x21bb2]
C  [KERNEL32.DLL+0x17344]
C  [ntdll.dll+0x526b1]

VM_Operation (0x0000001b206f94d0): G1CollectForAllocation, mode: safepoint, requested by thread 0x00000124fe8cd8e0


---------------  P R O C E S S  ---------------

Threads class SMR info:
_java_thread_list=0x000001248435b890, length=49, elements={
0x00000124e20b1160, 0x00000124fb6624d0, 0x00000124fb663250, 0x00000124fb683e30,
0x00000124fb6846f0, 0x00000124fb684fb0, 0x00000124fc01c010, 0x00000124fc01fdc0,
0x00000124fc02a9a0, 0x00000124fc02b6a0, 0x00000124fc099fe0, 0x00000124fc258200,
0x00000124fe11e4f0, 0x00000124fdeab6b0, 0x00000124fc166b00, 0x00000124fd55e070,
0x00000124fd840ed0, 0x00000124fe175430, 0x00000124fe909f40, 0x0000012480031880,
0x0000012480030ee0, 0x0000012480032220, 0x0000012480030a10, 0x0000012480030540,
0x0000012480032bc0, 0x0000012480033090, 0x0000012480033560, 0x00000124800313b0,
0x0000012480033a30, 0x0000012480030070, 0x00000124fd62f550, 0x00000124fd62d3a0,
0x00000124fd62d870, 0x00000124fd62ca00, 0x00000124fd62dd40, 0x00000124fd62c060,
0x00000124fd62c530, 0x00000124fd62f080, 0x00000124fd62fa20, 0x00000124fe8ccf40,
0x00000124fe8cfa90, 0x00000124fe8d12a0, 0x00000124fe8cddb0, 0x00000124fe8d25e0,
0x00000124fe8d0900, 0x00000124fe8d1c40, 0x00000124fe8d0dd0, 0x00000124fe8cd8e0,
0x00000124fe8d2110
}

Java Threads: ( => current thread )
  0x00000124e20b1160 JavaThread "main" [_thread_blocked, id=5200, stack(0x0000001b1ce00000,0x0000001b1cf00000)]
  0x00000124fb6624d0 JavaThread "Reference Handler" daemon [_thread_blocked, id=15380, stack(0x0000001b1d500000,0x0000001b1d600000)]
  0x00000124fb663250 JavaThread "Finalizer" daemon [_thread_blocked, id=5912, stack(0x0000001b1d600000,0x0000001b1d700000)]
  0x00000124fb683e30 JavaThread "Signal Dispatcher" daemon [_thread_blocked, id=8944, stack(0x0000001b1d700000,0x0000001b1d800000)]
  0x00000124fb6846f0 JavaThread "Attach Listener" daemon [_thread_blocked, id=13404, stack(0x0000001b1d800000,0x0000001b1d900000)]
  0x00000124fb684fb0 JavaThread "Service Thread" daemon [_thread_blocked, id=18404, stack(0x0000001b1d900000,0x0000001b1da00000)]
  0x00000124fc01c010 JavaThread "Monitor Deflation Thread" daemon [_thread_blocked, id=13944, stack(0x0000001b1da00000,0x0000001b1db00000)]
  0x00000124fc01fdc0 JavaThread "C2 CompilerThread0" daemon [_thread_blocked, id=11440, stack(0x0000001b1db00000,0x0000001b1dc00000)]
  0x00000124fc02a9a0 JavaThread "C1 CompilerThread0" daemon [_thread_blocked, id=14964, stack(0x0000001b1dc00000,0x0000001b1dd00000)]
  0x00000124fc02b6a0 JavaThread "Sweeper thread" daemon [_thread_blocked, id=11112, stack(0x0000001b1dd00000,0x0000001b1de00000)]
  0x00000124fc099fe0 JavaThread "Common-Cleaner" daemon [_thread_blocked, id=876, stack(0x0000001b1de00000,0x0000001b1df00000)]
  0x00000124fc258200 JavaThread "Notification Thread" daemon [_thread_blocked, id=17268, stack(0x0000001b1df00000,0x0000001b1e000000)]
  0x00000124fe11e4f0 JavaThread "Daemon health stats" [_thread_blocked, id=15952, stack(0x0000001b1e400000,0x0000001b1e500000)]
  0x00000124fdeab6b0 JavaThread "Incoming local TCP Connector on port 56782" [_thread_in_native, id=3652, stack(0x0000001b1e500000,0x0000001b1e600000)]
  0x00000124fc166b00 JavaThread "Daemon periodic checks" [_thread_blocked, id=15192, stack(0x0000001b1e600000,0x0000001b1e700000)]
  0x00000124fd55e070 JavaThread "Daemon" [_thread_blocked, id=7264, stack(0x0000001b1e700000,0x0000001b1e800000)]
  0x00000124fd840ed0 JavaThread "Handler for socket connection from /127.0.0.1:56782 to /127.0.0.1:56783" [_thread_in_native, id=13720, stack(0x0000001b1e800000,0x0000001b1e900000)]
  0x00000124fe175430 JavaThread "Cancel handler" [_thread_blocked, id=1984, stack(0x0000001b1e900000,0x0000001b1ea00000)]
  0x00000124fe909f40 JavaThread "Daemon worker" [_thread_blocked, id=8992, stack(0x0000001b1ea00000,0x0000001b1eb00000)]
  0x0000012480031880 JavaThread "Asynchronous log dispatcher for DefaultDaemonConnection: socket connection from /127.0.0.1:56782 to /127.0.0.1:56783" [_thread_blocked, id=11352, stack(0x0000001b1eb00000,0x0000001b1ec00000)]
  0x0000012480030ee0 JavaThread "Daemon client event forwarder" [_thread_blocked, id=16564, stack(0x0000001b1ed00000,0x0000001b1ee00000)]
  0x0000012480032220 JavaThread "Cache worker for journal cache (C:\Users\Bryan Russell\.gradle\caches\journal-1)" [_thread_blocked, id=11884, stack(0x0000001b1ee00000,0x0000001b1ef00000)]
  0x0000012480030a10 JavaThread "File lock request listener" [_thread_in_native, id=12400, stack(0x0000001b1ef00000,0x0000001b1f000000)]
  0x0000012480030540 JavaThread "Cache worker for file hash cache (C:\Users\Bryan Russell\.gradle\caches\8.4\fileHashes)" [_thread_blocked, id=13428, stack(0x0000001b1f000000,0x0000001b1f100000)]
  0x0000012480032bc0 JavaThread "File watcher server" daemon [_thread_blocked, id=11320, stack(0x0000001b1f100000,0x0000001b1f200000)]
  0x0000012480033090 JavaThread "File watcher consumer" daemon [_thread_blocked, id=7504, stack(0x0000001b1f200000,0x0000001b1f300000)]
  0x0000012480033560 JavaThread "Cache worker for checksums cache (C:\Users\Bryan Russell\AndroidStudioProjects\Oya\.gradle\8.4\checksums)" [_thread_blocked, id=9816, stack(0x0000001b1f300000,0x0000001b1f400000)]
  0x00000124800313b0 JavaThread "Cache worker for file hash cache (C:\Users\Bryan Russell\AndroidStudioProjects\Oya\.gradle\8.4\fileHashes)" [_thread_blocked, id=11244, stack(0x0000001b1f400000,0x0000001b1f500000)]
  0x0000012480033a30 JavaThread "Cache worker for cache directory md-supplier (C:\Users\Bryan Russell\.gradle\caches\8.4\md-supplier)" [_thread_blocked, id=11160, stack(0x0000001b1f500000,0x0000001b1f600000)]
  0x0000012480030070 JavaThread "Cache worker for file content cache (C:\Users\Bryan Russell\.gradle\caches\8.4\fileContent)" [_thread_blocked, id=2092, stack(0x0000001b1f600000,0x0000001b1f700000)]
  0x00000124fd62f550 JavaThread "Cache worker for cache directory md-rule (C:\Users\Bryan Russell\.gradle\caches\8.4\md-rule)" [_thread_blocked, id=11976, stack(0x0000001b1f700000,0x0000001b1f800000)]
  0x00000124fd62d3a0 JavaThread "Cache worker for execution history cache (C:\Users\Bryan Russell\.gradle\caches\8.4\executionHistory)" [_thread_blocked, id=17240, stack(0x0000001b1f800000,0x0000001b1f900000)]
  0x00000124fd62d870 JavaThread "jar transforms" [_thread_blocked, id=4688, stack(0x0000001b1f900000,0x0000001b1fa00000)]
  0x00000124fd62ca00 JavaThread "jar transforms Thread 2" [_thread_blocked, id=15660, stack(0x0000001b1fa00000,0x0000001b1fb00000)]
  0x00000124fd62dd40 JavaThread "Cache worker for kotlin-dsl (C:\Users\Bryan Russell\.gradle\caches\8.4\kotlin-dsl)" [_thread_blocked, id=14668, stack(0x0000001b1fb00000,0x0000001b1fc00000)]
  0x00000124fd62c060 JavaThread "jar transforms Thread 3" [_thread_blocked, id=14412, stack(0x0000001b1fe00000,0x0000001b1ff00000)]
  0x00000124fd62c530 JavaThread "jar transforms Thread 4" [_thread_blocked, id=11028, stack(0x0000001b1ff00000,0x0000001b20000000)]
  0x00000124fd62f080 JavaThread "Cache worker for dependencies-accessors (C:\Users\Bryan Russell\AndroidStudioProjects\Oya\.gradle\8.4\dependencies-accessors)" [_thread_blocked, id=13172, stack(0x0000001b20000000,0x0000001b20100000)]
  0x00000124fd62fa20 JavaThread "Cache worker for Build Output Cleanup Cache (C:\Users\Bryan Russell\AndroidStudioProjects\Oya\.gradle\buildOutputCleanup)" [_thread_blocked, id=14456, stack(0x0000001b1cb00000,0x0000001b1cc00000)]
  0x00000124fe8ccf40 JavaThread "Unconstrained build operations" [_thread_blocked, id=16520, stack(0x0000001b1cd00000,0x0000001b1ce00000)]
  0x00000124fe8cfa90 JavaThread "Unconstrained build operations Thread 2" [_thread_blocked, id=17008, stack(0x0000001b20100000,0x0000001b20200000)]
  0x00000124fe8d12a0 JavaThread "Unconstrained build operations Thread 3" [_thread_blocked, id=10504, stack(0x0000001b20200000,0x0000001b20300000)]
  0x00000124fe8cddb0 JavaThread "build event listener" [_thread_blocked, id=15456, stack(0x0000001b1ec00000,0x0000001b1ed00000)]
  0x00000124fe8d25e0 JavaThread "Memory manager" [_thread_blocked, id=7756, stack(0x0000001b20300000,0x0000001b20400000)]
  0x00000124fe8d0900 JavaThread "included builds" [_thread_blocked, id=6300, stack(0x0000001b1fc00000,0x0000001b1fd00000)]
  0x00000124fe8d1c40 JavaThread "Execution worker" [_thread_blocked, id=12372, stack(0x0000001b20400000,0x0000001b20500000)]
  0x00000124fe8d0dd0 JavaThread "Execution worker Thread 2" [_thread_blocked, id=16016, stack(0x0000001b20500000,0x0000001b20600000)]
  0x00000124fe8cd8e0 JavaThread "Execution worker Thread 3" [_thread_blocked, id=6712, stack(0x0000001b20600000,0x0000001b20700000)]
  0x00000124fe8d2110 JavaThread "Cache worker for execution history cache (C:\Users\Bryan Russell\AndroidStudioProjects\Oya\.gradle\8.4\executionHistory)" [_thread_blocked, id=17904, stack(0x0000001b20700000,0x0000001b20800000)]

Other Threads:
=>0x00000124fb65c890 VMThread "VM Thread" [stack: 0x0000001b1d400000,0x0000001b1d500000] [id=15592]
  0x00000124e2121900 WatcherThread [stack: 0x0000001b1e000000,0x0000001b1e100000] [id=11128]
  0x00000124e210d560 GCTaskThread "GC Thread#0" [stack: 0x0000001b1cf00000,0x0000001b1d000000] [id=11968]
  0x00000124fc69f830 GCTaskThread "GC Thread#1" [stack: 0x0000001b1e200000,0x0000001b1e300000] [id=12384]
  0x00000124fc750c10 GCTaskThread "GC Thread#2" [stack: 0x0000001b1e300000,0x0000001b1e400000] [id=8752]
  0x00000124fd8cdd80 GCTaskThread "GC Thread#3" [stack: 0x0000001b1e100000,0x0000001b1e200000] [id=15156]
  0x00000124e00de670 ConcurrentGCThread "G1 Main Marker" [stack: 0x0000001b1d000000,0x0000001b1d100000] [id=17752]
  0x00000124e211a470 ConcurrentGCThread "G1 Conc#0" [stack: 0x0000001b1d100000,0x0000001b1d200000] [id=17068]
  0x00000124e217d880 ConcurrentGCThread "G1 Refine#0" [stack: 0x0000001b1d200000,0x0000001b1d300000] [id=16660]
  0x00000124e217e1b0 ConcurrentGCThread "G1 Service" [stack: 0x0000001b1d300000,0x0000001b1d400000] [id=11412]

Threads with active compile tasks:
C2 CompilerThread0   171712 10429       4       com.google.common.collect.SingletonImmutableSet::iterator (5 bytes)
C1 CompilerThread0   171712 10430       3       org.gradle.internal.component.external.model.AbstractVariantBackedConfigurationMetadata::isExternalVariant (10 bytes)

VM state: at safepoint (normal execution)

VM Mutex/Monitor currently owned by a thread:  ([mutex/lock_event])
[0x00000124e20ac6f0] Threads_lock - owner thread: 0x00000124fb65c890
[0x00000124e20acb70] Heap_lock - owner thread: 0x00000124fe8cd8e0

Heap address: 0x0000000080000000, size: 2048 MB, Compressed Oops mode: 32-bit

CDS archive(s) not mapped
Compressed class space mapped at: 0x0000000100000000-0x0000000140000000, reserved size: 1073741824
Narrow klass base: 0x0000000000000000, Narrow klass shift: 3, Narrow klass range: 0x140000000

GC Precious Log:
 CPUs: 4 total, 4 available
 Memory: 8104M
 Large Page Support: Disabled
 NUMA Support: Disabled
 Compressed Oops: Enabled (32-bit)
 Heap Region Size: 1M
 Heap Min Capacity: 8M
 Heap Initial Capacity: 128M
 Heap Max Capacity: 2G
 Pre-touch: Disabled
 Parallel Workers: 4
 Concurrent Workers: 1
 Concurrent Refinement Workers: 4
 Periodic GC: Disabled

Heap:
 garbage-first heap   total 140288K, used 90860K [0x0000000080000000, 0x0000000100000000)
  region size 1024K, 4 young (4096K), 4 survivors (4096K)
 Metaspace       used 98080K, committed 98944K, reserved 1138688K
  class space    used 13538K, committed 13952K, reserved 1048576K

Heap Regions: E=young(eden), S=young(survivor), O=old, HS=humongous(starts), HC=humongous(continues), CS=collection set, F=free, OA=open archive, CA=closed archive, TAMS=top-at-mark-start (previous, next)
|   0|0x0000000080000000, 0x0000000080100000, 0x0000000080100000|100%| O|  |TAMS 0x0000000080100000, 0x0000000080100000| Untracked 
|   1|0x0000000080100000, 0x0000000080200000, 0x0000000080200000|100%| O|  |TAMS 0x0000000080200000, 0x0000000080200000| Untracked 
|   2|0x0000000080200000, 0x0000000080300000, 0x0000000080300000|100%|HS|  |TAMS 0x0000000080300000, 0x0000000080300000| Complete 
|   3|0x0000000080300000, 0x0000000080400000, 0x0000000080400000|100%|HC|  |TAMS 0x0000000080400000, 0x0000000080400000| Complete 
|   4|0x0000000080400000, 0x0000000080500000, 0x0000000080500000|100%|HC|  |TAMS 0x0000000080500000, 0x0000000080500000| Complete 
|   5|0x0000000080500000, 0x0000000080600000, 0x0000000080600000|100%|HC|  |TAMS 0x0000000080600000, 0x0000000080600000| Complete 
|   6|0x0000000080600000, 0x0000000080700000, 0x0000000080700000|100%| O|  |TAMS 0x0000000080700000, 0x0000000080700000| Untracked 
|   7|0x0000000080700000, 0x0000000080800000, 0x0000000080800000|100%| O|  |TAMS 0x0000000080800000, 0x0000000080800000| Untracked 
|   8|0x0000000080800000, 0x0000000080900000, 0x0000000080900000|100%| O|  |TAMS 0x0000000080900000, 0x0000000080900000| Untracked 
|   9|0x0000000080900000, 0x0000000080a00000, 0x0000000080a00000|100%| O|  |TAMS 0x0000000080a00000, 0x0000000080a00000| Untracked 
|  10|0x0000000080a00000, 0x0000000080b00000, 0x0000000080b00000|100%| O|  |TAMS 0x0000000080b00000, 0x0000000080b00000| Untracked 
|  11|0x0000000080b00000, 0x0000000080c00000, 0x0000000080c00000|100%| O|  |TAMS 0x0000000080c00000, 0x0000000080c00000| Untracked 
|  12|0x0000000080c00000, 0x0000000080d00000, 0x0000000080d00000|100%| O|  |TAMS 0x0000000080d00000, 0x0000000080d00000| Untracked 
|  13|0x0000000080d00000, 0x0000000080dbb200, 0x0000000080e00000| 73%| O|  |TAMS 0x0000000080d00000, 0x0000000080d00000| Untracked 
|  14|0x0000000080e00000, 0x0000000080f00000, 0x0000000080f00000|100%| O|  |TAMS 0x0000000080f00000, 0x0000000080f00000| Untracked 
|  15|0x0000000080f00000, 0x0000000081000000, 0x0000000081000000|100%| O|  |TAMS 0x0000000081000000, 0x0000000081000000| Untracked 
|  16|0x0000000081000000, 0x0000000081100000, 0x0000000081100000|100%| O|  |TAMS 0x0000000081100000, 0x0000000081100000| Untracked 
|  17|0x0000000081100000, 0x0000000081200000, 0x0000000081200000|100%| O|  |TAMS 0x0000000081200000, 0x0000000081200000| Untracked 
|  18|0x0000000081200000, 0x0000000081300000, 0x0000000081300000|100%| O|  |TAMS 0x0000000081300000, 0x0000000081300000| Untracked 
|  19|0x0000000081300000, 0x0000000081400000, 0x0000000081400000|100%| O|  |TAMS 0x0000000081400000, 0x0000000081400000| Untracked 
|  20|0x0000000081400000, 0x0000000081500000, 0x0000000081500000|100%| O|  |TAMS 0x0000000081500000, 0x0000000081500000| Untracked 
|  21|0x0000000081500000, 0x0000000081600000, 0x0000000081600000|100%| O|  |TAMS 0x0000000081600000, 0x0000000081600000| Untracked 
|  22|0x0000000081600000, 0x0000000081700000, 0x0000000081700000|100%| O|  |TAMS 0x0000000081700000, 0x0000000081700000| Untracked 
|  23|0x0000000081700000, 0x0000000081800000, 0x0000000081800000|100%| O|  |TAMS 0x0000000081800000, 0x0000000081800000| Untracked 
|  24|0x0000000081800000, 0x0000000081900000, 0x0000000081900000|100%| O|  |TAMS 0x0000000081900000, 0x0000000081900000| Untracked 
|  25|0x0000000081900000, 0x0000000081a00000, 0x0000000081a00000|100%| O|  |TAMS 0x0000000081a00000, 0x0000000081a00000| Untracked 
|  26|0x0000000081a00000, 0x0000000081b00000, 0x0000000081b00000|100%| O|  |TAMS 0x0000000081b00000, 0x0000000081b00000| Untracked 
|  27|0x0000000081b00000, 0x0000000081c00000, 0x0000000081c00000|100%| O|  |TAMS 0x0000000081c00000, 0x0000000081c00000| Untracked 
|  28|0x0000000081c00000, 0x0000000081d00000, 0x0000000081d00000|100%| O|  |TAMS 0x0000000081d00000, 0x0000000081d00000| Untracked 
|  29|0x0000000081d00000, 0x0000000081e00000, 0x0000000081e00000|100%| O|  |TAMS 0x0000000081e00000, 0x0000000081e00000| Untracked 
|  30|0x0000000081e00000, 0x0000000081f00000, 0x0000000081f00000|100%| O|  |TAMS 0x0000000081f00000, 0x0000000081f00000| Untracked 
|  31|0x0000000081f00000, 0x0000000082000000, 0x0000000082000000|100%| O|  |TAMS 0x0000000082000000, 0x0000000082000000| Untracked 
|  32|0x0000000082000000, 0x0000000082100000, 0x0000000082100000|100%| O|  |TAMS 0x0000000082100000, 0x0000000082100000| Untracked 
|  33|0x0000000082100000, 0x0000000082200000, 0x0000000082200000|100%| O|  |TAMS 0x0000000082200000, 0x0000000082200000| Untracked 
|  34|0x0000000082200000, 0x0000000082300000, 0x0000000082300000|100%| O|  |TAMS 0x0000000082300000, 0x0000000082300000| Untracked 
|  35|0x0000000082300000, 0x0000000082400000, 0x0000000082400000|100%| O|  |TAMS 0x0000000082400000, 0x0000000082400000| Untracked 
|  36|0x0000000082400000, 0x0000000082500000, 0x0000000082500000|100%| O|  |TAMS 0x0000000082500000, 0x0000000082500000| Untracked 
|  37|0x0000000082500000, 0x0000000082600000, 0x0000000082600000|100%| O|  |TAMS 0x0000000082600000, 0x0000000082600000| Untracked 
|  38|0x0000000082600000, 0x0000000082700000, 0x0000000082700000|100%| O|  |TAMS 0x0000000082700000, 0x0000000082700000| Untracked 
|  39|0x0000000082700000, 0x0000000082800000, 0x0000000082800000|100%| O|  |TAMS 0x0000000082700000, 0x0000000082800000| Untracked 
|  40|0x0000000082800000, 0x0000000082900000, 0x0000000082900000|100%| O|  |TAMS 0x0000000082900000, 0x0000000082900000| Untracked 
|  41|0x0000000082900000, 0x0000000082a00000, 0x0000000082a00000|100%| O|  |TAMS 0x0000000082a00000, 0x0000000082a00000| Untracked 
|  42|0x0000000082a00000, 0x0000000082b00000, 0x0000000082b00000|100%|HS|  |TAMS 0x0000000082b00000, 0x0000000082b00000| Complete 
|  43|0x0000000082b00000, 0x0000000082c00000, 0x0000000082c00000|100%|HS|  |TAMS 0x0000000082c00000, 0x0000000082c00000| Complete 
|  44|0x0000000082c00000, 0x0000000082d00000, 0x0000000082d00000|100%|HS|  |TAMS 0x0000000082d00000, 0x0000000082d00000| Complete 
|  45|0x0000000082d00000, 0x0000000082e00000, 0x0000000082e00000|100%| O|  |TAMS 0x0000000082e00000, 0x0000000082e00000| Untracked 
|  46|0x0000000082e00000, 0x0000000082f00000, 0x0000000082f00000|100%| O|  |TAMS 0x0000000082f00000, 0x0000000082f00000| Untracked 
|  47|0x0000000082f00000, 0x0000000083000000, 0x0000000083000000|100%| O|  |TAMS 0x0000000083000000, 0x0000000083000000| Untracked 
|  48|0x0000000083000000, 0x0000000083100000, 0x0000000083100000|100%| O|  |TAMS 0x0000000083100000, 0x0000000083100000| Untracked 
|  49|0x0000000083100000, 0x0000000083200000, 0x0000000083200000|100%|HS|  |TAMS 0x0000000083200000, 0x0000000083200000| Complete 
|  50|0x0000000083200000, 0x0000000083300000, 0x0000000083300000|100%| O|  |TAMS 0x0000000083300000, 0x0000000083300000| Untracked 
|  51|0x0000000083300000, 0x0000000083400000, 0x0000000083400000|100%| O|  |TAMS 0x0000000083400000, 0x0000000083400000| Untracked 
|  52|0x0000000083400000, 0x0000000083500000, 0x0000000083500000|100%| O|  |TAMS 0x0000000083500000, 0x0000000083500000| Untracked 
|  53|0x0000000083500000, 0x0000000083600000, 0x0000000083600000|100%| O|  |TAMS 0x0000000083600000, 0x0000000083600000| Untracked 
|  54|0x0000000083600000, 0x0000000083700000, 0x0000000083700000|100%| O|  |TAMS 0x0000000083700000, 0x0000000083700000| Untracked 
|  55|0x0000000083700000, 0x0000000083800000, 0x0000000083800000|100%| O|  |TAMS 0x0000000083800000, 0x0000000083800000| Untracked 
|  56|0x0000000083800000, 0x0000000083900000, 0x0000000083900000|100%| O|  |TAMS 0x0000000083900000, 0x0000000083900000| Untracked 
|  57|0x0000000083900000, 0x0000000083a00000, 0x0000000083a00000|100%| O|  |TAMS 0x0000000083a00000, 0x0000000083a00000| Untracked 
|  58|0x0000000083a00000, 0x0000000083b00000, 0x0000000083b00000|100%| O|  |TAMS 0x0000000083b00000, 0x0000000083b00000| Untracked 
|  59|0x0000000083b00000, 0x0000000083c00000, 0x0000000083c00000|100%| O|  |TAMS 0x0000000083c00000, 0x0000000083c00000| Untracked 
|  60|0x0000000083c00000, 0x0000000083d00000, 0x0000000083d00000|100%| O|  |TAMS 0x0000000083d00000, 0x0000000083d00000| Untracked 
|  61|0x0000000083d00000, 0x0000000083e00000, 0x0000000083e00000|100%| O|  |TAMS 0x0000000083e00000, 0x0000000083e00000| Untracked 
|  62|0x0000000083e00000, 0x0000000083f00000, 0x0000000083f00000|100%| O|  |TAMS 0x0000000083f00000, 0x0000000083f00000| Untracked 
|  63|0x0000000083f00000, 0x0000000084000000, 0x0000000084000000|100%| O|  |TAMS 0x0000000084000000, 0x0000000084000000| Untracked 
|  64|0x0000000084000000, 0x0000000084100000, 0x0000000084100000|100%| O|  |TAMS 0x0000000084100000, 0x0000000084100000| Untracked 
|  65|0x0000000084100000, 0x0000000084200000, 0x0000000084200000|100%| O|  |TAMS 0x0000000084200000, 0x0000000084200000| Untracked 
|  66|0x0000000084200000, 0x0000000084300000, 0x0000000084300000|100%| O|  |TAMS 0x0000000084300000, 0x0000000084300000| Untracked 
|  67|0x0000000084300000, 0x0000000084400000, 0x0000000084400000|100%| O|  |TAMS 0x0000000084400000, 0x0000000084400000| Untracked 
|  68|0x0000000084400000, 0x0000000084500000, 0x0000000084500000|100%| O|  |TAMS 0x0000000084500000, 0x0000000084500000| Untracked 
|  69|0x0000000084500000, 0x0000000084600000, 0x0000000084600000|100%| O|  |TAMS 0x0000000084600000, 0x0000000084600000| Untracked 
|  70|0x0000000084600000, 0x0000000084700000, 0x0000000084700000|100%| O|  |TAMS 0x0000000084700000, 0x0000000084700000| Untracked 
|  71|0x0000000084700000, 0x0000000084800000, 0x0000000084800000|100%| O|  |TAMS 0x0000000084800000, 0x0000000084800000| Untracked 
|  72|0x0000000084800000, 0x0000000084900000, 0x0000000084900000|100%| O|  |TAMS 0x0000000084900000, 0x0000000084900000| Untracked 
|  73|0x0000000084900000, 0x0000000084a00000, 0x0000000084a00000|100%| O|  |TAMS 0x0000000084a00000, 0x0000000084a00000| Untracked 
|  74|0x0000000084a00000, 0x0000000084b00000, 0x0000000084b00000|100%| O|  |TAMS 0x0000000084b00000, 0x0000000084b00000| Untracked 
|  75|0x0000000084b00000, 0x0000000084c00000, 0x0000000084c00000|100%| O|  |TAMS 0x0000000084bec600, 0x0000000084c00000| Untracked 
|  76|0x0000000084c00000, 0x0000000084d00000, 0x0000000084d00000|100%| O|  |TAMS 0x0000000084c00000, 0x0000000084d00000| Untracked 
|  77|0x0000000084d00000, 0x0000000084e00000, 0x0000000084e00000|100%| O|  |TAMS 0x0000000084d00000, 0x0000000084e00000| Untracked 
|  78|0x0000000084e00000, 0x0000000084f00000, 0x0000000084f00000|100%| O|  |TAMS 0x0000000084e00000, 0x0000000084f00000| Untracked 
|  79|0x0000000084f00000, 0x0000000085000000, 0x0000000085000000|100%| O|  |TAMS 0x0000000084f00000, 0x0000000085000000| Untracked 
|  80|0x0000000085000000, 0x0000000085100000, 0x0000000085100000|100%| O|  |TAMS 0x0000000085000000, 0x0000000085100000| Untracked 
|  81|0x0000000085100000, 0x0000000085200000, 0x0000000085200000|100%| O|  |TAMS 0x0000000085100000, 0x0000000085200000| Untracked 
|  82|0x0000000085200000, 0x0000000085300000, 0x0000000085300000|100%| O|  |TAMS 0x0000000085200000, 0x0000000085300000| Untracked 
|  83|0x0000000085300000, 0x0000000085400000, 0x0000000085400000|100%| O|  |TAMS 0x0000000085300000, 0x0000000085400000| Untracked 
|  84|0x0000000085400000, 0x0000000085500000, 0x0000000085500000|100%| O|  |TAMS 0x0000000085400000, 0x00000000854c0400| Untracked 
|  85|0x0000000085500000, 0x0000000085500000, 0x0000000085600000|  0%| F|  |TAMS 0x0000000085500000, 0x0000000085500000| Untracked 
|  86|0x0000000085600000, 0x0000000085600000, 0x0000000085700000|  0%| F|  |TAMS 0x0000000085600000, 0x0000000085600000| Untracked 
|  87|0x0000000085700000, 0x0000000085700000, 0x0000000085800000|  0%| F|  |TAMS 0x0000000085700000, 0x0000000085700000| Untracked 
|  88|0x0000000085800000, 0x0000000085800000, 0x0000000085900000|  0%| F|  |TAMS 0x0000000085800000, 0x0000000085800000| Untracked 
|  89|0x0000000085900000, 0x0000000085900000, 0x0000000085a00000|  0%| F|  |TAMS 0x0000000085900000, 0x0000000085900000| Untracked 
|  90|0x0000000085a00000, 0x0000000085a00000, 0x0000000085b00000|  0%| F|  |TAMS 0x0000000085a00000, 0x0000000085a00000| Untracked 
|  91|0x0000000085b00000, 0x0000000085b00000, 0x0000000085c00000|  0%| F|  |TAMS 0x0000000085b00000, 0x0000000085b00000| Untracked 
|  92|0x0000000085c00000, 0x0000000085c00000, 0x0000000085d00000|  0%| F|  |TAMS 0x0000000085c00000, 0x0000000085c00000| Untracked 
|  93|0x0000000085d00000, 0x0000000085d00000, 0x0000000085e00000|  0%| F|  |TAMS 0x0000000085d00000, 0x0000000085d00000| Untracked 
|  94|0x0000000085e00000, 0x0000000085e00000, 0x0000000085f00000|  0%| F|  |TAMS 0x0000000085e00000, 0x0000000085e00000| Untracked 
|  95|0x0000000085f00000, 0x0000000085f00000, 0x0000000086000000|  0%| F|  |TAMS 0x0000000085f00000, 0x0000000085f00000| Untracked 
|  96|0x0000000086000000, 0x0000000086000000, 0x0000000086100000|  0%| F|  |TAMS 0x0000000086000000, 0x0000000086000000| Untracked 
|  97|0x0000000086100000, 0x0000000086100000, 0x0000000086200000|  0%| F|  |TAMS 0x0000000086100000, 0x0000000086100000| Untracked 
|  98|0x0000000086200000, 0x0000000086200000, 0x0000000086300000|  0%| F|  |TAMS 0x0000000086200000, 0x0000000086200000| Untracked 
|  99|0x0000000086300000, 0x0000000086300000, 0x0000000086400000|  0%| F|  |TAMS 0x0000000086300000, 0x0000000086300000| Untracked 
| 100|0x0000000086400000, 0x0000000086400000, 0x0000000086500000|  0%| F|  |TAMS 0x0000000086400000, 0x0000000086400000| Untracked 
| 101|0x0000000086500000, 0x0000000086500000, 0x0000000086600000|  0%| F|  |TAMS 0x0000000086500000, 0x0000000086500000| Untracked 
| 102|0x0000000086600000, 0x0000000086600000, 0x0000000086700000|  0%| F|  |TAMS 0x0000000086600000, 0x0000000086600000| Untracked 
| 103|0x0000000086700000, 0x0000000086700000, 0x0000000086800000|  0%| F|  |TAMS 0x0000000086700000, 0x0000000086700000| Untracked 
| 104|0x0000000086800000, 0x0000000086900000, 0x0000000086900000|100%| S|CS|TAMS 0x0000000086800000, 0x0000000086800000| Complete 
| 105|0x0000000086900000, 0x0000000086a00000, 0x0000000086a00000|100%| S|CS|TAMS 0x0000000086900000, 0x0000000086900000| Complete 
| 106|0x0000000086a00000, 0x0000000086b00000, 0x0000000086b00000|100%| S|CS|TAMS 0x0000000086a00000, 0x0000000086a00000| Complete 
| 107|0x0000000086b00000, 0x0000000086c00000, 0x0000000086c00000|100%| S|CS|TAMS 0x0000000086b00000, 0x0000000086b00000| Complete 
| 108|0x0000000086c00000, 0x0000000086c00000, 0x0000000086d00000|  0%| F|  |TAMS 0x0000000086c00000, 0x0000000086c00000| Untracked 
| 109|0x0000000086d00000, 0x0000000086d00000, 0x0000000086e00000|  0%| F|  |TAMS 0x0000000086d00000, 0x0000000086d00000| Untracked 
| 110|0x0000000086e00000, 0x0000000086e00000, 0x0000000086f00000|  0%| F|  |TAMS 0x0000000086e00000, 0x0000000086e00000| Untracked 
| 111|0x0000000086f00000, 0x0000000086f00000, 0x0000000087000000|  0%| F|  |TAMS 0x0000000086f00000, 0x0000000086f00000| Untracked 
| 112|0x0000000087000000, 0x0000000087000000, 0x0000000087100000|  0%| F|  |TAMS 0x0000000087000000, 0x0000000087000000| Untracked 
| 113|0x0000000087100000, 0x0000000087100000, 0x0000000087200000|  0%| F|  |TAMS 0x0000000087100000, 0x0000000087100000| Untracked 
| 114|0x0000000087200000, 0x0000000087200000, 0x0000000087300000|  0%| F|  |TAMS 0x0000000087200000, 0x0000000087200000| Untracked 
| 115|0x0000000087300000, 0x0000000087300000, 0x0000000087400000|  0%| F|  |TAMS 0x0000000087300000, 0x0000000087300000| Untracked 
| 116|0x0000000087400000, 0x0000000087400000, 0x0000000087500000|  0%| F|  |TAMS 0x0000000087400000, 0x0000000087400000| Untracked 
| 117|0x0000000087500000, 0x0000000087500000, 0x0000000087600000|  0%| F|  |TAMS 0x0000000087500000, 0x0000000087500000| Untracked 
| 118|0x0000000087600000, 0x0000000087600000, 0x0000000087700000|  0%| F|  |TAMS 0x0000000087600000, 0x0000000087600000| Untracked 
| 119|0x0000000087700000, 0x0000000087700000, 0x0000000087800000|  0%| F|  |TAMS 0x0000000087700000, 0x0000000087700000| Untracked 
| 120|0x0000000087800000, 0x0000000087800000, 0x0000000087900000|  0%| F|  |TAMS 0x0000000087800000, 0x0000000087800000| Untracked 
| 121|0x0000000087900000, 0x0000000087900000, 0x0000000087a00000|  0%| F|  |TAMS 0x0000000087900000, 0x0000000087900000| Untracked 
| 122|0x0000000087a00000, 0x0000000087a00000, 0x0000000087b00000|  0%| F|  |TAMS 0x0000000087a00000, 0x0000000087a00000| Untracked 
| 123|0x0000000087b00000, 0x0000000087b00000, 0x0000000087c00000|  0%| F|  |TAMS 0x0000000087b00000, 0x0000000087b00000| Untracked 
| 124|0x0000000087c00000, 0x0000000087c00000, 0x0000000087d00000|  0%| F|  |TAMS 0x0000000087c00000, 0x0000000087c00000| Untracked 
| 125|0x0000000087d00000, 0x0000000087d00000, 0x0000000087e00000|  0%| F|  |TAMS 0x0000000087d00000, 0x0000000087d00000| Untracked 
| 126|0x0000000087e00000, 0x0000000087e00000, 0x0000000087f00000|  0%| F|  |TAMS 0x0000000087e00000, 0x0000000087e00000| Untracked 
| 127|0x0000000087f00000, 0x0000000087f00000, 0x0000000088000000|  0%| F|  |TAMS 0x0000000087f00000, 0x0000000087f00000| Untracked 
| 128|0x0000000088000000, 0x0000000088000000, 0x0000000088100000|  0%| F|  |TAMS 0x0000000088000000, 0x0000000088000000| Untracked 
| 129|0x0000000088100000, 0x0000000088100000, 0x0000000088200000|  0%| F|  |TAMS 0x0000000088100000, 0x0000000088100000| Untracked 
| 130|0x0000000088200000, 0x0000000088200000, 0x0000000088300000|  0%| F|  |TAMS 0x0000000088200000, 0x0000000088200000| Untracked 
| 131|0x0000000088300000, 0x0000000088300000, 0x0000000088400000|  0%| F|  |TAMS 0x0000000088300000, 0x0000000088300000| Untracked 
| 132|0x0000000088400000, 0x0000000088400000, 0x0000000088500000|  0%| F|  |TAMS 0x0000000088400000, 0x0000000088400000| Untracked 
| 133|0x0000000088500000, 0x0000000088500000, 0x0000000088600000|  0%| F|  |TAMS 0x0000000088500000, 0x0000000088500000| Untracked 
| 134|0x0000000088600000, 0x0000000088600000, 0x0000000088700000|  0%| F|  |TAMS 0x0000000088600000, 0x0000000088600000| Untracked 
| 135|0x0000000088700000, 0x0000000088700000, 0x0000000088800000|  0%| F|  |TAMS 0x0000000088700000, 0x0000000088700000| Untracked 
| 136|0x0000000088800000, 0x0000000088800000, 0x0000000088900000|  0%| F|  |TAMS 0x0000000088800000, 0x0000000088800000| Untracked 

Card table byte_map: [0x00000124f4980000,0x00000124f4d80000] _byte_map_base: 0x00000124f4580000

Marking Bits (Prev, Next): (CMBitMap*) 0x00000124e00d9fe0, (CMBitMap*) 0x00000124e00d9fa0
 Prev Bits: [0x00000124f7180000, 0x00000124f9180000)
 Next Bits: [0x00000124f5180000, 0x00000124f7180000)

Polling page: 0x00000124dff50000

Metaspace:

Usage:
  Non-class:     82.56 MB used.
      Class:     13.22 MB used.
       Both:     95.78 MB used.

Virtual space:
  Non-class space:       88.00 MB reserved,      83.00 MB ( 94%) committed,  11 nodes.
      Class space:        1.00 GB reserved,      13.62 MB (  1%) committed,  1 nodes.
             Both:        1.09 GB reserved,      96.62 MB (  9%) committed. 

Chunk freelists:
   Non-Class:  1.05 MB
       Class:  2.36 MB
        Both:  3.41 MB

MaxMetaspaceSize: unlimited
CompressedClassSpaceSize: 1.00 GB
Initial GC threshold: 21.00 MB
Current GC threshold: 157.81 MB
CDS: off
MetaspaceReclaimPolicy: balanced
 - commit_granule_bytes: 65536.
 - commit_granule_words: 8192.
 - virtual_space_node_default_size: 1048576.
 - enlarge_chunks_in_place: 1.
 - new_chunks_are_fully_committed: 0.
 - uncommit_free_chunks: 1.
 - use_allocation_guard: 0.
 - handle_deallocations: 1.


Internal statistics:

num_allocs_failed_limit: 6.
num_arena_births: 1050.
num_arena_deaths: 0.
num_vsnodes_births: 12.
num_vsnodes_deaths: 0.
num_space_committed: 1546.
num_space_uncommitted: 0.
num_chunks_returned_to_freelist: 6.
num_chunks_taken_from_freelist: 4549.
num_chunk_merges: 6.
num_chunk_splits: 3026.
num_chunks_enlarged: 2047.
num_purges: 0.
num_inconsistent_stats: 0.

CodeHeap 'non-profiled nmethods': size=120000Kb used=5717Kb max_used=5717Kb free=114283Kb
 bounds [0x00000124ed050000, 0x00000124ed5f0000, 0x00000124f4580000]
CodeHeap 'profiled nmethods': size=120000Kb used=18994Kb max_used=18994Kb free=101005Kb
 bounds [0x00000124e5580000, 0x00000124e6810000, 0x00000124ecab0000]
CodeHeap 'non-nmethods': size=5760Kb used=2413Kb max_used=2469Kb free=3346Kb
 bounds [0x00000124ecab0000, 0x00000124ecd20000, 0x00000124ed050000]
 total_blobs=10445 nmethods=9495 adapters=862
 compilation: enabled
              stopped_count=0, restarted_count=0
 full_count=0

Compilation events (20 events):
Event: 171.061 Thread 0x00000124fc01fdc0 10416       4       org.gradle.api.internal.attributes.DefaultImmutableAttributes::isEmpty (13 bytes)
Event: 171.062 Thread 0x00000124fc01fdc0 nmethod 10416 0x00000124ed5e4e10 code [0x00000124ed5e4f80, 0x00000124ed5e5018]
Event: 171.079 Thread 0x00000124fc02a9a0 10421       3       org.gradle.internal.component.external.model.AbstractLazyModuleComponentResolveMetadata::buildVariantsForGraphTraversal (99 bytes)
Event: 171.081 Thread 0x00000124fc02a9a0 nmethod 10421 0x00000124e6804810 code [0x00000124e6804b20, 0x00000124e6805fe8]
Event: 171.198 Thread 0x00000124fc02a9a0 10422       3       org.gradle.api.internal.artifacts.ivyservice.resolveengine.graph.builder.DependencyGraphBuilder::attachToTargetRevisionsSerially (47 bytes)
Event: 171.199 Thread 0x00000124fc02a9a0 nmethod 10422 0x00000124e6806610 code [0x00000124e6806800, 0x00000124e6806e28]
Event: 171.199 Thread 0x00000124fc02a9a0 10423       1       org.gradle.internal.component.model.LocalComponentDependencyMetadata::isForce (5 bytes)
Event: 171.199 Thread 0x00000124fc02a9a0 nmethod 10423 0x00000124ed5e5110 code [0x00000124ed5e52a0, 0x00000124ed5e5378]
Event: 171.218 Thread 0x00000124fc02a9a0 10424       3       org.gradle.api.internal.artifacts.ivyservice.resolveengine.graph.builder.NodeState::dependencies (46 bytes)
Event: 171.219 Thread 0x00000124fc02a9a0 nmethod 10424 0x00000124e6807010 code [0x00000124e68071e0, 0x00000124e68074e8]
Event: 171.221 Thread 0x00000124fc02a9a0 10425       3       org.gradle.api.internal.artifacts.ivyservice.ivyresolve.CachingModuleComponentRepository$LocateInCacheRepositoryAccess::estimateMetadataFetchingCost (191 bytes)
Event: 171.223 Thread 0x00000124fc02a9a0 nmethod 10425 0x00000124e6807610 code [0x00000124e6807ae0, 0x00000124e680a298]
Event: 171.239 Thread 0x00000124fc02a9a0 10426       3       org.gradle.internal.component.external.model.ShadowedImmutableCapability::getGroup (10 bytes)
Event: 171.240 Thread 0x00000124fc02a9a0 nmethod 10426 0x00000124e680b110 code [0x00000124e680b2c0, 0x00000124e680b488]
Event: 171.254 Thread 0x00000124fc02a9a0 10428       3       java.util.Collections::indexedBinarySearch (85 bytes)
Event: 171.254 Thread 0x00000124fc02a9a0 nmethod 10428 0x00000124e680b590 code [0x00000124e680b760, 0x00000124e680bc48]
Event: 171.254 Thread 0x00000124fc02a9a0 10427       3       java.util.Collections::binarySearch (43 bytes)
Event: 171.255 Thread 0x00000124fc02a9a0 nmethod 10427 0x00000124e680be10 code [0x00000124e680c040, 0x00000124e680c7b8]
Event: 171.271 Thread 0x00000124fc01fdc0 10429       4       com.google.common.collect.SingletonImmutableSet::iterator (5 bytes)
Event: 171.273 Thread 0x00000124fc02a9a0 10430       3       org.gradle.internal.component.external.model.AbstractVariantBackedConfigurationMetadata::isExternalVariant (10 bytes)

GC Heap History (20 events):
Event: 146.694 GC heap after
{Heap after GC invocations=60 (full 0):
 garbage-first heap   total 122880K, used 68846K [0x0000000080000000, 0x0000000100000000)
  region size 1024K, 1 young (1024K), 1 survivors (1024K)
 Metaspace       used 84133K, committed 84736K, reserved 1122304K
  class space    used 11443K, committed 11712K, reserved 1048576K
}
Event: 156.503 GC heap before
{Heap before GC invocations=60 (full 0):
 garbage-first heap   total 122880K, used 100590K [0x0000000080000000, 0x0000000100000000)
  region size 1024K, 32 young (32768K), 1 survivors (1024K)
 Metaspace       used 86526K, committed 87104K, reserved 1130496K
  class space    used 11808K, committed 12096K, reserved 1048576K
}
Event: 156.509 GC heap after
{Heap after GC invocations=61 (full 0):
 garbage-first heap   total 122880K, used 70442K [0x0000000080000000, 0x0000000100000000)
  region size 1024K, 2 young (2048K), 2 survivors (2048K)
 Metaspace       used 86526K, committed 87104K, reserved 1130496K
  class space    used 11808K, committed 12096K, reserved 1048576K
}
Event: 158.075 GC heap before
{Heap before GC invocations=62 (full 0):
 garbage-first heap   total 135168K, used 101162K [0x0000000080000000, 0x0000000100000000)
  region size 1024K, 32 young (32768K), 2 survivors (2048K)
 Metaspace       used 87327K, committed 87872K, reserved 1130496K
  class space    used 11940K, committed 12224K, reserved 1048576K
}
Event: 158.087 GC heap after
{Heap after GC invocations=63 (full 0):
 garbage-first heap   total 135168K, used 73118K [0x0000000080000000, 0x0000000100000000)
  region size 1024K, 4 young (4096K), 4 survivors (4096K)
 Metaspace       used 87327K, committed 87872K, reserved 1130496K
  class space    used 11940K, committed 12224K, reserved 1048576K
}
Event: 158.094 GC heap before
{Heap before GC invocations=63 (full 0):
 garbage-first heap   total 135168K, used 75166K [0x0000000080000000, 0x0000000100000000)
  region size 1024K, 6 young (6144K), 4 survivors (4096K)
 Metaspace       used 87327K, committed 87872K, reserved 1130496K
  class space    used 11940K, committed 12224K, reserved 1048576K
}
Event: 158.104 GC heap after
{Heap after GC invocations=64 (full 0):
 garbage-first heap   total 135168K, used 73194K [0x0000000080000000, 0x0000000100000000)
  region size 1024K, 1 young (1024K), 1 survivors (1024K)
 Metaspace       used 87327K, committed 87872K, reserved 1130496K
  class space    used 11940K, committed 12224K, reserved 1048576K
}
Event: 160.566 GC heap before
{Heap before GC invocations=64 (full 0):
 garbage-first heap   total 135168K, used 111082K [0x0000000080000000, 0x0000000100000000)
  region size 1024K, 38 young (38912K), 1 survivors (1024K)
 Metaspace       used 89888K, committed 90496K, reserved 1130496K
  class space    used 12316K, committed 12608K, reserved 1048576K
}
Event: 160.574 GC heap after
{Heap after GC invocations=65 (full 0):
 garbage-first heap   total 135168K, used 75434K [0x0000000080000000, 0x0000000100000000)
  region size 1024K, 3 young (3072K), 3 survivors (3072K)
 Metaspace       used 89888K, committed 90496K, reserved 1130496K
  class space    used 12316K, committed 12608K, reserved 1048576K
}
Event: 162.730 GC heap before
{Heap before GC invocations=66 (full 0):
 garbage-first heap   total 138240K, used 111274K [0x0000000080000000, 0x0000000100000000)
  region size 1024K, 38 young (38912K), 3 survivors (3072K)
 Metaspace       used 92778K, committed 93440K, reserved 1130496K
  class space    used 12780K, committed 13120K, reserved 1048576K
}
Event: 162.742 GC heap after
{Heap after GC invocations=67 (full 0):
 garbage-first heap   total 138240K, used 77138K [0x0000000080000000, 0x0000000100000000)
  region size 1024K, 2 young (2048K), 2 survivors (2048K)
 Metaspace       used 92778K, committed 93440K, reserved 1130496K
  class space    used 12780K, committed 13120K, reserved 1048576K
}
Event: 162.978 GC heap before
{Heap before GC invocations=67 (full 0):
 garbage-first heap   total 138240K, used 81234K [0x0000000080000000, 0x0000000100000000)
  region size 1024K, 6 young (6144K), 2 survivors (2048K)
 Metaspace       used 93084K, committed 93760K, reserved 1130496K
  class space    used 12825K, committed 13184K, reserved 1048576K
}
Event: 162.984 GC heap after
{Heap after GC invocations=68 (full 0):
 garbage-first heap   total 138240K, used 77239K [0x0000000080000000, 0x0000000100000000)
  region size 1024K, 1 young (1024K), 1 survivors (1024K)
 Metaspace       used 93084K, committed 93760K, reserved 1130496K
  class space    used 12825K, committed 13184K, reserved 1048576K
}
Event: 164.733 GC heap before
{Heap before GC invocations=68 (full 0):
 garbage-first heap   total 138240K, used 115127K [0x0000000080000000, 0x0000000100000000)
  region size 1024K, 38 young (38912K), 1 survivors (1024K)
 Metaspace       used 96076K, committed 96832K, reserved 1138688K
  class space    used 13223K, committed 13568K, reserved 1048576K
}
Event: 164.742 GC heap after
{Heap after GC invocations=69 (full 0):
 garbage-first heap   total 138240K, used 80151K [0x0000000080000000, 0x0000000100000000)
  region size 1024K, 4 young (4096K), 4 survivors (4096K)
 Metaspace       used 96076K, committed 96832K, reserved 1138688K
  class space    used 13223K, committed 13568K, reserved 1048576K
}
Event: 165.376 GC heap before
{Heap before GC invocations=70 (full 0):
 garbage-first heap   total 140288K, used 114967K [0x0000000080000000, 0x0000000100000000)
  region size 1024K, 38 young (38912K), 4 survivors (4096K)
 Metaspace       used 96385K, committed 97088K, reserved 1138688K
  class space    used 13252K, committed 13568K, reserved 1048576K
}
Event: 165.392 GC heap after
{Heap after GC invocations=71 (full 0):
 garbage-first heap   total 140288K, used 85903K [0x0000000080000000, 0x0000000100000000)
  region size 1024K, 5 young (5120K), 5 survivors (5120K)
 Metaspace       used 96385K, committed 97088K, reserved 1138688K
  class space    used 13252K, committed 13568K, reserved 1048576K
}
Event: 165.400 GC heap before
{Heap before GC invocations=71 (full 0):
 garbage-first heap   total 140288K, used 86927K [0x0000000080000000, 0x0000000100000000)
  region size 1024K, 6 young (6144K), 5 survivors (5120K)
 Metaspace       used 96386K, committed 97088K, reserved 1138688K
  class space    used 13252K, committed 13568K, reserved 1048576K
}
Event: 165.415 GC heap after
{Heap after GC invocations=72 (full 0):
 garbage-first heap   total 140288K, used 86434K [0x0000000080000000, 0x0000000100000000)
  region size 1024K, 1 young (1024K), 1 survivors (1024K)
 Metaspace       used 96386K, committed 97088K, reserved 1138688K
  class space    used 13252K, committed 13568K, reserved 1048576K
}
Event: 171.273 GC heap before
{Heap before GC invocations=72 (full 0):
 garbage-first heap   total 140288K, used 114082K [0x0000000080000000, 0x0000000100000000)
  region size 1024K, 29 young (29696K), 1 survivors (1024K)
 Metaspace       used 98080K, committed 98944K, reserved 1138688K
  class space    used 13538K, committed 13952K, reserved 1048576K
}

Dll operation events (3 events):
Event: 0.344 Loaded shared library C:\Program Files\Android\Android Studio1\jbr\bin\java.dll
Event: 1.645 Loaded shared library C:\Program Files\Android\Android Studio1\jbr\bin\zip.dll
Event: 3.784 Loaded shared library C:\Program Files\Android\Android Studio1\jbr\bin\verify.dll

Deoptimization events (20 events):
Event: 166.171 Thread 0x00000124fe8cd8e0 Uncommon trap: trap_request=0xffffffc6 fr.pc=0x00000124ed2dc50c relative=0x000000000000052c
Event: 166.171 Thread 0x00000124fe8cd8e0 Uncommon trap: reason=bimorphic_or_optimized_type_check action=maybe_recompile pc=0x00000124ed2dc50c method=java.util.Collections$SetFromMap.remove(Ljava/lang/Object;)Z @ 5 c2
Event: 166.171 Thread 0x00000124fe8cd8e0 DEOPT PACKING pc=0x00000124ed2dc50c sp=0x0000001b206fe770
Event: 166.171 Thread 0x00000124fe8cd8e0 DEOPT UNPACKING pc=0x00000124ecb069a3 sp=0x0000001b206fe768 mode 2
Event: 166.399 Thread 0x00000124fe8cddb0 DEOPT PACKING pc=0x00000124e5e6ba57 sp=0x0000001b1ecfd730
Event: 166.399 Thread 0x00000124fe8cddb0 DEOPT UNPACKING pc=0x00000124ecb07143 sp=0x0000001b1ecfcba8 mode 0
Event: 166.405 Thread 0x00000124fe8cddb0 DEOPT PACKING pc=0x00000124e6474a64 sp=0x0000001b1ecfd7c0
Event: 166.405 Thread 0x00000124fe8cddb0 DEOPT UNPACKING pc=0x00000124ecb07143 sp=0x0000001b1ecfcc88 mode 0
Event: 166.548 Thread 0x00000124fe8cd8e0 Uncommon trap: trap_request=0xffffff45 fr.pc=0x00000124ed363af4 relative=0x00000000000006b4
Event: 166.548 Thread 0x00000124fe8cd8e0 Uncommon trap: reason=unstable_if action=reinterpret pc=0x00000124ed363af4 method=java.lang.ThreadLocal$ThreadLocalMap.set(Ljava/lang/ThreadLocal;Ljava/lang/Object;)V @ 125 c2
Event: 166.548 Thread 0x00000124fe8cd8e0 DEOPT PACKING pc=0x00000124ed363af4 sp=0x0000001b206fad30
Event: 166.548 Thread 0x00000124fe8cd8e0 DEOPT UNPACKING pc=0x00000124ecb069a3 sp=0x0000001b206face0 mode 2
Event: 169.674 Thread 0x00000124fe8cd8e0 Uncommon trap: trap_request=0xffffff45 fr.pc=0x00000124ed5c46e8 relative=0x0000000000000328
Event: 169.674 Thread 0x00000124fe8cd8e0 Uncommon trap: reason=unstable_if action=reinterpret pc=0x00000124ed5c46e8 method=org.gradle.api.internal.artifacts.ivyservice.dependencysubstitution.DefaultDependencySubstitutions$ModuleMatchDependencySubstitutionAction.execute(Lorg/gradle/api/artifacts/
Event: 169.674 Thread 0x00000124fe8cd8e0 DEOPT PACKING pc=0x00000124ed5c46e8 sp=0x0000001b206f9960
Event: 169.674 Thread 0x00000124fe8cd8e0 DEOPT UNPACKING pc=0x00000124ecb069a3 sp=0x0000001b206f98a0 mode 2
Event: 169.701 Thread 0x00000124fe8cd8e0 Uncommon trap: trap_request=0xffffff45 fr.pc=0x00000124ed5c3cec relative=0x000000000000032c
Event: 169.701 Thread 0x00000124fe8cd8e0 Uncommon trap: reason=unstable_if action=reinterpret pc=0x00000124ed5c3cec method=org.gradle.api.internal.artifacts.ivyservice.dependencysubstitution.DefaultDependencySubstitutions$ModuleMatchDependencySubstitutionAction.execute(Lorg/gradle/api/artifacts/
Event: 169.701 Thread 0x00000124fe8cd8e0 DEOPT PACKING pc=0x00000124ed5c3cec sp=0x0000001b206f98d0
Event: 169.701 Thread 0x00000124fe8cd8e0 DEOPT UNPACKING pc=0x00000124ecb069a3 sp=0x0000001b206f9888 mode 2

Classes unloaded (0 events):
No events

Classes redefined (0 events):
No events

Internal exceptions (20 events):
Event: 165.450 Thread 0x00000124fe909f40 Exception <a 'java/lang/ClassNotFoundException'{0x00000000884e6ab8}: com/android/build/gradle/internal/tasks/ListingFileRedirectTask_DecoratedBeanInfo> (0x00000000884e6ab8) 
thrown [s\src\hotspot\share\classfile\systemDictionary.cpp, line 256]
Event: 165.450 Thread 0x00000124fe909f40 Exception <a 'java/lang/ClassNotFoundException'{0x00000000884f3880}: com/android/build/gradle/internal/tasks/ListingFileRedirectTaskBeanInfo> (0x00000000884f3880) 
thrown [s\src\hotspot\share\classfile\systemDictionary.cpp, line 256]
Event: 165.450 Thread 0x00000124fe909f40 Exception <a 'java/lang/ClassNotFoundException'{0x0000000088300430}: com/android/build/gradle/internal/tasks/ListingFileRedirectTaskCustomizer> (0x0000000088300430) 
thrown [s\src\hotspot\share\classfile\systemDictionary.cpp, line 256]
Event: 165.451 Thread 0x00000124fe909f40 Exception <a 'java/lang/ClassNotFoundException'{0x000000008831d270}: com/android/build/gradle/internal/tasks/ListingFileRedirectTask_DecoratedCustomizer> (0x000000008831d270) 
thrown [s\src\hotspot\share\classfile\systemDictionary.cpp, line 256]
Event: 165.457 Thread 0x00000124fe909f40 Exception <a 'java/lang/NoSuchMethodError'{0x00000000883852d8}: 'java.lang.Object java.lang.invoke.DirectMethodHandle$Holder.newInvokeSpecial(java.lang.Object, java.lang.Object, java.lang.Object, java.lang.Object, int, java.lang.Object)'> (0x00000000883852d8) 
thrown [s\src\hotspot\share\interpreter\linkResolver.cpp, line 771]
Event: 165.458 Thread 0x00000124fe909f40 Exception <a 'java/lang/NoSuchMethodError'{0x000000008838a098}: 'java.lang.Object java.lang.invoke.Invokers$Holder.linkToTargetMethod(java.lang.Object, java.lang.Object, java.lang.Object, int, java.lang.Object, java.lang.Object)'> (0x000000008838a098) 
thrown [s\src\hotspot\share\interpreter\linkResolver.cpp, line 771]
Event: 165.599 Thread 0x00000124fe8cd8e0 Exception <a 'java/lang/NoSuchMethodError'{0x00000000881d3198}: 'void java.lang.invoke.DirectMethodHandle$Holder.invokeInterface(java.lang.Object, java.lang.Object, java.lang.Object, java.lang.Object)'> (0x00000000881d3198) 
thrown [s\src\hotspot\share\interpreter\linkResolver.cpp, line 771]
Event: 165.735 Thread 0x0000012480030ee0 Exception <a 'java/lang/NoSuchMethodError'{0x0000000087e510f8}: static Lorg/gradle/internal/build/event/types/DefaultTaskStartedProgressEvent;.<clinit>()V> (0x0000000087e510f8) 
thrown [s\src\hotspot\share\prims\jni.cpp, line 1108]
Event: 165.737 Thread 0x0000012480030ee0 Exception <a 'java/lang/NoSuchMethodError'{0x0000000087e65030}: static Lorg/gradle/internal/build/event/types/DefaultTaskDescriptor;.<clinit>()V> (0x0000000087e65030) 
thrown [s\src\hotspot\share\prims\jni.cpp, line 1108]
Event: 166.170 Thread 0x0000012480030ee0 Exception <a 'java/lang/NoSuchMethodError'{0x0000000087c4dee8}: static Lorg/gradle/internal/build/event/types/DefaultTaskFinishedProgressEvent;.<clinit>()V> (0x0000000087c4dee8) 
thrown [s\src\hotspot\share\prims\jni.cpp, line 1108]
Event: 166.171 Thread 0x0000012480030ee0 Exception <a 'java/lang/NoSuchMethodError'{0x0000000087c639f8}: static Lorg/gradle/internal/build/event/types/DefaultTaskSuccessResult;.<clinit>()V> (0x0000000087c639f8) 
thrown [s\src\hotspot\share\prims\jni.cpp, line 1108]
Event: 166.171 Thread 0x0000012480030ee0 Exception <a 'java/lang/NoSuchMethodError'{0x0000000087c65100}: static Lorg/gradle/internal/build/event/types/AbstractTaskResult;.<clinit>()V> (0x0000000087c65100) 
thrown [s\src\hotspot\share\prims\jni.cpp, line 1108]
Event: 166.389 Thread 0x00000124fe8cddb0 Exception <a 'java/lang/NoSuchMethodError'{0x0000000087b801f8}: static Lcom/android/buildanalyzer/common/AndroidGradlePluginAttributionData$BuildInfo;.<clinit>()V> (0x0000000087b801f8) 
thrown [s\src\hotspot\share\prims\jni.cpp, line 1108]
Event: 166.392 Thread 0x00000124fe8cddb0 Exception <a 'java/lang/NoSuchMethodError'{0x0000000087b97368}: static Lcom/android/buildanalyzer/common/AndroidGradlePluginAttributionData$JavaInfo;.<clinit>()V> (0x0000000087b97368) 
thrown [s\src\hotspot\share\prims\jni.cpp, line 1108]
Event: 166.397 Thread 0x00000124fe8cddb0 Exception <a 'java/lang/NoSuchMethodError'{0x0000000087bbb018}: static [Ljava/lang/String;.<clinit>()V> (0x0000000087bbb018) 
thrown [s\src\hotspot\share\prims\jni.cpp, line 1108]
Event: 166.398 Thread 0x00000124fe8cddb0 Exception <a 'java/lang/NoSuchMethodError'{0x0000000087bca738}: static Lcom/android/buildanalyzer/common/AndroidGradlePluginAttributionData$TaskInfo;.<clinit>()V> (0x0000000087bca738) 
thrown [s\src\hotspot\share\prims\jni.cpp, line 1108]
Event: 166.399 Thread 0x00000124fe8cddb0 Exception <a 'java/lang/NoSuchMethodError'{0x0000000087bd74b8}: static Lcom/android/buildanalyzer/common/AndroidGradlePluginAttributionData$TaskCategoryInfo;.<clinit>()V> (0x0000000087bd74b8) 
thrown [s\src\hotspot\share\prims\jni.cpp, line 1108]
Event: 166.408 Thread 0x00000124fe8cddb0 Exception <a 'java/lang/NoSuchMethodError'{0x0000000087a2e188}: 'void java.lang.invoke.DirectMethodHandle$Holder.invokeSpecial(java.lang.Object, java.lang.Object, java.lang.Object, int)'> (0x0000000087a2e188) 
thrown [s\src\hotspot\share\interpreter\linkResolver.cpp, line 771]
Event: 166.513 Thread 0x00000124fe8cd8e0 Exception <a 'sun/nio/fs/WindowsException'{0x0000000087c7bfa8}> (0x0000000087c7bfa8) 
thrown [s\src\hotspot\share\prims\jni.cpp, line 517]
Event: 166.534 Thread 0x0000012480030ee0 Exception <a 'java/lang/NoSuchMethodError'{0x00000000879951f0}: static Lorg/gradle/internal/build/event/types/DefaultTaskSkippedResult;.<clinit>()V> (0x00000000879951f0) 
thrown [s\src\hotspot\share\prims\jni.cpp, line 1108]

VM Operations (20 events):
Event: 165.040 Executing VM operation: G1Concurrent done
Event: 165.376 Executing VM operation: G1CollectForAllocation
Event: 165.392 Executing VM operation: G1CollectForAllocation done
Event: 165.400 Executing VM operation: G1CollectForAllocation
Event: 165.415 Executing VM operation: G1CollectForAllocation done
Event: 165.593 Executing VM operation: HandshakeAllThreads
Event: 165.593 Executing VM operation: HandshakeAllThreads done
Event: 166.168 Executing VM operation: HandshakeAllThreads
Event: 166.168 Executing VM operation: HandshakeAllThreads done
Event: 166.598 Executing VM operation: HandshakeAllThreads
Event: 166.598 Executing VM operation: HandshakeAllThreads done
Event: 166.598 Executing VM operation: Cleanup
Event: 166.598 Executing VM operation: Cleanup done
Event: 168.609 Executing VM operation: Cleanup
Event: 168.609 Executing VM operation: Cleanup done
Event: 169.619 Executing VM operation: Cleanup
Event: 169.619 Executing VM operation: Cleanup done
Event: 170.627 Executing VM operation: Cleanup
Event: 170.627 Executing VM operation: Cleanup done
Event: 171.273 Executing VM operation: G1CollectForAllocation

Events (20 events):
Event: 166.429 loading class java/io/ObjectInputStream$HandleTable
Event: 166.429 loading class java/io/ObjectInputStream$HandleTable done
Event: 166.429 loading class java/io/ObjectInputStream$HandleTable$HandleList
Event: 166.429 loading class java/io/ObjectInputStream$HandleTable$HandleList done
Event: 166.429 loading class java/io/ObjectInputStream$ValidationList
Event: 166.429 loading class java/io/ObjectInputStream$ValidationList done
Event: 166.429 loading class java/io/ObjectInputFilter$Config
Event: 166.430 loading class java/io/ObjectInputFilter$Config done
Event: 166.430 loading class java/io/ObjectInputFilter
Event: 166.430 loading class java/io/ObjectInputFilter done
Event: 166.431 loading class java/io/ObjectInputFilter$Config$BuiltinFilterFactory
Event: 166.431 loading class java/io/ObjectInputFilter$Config$BuiltinFilterFactory done
Event: 166.431 loading class jdk/internal/access/JavaObjectInputFilterAccess
Event: 166.431 loading class jdk/internal/access/JavaObjectInputFilterAccess done
Event: 166.431 loading class jdk/internal/event/DeserializationEvent
Event: 166.432 loading class jdk/internal/event/DeserializationEvent done
Event: 166.432 loading class java/io/ObjectInputStream$FieldValues
Event: 166.432 loading class java/io/ObjectInputStream$GetField
Event: 166.432 loading class java/io/ObjectInputStream$GetField done
Event: 166.432 loading class java/io/ObjectInputStream$FieldValues done


Dynamic libraries:
0x00007ff63a310000 - 0x00007ff63a31a000 	C:\Program Files\Android\Android Studio1\jbr\bin\java.exe
0x00007ffa36b50000 - 0x00007ffa36d48000 	C:\WINDOWS\SYSTEM32\ntdll.dll
0x00007ffa35690000 - 0x00007ffa3574d000 	C:\WINDOWS\System32\KERNEL32.DLL
0x00007ffa34540000 - 0x00007ffa34836000 	C:\WINDOWS\System32\KERNELBASE.dll
0x00007ffa34230000 - 0x00007ffa34330000 	C:\WINDOWS\System32\ucrtbase.dll
0x00007ffa1f2a0000 - 0x00007ffa1f2b7000 	C:\Program Files\Android\Android Studio1\jbr\bin\jli.dll
0x00007ffa34d20000 - 0x00007ffa34ebe000 	C:\WINDOWS\System32\USER32.dll
0x00007ffa34840000 - 0x00007ffa34862000 	C:\WINDOWS\System32\win32u.dll
0x00007ffa34ce0000 - 0x00007ffa34d0c000 	C:\WINDOWS\System32\GDI32.dll
0x00007ffa1c5a0000 - 0x00007ffa1c83a000 	C:\WINDOWS\WinSxS\amd64_microsoft.windows.common-controls_6595b64144ccf1df_6.0.19041.3636_none_60b6a03d71f818d5\COMCTL32.dll
0x00007ffa34a90000 - 0x00007ffa34baa000 	C:\WINDOWS\System32\gdi32full.dll
0x00007ffa36290000 - 0x00007ffa3632e000 	C:\WINDOWS\System32\msvcrt.dll
0x00007ffa34330000 - 0x00007ffa343cd000 	C:\WINDOWS\System32\msvcp_win.dll
0x00007ffa2e700000 - 0x00007ffa2e71b000 	C:\Program Files\Android\Android Studio1\jbr\bin\VCRUNTIME140.dll
0x00007ffa36570000 - 0x00007ffa365a0000 	C:\WINDOWS\System32\IMM32.DLL
0x00007ffa2f1c0000 - 0x00007ffa2f1cc000 	C:\Program Files\Android\Android Studio1\jbr\bin\vcruntime140_1.dll
0x00007ffa0e480000 - 0x00007ffa0e50d000 	C:\Program Files\Android\Android Studio1\jbr\bin\msvcp140.dll
0x00007ff9afd60000 - 0x00007ff9b09ce000 	C:\Program Files\Android\Android Studio1\jbr\bin\server\jvm.dll
0x00007ffa359d0000 - 0x00007ffa35a7f000 	C:\WINDOWS\System32\ADVAPI32.dll
0x00007ffa36600000 - 0x00007ffa3669c000 	C:\WINDOWS\System32\sechost.dll
0x00007ffa34bb0000 - 0x00007ffa34cd6000 	C:\WINDOWS\System32\RPCRT4.dll
0x00007ffa1c4e0000 - 0x00007ffa1c507000 	C:\WINDOWS\SYSTEM32\WINMM.dll
0x00007ffa27720000 - 0x00007ffa2772a000 	C:\WINDOWS\SYSTEM32\VERSION.dll
0x00007ffa2ffb0000 - 0x00007ffa2ffb9000 	C:\WINDOWS\SYSTEM32\WSOCK32.dll
0x00007ffa36330000 - 0x00007ffa3639b000 	C:\WINDOWS\System32\ws2_32.DLL
0x00007ffa320f0000 - 0x00007ffa32102000 	C:\WINDOWS\SYSTEM32\kernel.appcore.dll
0x00007ffa230a0000 - 0x00007ffa230aa000 	C:\Program Files\Android\Android Studio1\jbr\bin\jimage.dll
0x00007ffa21ab0000 - 0x00007ffa21c94000 	C:\WINDOWS\SYSTEM32\DBGHELP.DLL
0x00007ffa20b90000 - 0x00007ffa20bc4000 	C:\WINDOWS\SYSTEM32\dbgcore.DLL
0x00007ffa34870000 - 0x00007ffa348f2000 	C:\WINDOWS\System32\bcryptPrimitives.dll
0x00007ffa214d0000 - 0x00007ffa214de000 	C:\Program Files\Android\Android Studio1\jbr\bin\instrument.dll
0x00007ffa1f3c0000 - 0x00007ffa1f3e5000 	C:\Program Files\Android\Android Studio1\jbr\bin\java.dll
0x00007ffa1f440000 - 0x00007ffa1f458000 	C:\Program Files\Android\Android Studio1\jbr\bin\zip.dll
0x00007ffa35a80000 - 0x00007ffa361c4000 	C:\WINDOWS\System32\SHELL32.dll
0x00007ffa322f0000 - 0x00007ffa32a8b000 	C:\WINDOWS\SYSTEM32\windows.storage.dll
0x00007ffa35050000 - 0x00007ffa353a4000 	C:\WINDOWS\System32\combase.dll
0x00007ffa33ba0000 - 0x00007ffa33bcd000 	C:\WINDOWS\SYSTEM32\Wldp.dll
0x00007ffa34ec0000 - 0x00007ffa34f6d000 	C:\WINDOWS\System32\SHCORE.dll
0x00007ffa358e0000 - 0x00007ffa35935000 	C:\WINDOWS\System32\shlwapi.dll
0x00007ffa34160000 - 0x00007ffa34185000 	C:\WINDOWS\SYSTEM32\profapi.dll
0x00007ffa2fff0000 - 0x00007ffa30009000 	C:\Program Files\Android\Android Studio1\jbr\bin\net.dll
0x00007ffa27e80000 - 0x00007ffa27f8a000 	C:\WINDOWS\SYSTEM32\WINHTTP.dll
0x00007ffa33900000 - 0x00007ffa3396a000 	C:\WINDOWS\system32\mswsock.dll
0x00007ffa2ffd0000 - 0x00007ffa2ffe6000 	C:\Program Files\Android\Android Studio1\jbr\bin\nio.dll
0x00007ffa2ff40000 - 0x00007ffa2ff50000 	C:\Program Files\Android\Android Studio1\jbr\bin\verify.dll
0x00007ffa16ac0000 - 0x00007ffa16ae7000 	C:\Users\Bryan Russell\.gradle\native\c067742578af261105cb4f569cf0c3c89f3d7b1fecec35dd04571415982c5e48\windows-amd64\native-platform.dll
0x00007ff9ce330000 - 0x00007ff9ce474000 	C:\Users\Bryan Russell\.gradle\native\38dada09dfb8b06ba9b0570ebf7e218e3eb74d4ef43ca46872605cf95ebc2f47\windows-amd64\native-platform-file-events.dll
0x00007ffa2fec0000 - 0x00007ffa2fec9000 	C:\Program Files\Android\Android Studio1\jbr\bin\management.dll
0x00007ffa22670000 - 0x00007ffa2267b000 	C:\Program Files\Android\Android Studio1\jbr\bin\management_ext.dll
0x00007ffa35750000 - 0x00007ffa35758000 	C:\WINDOWS\System32\PSAPI.DLL
0x00007ffa33af0000 - 0x00007ffa33b08000 	C:\WINDOWS\SYSTEM32\CRYPTSP.dll
0x00007ffa33230000 - 0x00007ffa33264000 	C:\WINDOWS\system32\rsaenh.dll
0x00007ffa34900000 - 0x00007ffa34927000 	C:\WINDOWS\System32\bcrypt.dll
0x00007ffa340e0000 - 0x00007ffa3410e000 	C:\WINDOWS\SYSTEM32\USERENV.dll
0x00007ffa33b10000 - 0x00007ffa33b1c000 	C:\WINDOWS\SYSTEM32\CRYPTBASE.dll
0x00007ffa335f0000 - 0x00007ffa3362b000 	C:\WINDOWS\SYSTEM32\IPHLPAPI.DLL
0x00007ffa34d10000 - 0x00007ffa34d18000 	C:\WINDOWS\System32\NSI.dll
0x00007ffa281c0000 - 0x00007ffa281d7000 	C:\WINDOWS\SYSTEM32\dhcpcsvc6.DLL
0x00007ffa28630000 - 0x00007ffa2864d000 	C:\WINDOWS\SYSTEM32\dhcpcsvc.DLL
0x00007ffa33630000 - 0x00007ffa336fa000 	C:\WINDOWS\SYSTEM32\DNSAPI.dll
0x00007ffa22660000 - 0x00007ffa22667000 	C:\WINDOWS\system32\wshunix.dll
0x00007ffa26a80000 - 0x00007ffa26a8a000 	C:\Windows\System32\rasadhlp.dll
0x00007ffa27960000 - 0x00007ffa279e0000 	C:\WINDOWS\System32\fwpuclnt.dll

dbghelp: loaded successfully - version: 4.0.5 - missing functions: none
symbol engine: initialized successfully - sym options: 0x614 - pdb path: .;C:\Program Files\Android\Android Studio1\jbr\bin;C:\WINDOWS\SYSTEM32;C:\WINDOWS\WinSxS\amd64_microsoft.windows.common-controls_6595b64144ccf1df_6.0.19041.3636_none_60b6a03d71f818d5;C:\Program Files\Android\Android Studio1\jbr\bin\server;C:\Users\Bryan Russell\.gradle\native\c067742578af261105cb4f569cf0c3c89f3d7b1fecec35dd04571415982c5e48\windows-amd64;C:\Users\Bryan Russell\.gradle\native\38dada09dfb8b06ba9b0570ebf7e218e3eb74d4ef43ca46872605cf95ebc2f47\windows-amd64

VM Arguments:
jvm_args: --add-opens=java.base/java.util=ALL-UNNAMED --add-opens=java.base/java.lang=ALL-UNNAMED --add-opens=java.base/java.lang.invoke=ALL-UNNAMED --add-opens=java.prefs/java.util.prefs=ALL-UNNAMED --add-opens=java.base/java.nio.charset=ALL-UNNAMED --add-opens=java.base/java.net=ALL-UNNAMED --add-opens=java.base/java.util.concurrent.atomic=ALL-UNNAMED -Xmx2048m -Dfile.encoding=UTF-8 -Duser.country=US -Duser.language=en -Duser.variant -javaagent:C:\Users\Bryan Russell\.gradle\wrapper\dists\gradle-8.4-bin\1w5dpkrfk8irigvoxmyhowfim\gradle-8.4\lib\agents\gradle-instrumentation-agent-8.4.jar 
java_command: org.gradle.launcher.daemon.bootstrap.GradleDaemon 8.4
java_class_path (initial): C:\Users\Bryan Russell\.gradle\wrapper\dists\gradle-8.4-bin\1w5dpkrfk8irigvoxmyhowfim\gradle-8.4\lib\gradle-launcher-8.4.jar
Launcher Type: SUN_STANDARD

[Global flags]
     intx CICompilerCount                          = 3                                         {product} {ergonomic}
     uint ConcGCThreads                            = 1                                         {product} {ergonomic}
     uint G1ConcRefinementThreads                  = 4                                         {product} {ergonomic}
   size_t G1HeapRegionSize                         = 1048576                                   {product} {ergonomic}
    uintx GCDrainStackTargetSize                   = 64                                        {product} {ergonomic}
   size_t InitialHeapSize                          = 134217728                                 {product} {ergonomic}
   size_t MarkStackSize                            = 4194304                                   {product} {ergonomic}
   size_t MaxHeapSize                              = 2147483648                                {product} {command line}
   size_t MaxNewSize                               = 1287651328                                {product} {ergonomic}
   size_t MinHeapDeltaBytes                        = 1048576                                   {product} {ergonomic}
   size_t MinHeapSize                              = 8388608                                   {product} {ergonomic}
    uintx NonNMethodCodeHeapSize                   = 5832780                                {pd product} {ergonomic}
    uintx NonProfiledCodeHeapSize                  = 122912730                              {pd product} {ergonomic}
    uintx ProfiledCodeHeapSize                     = 122912730                              {pd product} {ergonomic}
    uintx ReservedCodeCacheSize                    = 251658240                              {pd product} {ergonomic}
     bool SegmentedCodeCache                       = true                                      {product} {ergonomic}
   size_t SoftMaxHeapSize                          = 2147483648                             {manageable} {ergonomic}
     bool UseCompressedClassPointers               = true                           {product lp64_product} {ergonomic}
     bool UseCompressedOops                        = true                           {product lp64_product} {ergonomic}
     bool UseG1GC                                  = true                                      {product} {ergonomic}
     bool UseLargePagesIndividualAllocation        = false                                  {pd product} {ergonomic}

Logging:
Log output configuration:
 #0: stdout all=warning uptime,level,tags
 #1: stderr all=off uptime,level,tags

Environment Variables:
PATH=C:\Program Files\Common Files\Oracle\Java\javapath;C:\Program Files (x86)\Common Files\Oracle\Java\javapath;C:\WINDOWS\system32;C:\WINDOWS;C:\WINDOWS\System32\Wbem;C:\WINDOWS\System32\WindowsPowerShell\v1.0\;C:\WINDOWS\System32\OpenSSH\;C:\Program Files\nodejs\;C:\Users\Bryan Russell\.gradle;C:\Program Files\Git\cmd;C:\Users\Bryan Russell\AppData\Local\Microsoft\WindowsApps;C:\Users\Bryan Russell\AppData\Local\Programs\Microsoft VS Code\bin;C:\Users\Bryan Russell\AppData\Roaming\npm;C:\Users\Bryan Russell\flutter\bin;
USERNAME=Bryan Russell
OS=Windows_NT
PROCESSOR_IDENTIFIER=Intel64 Family 6 Model 69 Stepping 1, GenuineIntel
TMP=C:\Users\BRYANR~1\AppData\Local\Temp
TEMP=C:\Users\BRYANR~1\AppData\Local\Temp


JNI global refs:
JNI global refs: 28, weak refs: 1

JNI global refs memory usage: 843, weak refs: 841


---------------  S Y S T E M  ---------------

OS:
 Windows 10 , 64 bit Build 19041 (10.0.19041.3636)
OS uptime: 0 days 22:43 hours

CPU: total 4 (initial active 4) (2 cores per cpu, 2 threads per core) family 6 model 69 stepping 1 microcode 0x25, cx8, cmov, fxsr, ht, mmx, sse, sse2, sse3, ssse3, sse4.1, sse4.2, popcnt, lzcnt, tsc, tscinvbit, avx, avx2, aes, erms, clmul, bmi1, bmi2, fma, vzeroupper, clflush

Memory: 4k page, system-wide physical 8104M (313M free)
TotalPageFile size 12200M (AvailPageFile size 241M)
current process WorkingSet (physical memory assigned to process): 376M, peak: 386M
current process commit charge ("private bytes"): 399M, peak: 673M

vm_info: OpenJDK 64-Bit Server VM (17.0.6+0-b2043.56-10027231) for windows-amd64 JRE (17.0.6+0-b2043.56-10027231), built on Apr 28 2023 00:43:19 by "androidbuild" with MS VC++ 16.10 / 16.11 (VS2019)

END.
