#
# There is insufficient memory for the Java Runtime Environment to continue.
# Native memory allocation (mmap) failed to map 124780544 bytes for G1 virtual space
# Possible reasons:
#   The system is out of physical RAM or swap space
#   The process is running with CompressedOops enabled, and the Java Heap may be blocking the growth of the native heap
# Possible solutions:
#   Reduce memory load on the system
#   Increase physical memory or swap space
#   Check if swap backing store is full
#   Decrease Java heap size (-Xmx/-Xms)
#   Decrease number of Java threads
#   Decrease Java thread stack sizes (-Xss)
#   Set larger code cache with -XX:ReservedCodeCacheSize=
#   JVM is running with Unscaled Compressed Oops mode in which the Java heap is
#     placed in the first 4GB address space. The Java Heap base address is the
#     maximum limit for the native heap growth. Please use -XX:HeapBaseMinAddress
#     to set the Java Heap base and to place the Java Heap above 4GB virtual address.
# This output file may be truncated or incomplete.
#
#  Out of Memory Error (os_windows.cpp:3769), pid=14936, tid=10200
#
# JRE version: OpenJDK Runtime Environment (17.0.6) (build 17.0.6+0-b2043.56-10027231)
# Java VM: OpenJDK 64-Bit Server VM (17.0.6+0-b2043.56-10027231, mixed mode, tiered, compressed oops, compressed class ptrs, g1 gc, windows-amd64)
# No core dump will be written. Minidumps are not enabled by default on client versions of Windows
#

---------------  S U M M A R Y ------------

Command Line: --add-opens=java.base/java.util=ALL-UNNAMED --add-opens=java.base/java.lang=ALL-UNNAMED --add-opens=java.base/java.lang.invoke=ALL-UNNAMED --add-opens=java.prefs/java.util.prefs=ALL-UNNAMED --add-opens=java.base/java.nio.charset=ALL-UNNAMED --add-opens=java.base/java.net=ALL-UNNAMED --add-opens=java.base/java.util.concurrent.atomic=ALL-UNNAMED -Xmx2048m -Dfile.encoding=UTF-8 -Duser.country=US -Duser.language=en -Duser.variant org.gradle.launcher.daemon.bootstrap.GradleDaemon 8.0

Host: Intel(R) Core(TM) i5-4200U CPU @ 1.60GHz, 4 cores, 7G,  Windows 10 , 64 bit Build 19041 (10.0.19041.3570)
Time: Mon Oct 23 22:26:27 2023 W. Central Africa Standard Time elapsed time: 33.095698 seconds (0d 0h 0m 33s)

---------------  T H R E A D  ---------------

Current thread (0x000001e4533e9d80):  VMThread "VM Thread" [stack: 0x0000009a6c300000,0x0000009a6c400000] [id=10200]

Stack: [0x0000009a6c300000,0x0000009a6c400000]
Native frames: (J=compiled Java code, j=interpreted, Vv=VM code, C=native code)
V  [jvm.dll+0x683c9a]
V  [jvm.dll+0x8427a4]
V  [jvm.dll+0x843f9e]
V  [jvm.dll+0x844603]
V  [jvm.dll+0x249b75]
V  [jvm.dll+0x680b69]
V  [jvm.dll+0x67505a]
V  [jvm.dll+0x309acb]
V  [jvm.dll+0x310f86]
V  [jvm.dll+0x3608ee]
V  [jvm.dll+0x360b1f]
V  [jvm.dll+0x2dfbf8]
V  [jvm.dll+0x2ddec4]
V  [jvm.dll+0x2dd4cc]
V  [jvm.dll+0x321f3b]
V  [jvm.dll+0x848ccb]
V  [jvm.dll+0x849a04]
V  [jvm.dll+0x849f1d]
V  [jvm.dll+0x84a2f4]
V  [jvm.dll+0x84a3c0]
V  [jvm.dll+0x7f274a]
V  [jvm.dll+0x682ad5]
C  [ucrtbase.dll+0x21bb2]
C  [KERNEL32.DLL+0x17344]
C  [ntdll.dll+0x526b1]

VM_Operation (0x0000009a6d9f6dc0): G1CollectForAllocation, mode: safepoint, requested by thread 0x000001e45654c9f0


---------------  P R O C E S S  ---------------

Threads class SMR info:
_java_thread_list=0x000001e45898d380, length=82, elements={
0x000001e439e387c0, 0x000001e4533ee8b0, 0x000001e4533efe40, 0x000001e4534117d0,
0x000001e4534132a0, 0x000001e453439fa0, 0x000001e45343a860, 0x000001e45343b450,
0x000001e454013a90, 0x000001e45402dd70, 0x000001e45418cbc0, 0x000001e454197f80,
0x000001e4558ff130, 0x000001e45556bb50, 0x000001e4568d4080, 0x000001e455b57140,
0x000001e4559cc980, 0x000001e45516d9b0, 0x000001e45654c9f0, 0x000001e455aac480,
0x000001e455aadc90, 0x000001e455aae160, 0x000001e455aace20, 0x000001e455aac950,
0x000001e455aad2f0, 0x000001e455aae630, 0x000001e455aabae0, 0x000001e455aabfb0,
0x000001e455aad7c0, 0x000001e455aaac70, 0x000001e455aab140, 0x000001e455aab610,
0x000001e4581acbd0, 0x000001e4581ac230, 0x000001e4581a7ed0, 0x000001e4581a9210,
0x000001e4581ad570, 0x000001e4581ac700, 0x000001e4581ae3e0, 0x000001e4581ae8b0,
0x000001e4581a7a00, 0x000001e4581aaa20, 0x000001e4581a7530, 0x000001e4581adf10,
0x000001e4581aaef0, 0x000001e4581a83a0, 0x000001e4581a8870, 0x000001e4581a96e0,
0x000001e4581a9bb0, 0x000001e4581aa080, 0x000001e45a14b3c0, 0x000001e45a147530,
0x000001e45a14a080, 0x000001e45a14cbd0, 0x000001e45a14bd60, 0x000001e45a14d0a0,
0x000001e45a14a550, 0x000001e45a14e3e0, 0x000001e45a148d40, 0x000001e45a148870,
0x000001e45a14aa20, 0x000001e45a14c230, 0x000001e45a14d570, 0x000001e45a147060,
0x000001e45a14aef0, 0x000001e45a147ed0, 0x000001e45a1483a0, 0x000001e45a14da40,
0x000001e45a149210, 0x000001e45a14b890, 0x000001e45a14df10, 0x000001e45a14e8b0,
0x000001e45a147a00, 0x000001e45a14c700, 0x000001e45a149bb0, 0x000001e45a1496e0,
0x000001e4564d0eb0, 0x000001e4564d6080, 0x000001e4564d56e0, 0x000001e4564d3530,
0x000001e4564d8230, 0x000001e4564d5bb0
}

Java Threads: ( => current thread )
  0x000001e439e387c0 JavaThread "main" [_thread_blocked, id=8464, stack(0x0000009a6bd00000,0x0000009a6be00000)]
  0x000001e4533ee8b0 JavaThread "Reference Handler" daemon [_thread_blocked, id=14708, stack(0x0000009a6c400000,0x0000009a6c500000)]
  0x000001e4533efe40 JavaThread "Finalizer" daemon [_thread_blocked, id=560, stack(0x0000009a6c500000,0x0000009a6c600000)]
  0x000001e4534117d0 JavaThread "Signal Dispatcher" daemon [_thread_blocked, id=12168, stack(0x0000009a6c600000,0x0000009a6c700000)]
  0x000001e4534132a0 JavaThread "Attach Listener" daemon [_thread_blocked, id=11164, stack(0x0000009a6c700000,0x0000009a6c800000)]
  0x000001e453439fa0 JavaThread "Service Thread" daemon [_thread_blocked, id=13852, stack(0x0000009a6c800000,0x0000009a6c900000)]
  0x000001e45343a860 JavaThread "Monitor Deflation Thread" daemon [_thread_blocked, id=8188, stack(0x0000009a6c900000,0x0000009a6ca00000)]
  0x000001e45343b450 JavaThread "C2 CompilerThread0" daemon [_thread_blocked, id=16948, stack(0x0000009a6ca00000,0x0000009a6cb00000)]
  0x000001e454013a90 JavaThread "C1 CompilerThread0" daemon [_thread_blocked, id=15800, stack(0x0000009a6cb00000,0x0000009a6cc00000)]
  0x000001e45402dd70 JavaThread "Sweeper thread" daemon [_thread_blocked, id=7160, stack(0x0000009a6cc00000,0x0000009a6cd00000)]
  0x000001e45418cbc0 JavaThread "Common-Cleaner" daemon [_thread_blocked, id=6988, stack(0x0000009a6cd00000,0x0000009a6ce00000)]
  0x000001e454197f80 JavaThread "Notification Thread" daemon [_thread_blocked, id=8264, stack(0x0000009a6ce00000,0x0000009a6cf00000)]
  0x000001e4558ff130 JavaThread "Daemon health stats" [_thread_blocked, id=15636, stack(0x0000009a6d000000,0x0000009a6d100000)]
  0x000001e45556bb50 JavaThread "Incoming local TCP Connector on port 54070" [_thread_in_native, id=9712, stack(0x0000009a6d400000,0x0000009a6d500000)]
  0x000001e4568d4080 JavaThread "Daemon periodic checks" [_thread_blocked, id=11468, stack(0x0000009a6d500000,0x0000009a6d600000)]
  0x000001e455b57140 JavaThread "Daemon" [_thread_blocked, id=16536, stack(0x0000009a6d600000,0x0000009a6d700000)]
  0x000001e4559cc980 JavaThread "Handler for socket connection from /127.0.0.1:54070 to /127.0.0.1:54071" [_thread_in_native, id=15624, stack(0x0000009a6d700000,0x0000009a6d800000)]
  0x000001e45516d9b0 JavaThread "Cancel handler" [_thread_blocked, id=10904, stack(0x0000009a6d800000,0x0000009a6d900000)]
  0x000001e45654c9f0 JavaThread "Daemon worker" [_thread_blocked, id=14920, stack(0x0000009a6d900000,0x0000009a6da00000)]
  0x000001e455aac480 JavaThread "Asynchronous log dispatcher for DefaultDaemonConnection: socket connection from /127.0.0.1:54070 to /127.0.0.1:54071" [_thread_blocked, id=12116, stack(0x0000009a6da00000,0x0000009a6db00000)]
  0x000001e455aadc90 JavaThread "Stdin handler" [_thread_blocked, id=9268, stack(0x0000009a6db00000,0x0000009a6dc00000)]
  0x000001e455aae160 JavaThread "Daemon client event forwarder" [_thread_blocked, id=14508, stack(0x0000009a6dc00000,0x0000009a6dd00000)]
  0x000001e455aace20 JavaThread "Cache worker for journal cache (C:\Users\Bryan Russell\.gradle\caches\journal-1)" [_thread_blocked, id=9080, stack(0x0000009a6dd00000,0x0000009a6de00000)]
  0x000001e455aac950 JavaThread "File lock request listener" [_thread_in_native, id=2400, stack(0x0000009a6de00000,0x0000009a6df00000)]
  0x000001e455aad2f0 JavaThread "Cache worker for file hash cache (C:\Users\Bryan Russell\.gradle\caches\8.0\fileHashes)" [_thread_blocked, id=9816, stack(0x0000009a6df00000,0x0000009a6e000000)]
  0x000001e455aae630 JavaThread "File watcher server" daemon [_thread_in_native, id=12096, stack(0x0000009a6e000000,0x0000009a6e100000)]
  0x000001e455aabae0 JavaThread "File watcher consumer" daemon [_thread_blocked, id=7004, stack(0x0000009a6e100000,0x0000009a6e200000)]
  0x000001e455aabfb0 JavaThread "Cache worker for checksums cache (C:\Users\Bryan Russell\AndroidStudioProjects\Oya\.gradle\8.0\checksums)" [_thread_blocked, id=8404, stack(0x0000009a6e200000,0x0000009a6e300000)]
  0x000001e455aad7c0 JavaThread "Cache worker for cache directory md-rule (C:\Users\Bryan Russell\.gradle\caches\8.0\md-rule)" [_thread_blocked, id=240, stack(0x0000009a6e300000,0x0000009a6e400000)]
  0x000001e455aaac70 JavaThread "Cache worker for file content cache (C:\Users\Bryan Russell\.gradle\caches\8.0\fileContent)" [_thread_blocked, id=4508, stack(0x0000009a6e400000,0x0000009a6e500000)]
  0x000001e455aab140 JavaThread "Cache worker for file hash cache (C:\Users\Bryan Russell\AndroidStudioProjects\Oya\.gradle\8.0\fileHashes)" [_thread_blocked, id=14556, stack(0x0000009a6e500000,0x0000009a6e600000)]
  0x000001e455aab610 JavaThread "Cache worker for cache directory md-supplier (C:\Users\Bryan Russell\.gradle\caches\8.0\md-supplier)" [_thread_blocked, id=10780, stack(0x0000009a6e600000,0x0000009a6e700000)]
  0x000001e4581acbd0 JavaThread "Cache worker for execution history cache (C:\Users\Bryan Russell\.gradle\caches\8.0\executionHistory)" [_thread_blocked, id=13740, stack(0x0000009a6e700000,0x0000009a6e800000)]
  0x000001e4581ac230 JavaThread "jar transforms" [_thread_blocked, id=9828, stack(0x0000009a6e800000,0x0000009a6e900000)]
  0x000001e4581a7ed0 JavaThread "jar transforms Thread 2" [_thread_blocked, id=2592, stack(0x0000009a6e900000,0x0000009a6ea00000)]
  0x000001e4581a9210 JavaThread "Cache worker for kotlin-dsl (C:\Users\Bryan Russell\.gradle\caches\8.0\kotlin-dsl)" [_thread_blocked, id=5964, stack(0x0000009a6ec00000,0x0000009a6ed00000)]
  0x000001e4581ad570 JavaThread "jar transforms Thread 3" [_thread_blocked, id=7916, stack(0x0000009a6ed00000,0x0000009a6ee00000)]
  0x000001e4581ac700 JavaThread "jar transforms Thread 4" [_thread_blocked, id=15524, stack(0x0000009a6ee00000,0x0000009a6ef00000)]
  0x000001e4581ae3e0 JavaThread "Cache worker for dependencies-accessors (C:\Users\Bryan Russell\AndroidStudioProjects\Oya\.gradle\8.0\dependencies-accessors)" [_thread_blocked, id=2752, stack(0x0000009a6ef00000,0x0000009a6f000000)]
  0x000001e4581ae8b0 JavaThread "Cache worker for Build Output Cleanup Cache (C:\Users\Bryan Russell\AndroidStudioProjects\Oya\.gradle\buildOutputCleanup)" [_thread_blocked, id=16480, stack(0x0000009a6f000000,0x0000009a6f100000)]
  0x000001e4581a7a00 JavaThread "Unconstrained build operations" [_thread_blocked, id=9496, stack(0x0000009a6ea00000,0x0000009a6eb00000)]
  0x000001e4581aaa20 JavaThread "Unconstrained build operations Thread 2" [_thread_blocked, id=15588, stack(0x0000009a6f100000,0x0000009a6f200000)]
  0x000001e4581a7530 JavaThread "Unconstrained build operations Thread 3" [_thread_blocked, id=6860, stack(0x0000009a6f200000,0x0000009a6f300000)]
  0x000001e4581adf10 JavaThread "Unconstrained build operations Thread 4" [_thread_blocked, id=12184, stack(0x0000009a6f300000,0x0000009a6f400000)]
  0x000001e4581aaef0 JavaThread "Unconstrained build operations Thread 5" [_thread_blocked, id=9768, stack(0x0000009a6f400000,0x0000009a6f500000)]
  0x000001e4581a83a0 JavaThread "Unconstrained build operations Thread 6" [_thread_blocked, id=16164, stack(0x0000009a6f500000,0x0000009a6f600000)]
  0x000001e4581a8870 JavaThread "Unconstrained build operations Thread 7" [_thread_blocked, id=2744, stack(0x0000009a6f600000,0x0000009a6f700000)]
  0x000001e4581a96e0 JavaThread "Unconstrained build operations Thread 8" [_thread_blocked, id=6556, stack(0x0000009a6f700000,0x0000009a6f800000)]
  0x000001e4581a9bb0 JavaThread "Unconstrained build operations Thread 9" [_thread_blocked, id=16844, stack(0x0000009a6f800000,0x0000009a6f900000)]
  0x000001e4581aa080 JavaThread "Unconstrained build operations Thread 10" [_thread_blocked, id=1500, stack(0x0000009a6f900000,0x0000009a6fa00000)]
  0x000001e45a14b3c0 JavaThread "Unconstrained build operations Thread 11" [_thread_blocked, id=7120, stack(0x0000009a6fa00000,0x0000009a6fb00000)]
  0x000001e45a147530 JavaThread "Unconstrained build operations Thread 12" [_thread_blocked, id=11288, stack(0x0000009a6fb00000,0x0000009a6fc00000)]
  0x000001e45a14a080 JavaThread "Unconstrained build operations Thread 13" [_thread_blocked, id=13560, stack(0x0000009a6fc00000,0x0000009a6fd00000)]
  0x000001e45a14cbd0 JavaThread "Unconstrained build operations Thread 14" [_thread_blocked, id=10012, stack(0x0000009a6fd00000,0x0000009a6fe00000)]
  0x000001e45a14bd60 JavaThread "Unconstrained build operations Thread 15" [_thread_blocked, id=3368, stack(0x0000009a6fe00000,0x0000009a6ff00000)]
  0x000001e45a14d0a0 JavaThread "Unconstrained build operations Thread 16" [_thread_blocked, id=15748, stack(0x0000009a6ff00000,0x0000009a70000000)]
  0x000001e45a14a550 JavaThread "Unconstrained build operations Thread 17" [_thread_blocked, id=14820, stack(0x0000009a70000000,0x0000009a70100000)]
  0x000001e45a14e3e0 JavaThread "Unconstrained build operations Thread 18" [_thread_blocked, id=9136, stack(0x0000009a70100000,0x0000009a70200000)]
  0x000001e45a148d40 JavaThread "Unconstrained build operations Thread 19" [_thread_blocked, id=2344, stack(0x0000009a70200000,0x0000009a70300000)]
  0x000001e45a148870 JavaThread "Unconstrained build operations Thread 20" [_thread_blocked, id=8992, stack(0x0000009a70300000,0x0000009a70400000)]
  0x000001e45a14aa20 JavaThread "Unconstrained build operations Thread 21" [_thread_blocked, id=15816, stack(0x0000009a70400000,0x0000009a70500000)]
  0x000001e45a14c230 JavaThread "Unconstrained build operations Thread 22" [_thread_blocked, id=4708, stack(0x0000009a70500000,0x0000009a70600000)]
  0x000001e45a14d570 JavaThread "Unconstrained build operations Thread 23" [_thread_blocked, id=15836, stack(0x0000009a70600000,0x0000009a70700000)]
  0x000001e45a147060 JavaThread "Unconstrained build operations Thread 24" [_thread_blocked, id=11248, stack(0x0000009a70700000,0x0000009a70800000)]
  0x000001e45a14aef0 JavaThread "Unconstrained build operations Thread 25" [_thread_blocked, id=8540, stack(0x0000009a70800000,0x0000009a70900000)]
  0x000001e45a147ed0 JavaThread "Unconstrained build operations Thread 26" [_thread_blocked, id=16780, stack(0x0000009a70900000,0x0000009a70a00000)]
  0x000001e45a1483a0 JavaThread "Unconstrained build operations Thread 27" [_thread_blocked, id=9408, stack(0x0000009a70a00000,0x0000009a70b00000)]
  0x000001e45a14da40 JavaThread "Unconstrained build operations Thread 28" [_thread_blocked, id=2464, stack(0x0000009a70b00000,0x0000009a70c00000)]
  0x000001e45a149210 JavaThread "Unconstrained build operations Thread 29" [_thread_blocked, id=12192, stack(0x0000009a70c00000,0x0000009a70d00000)]
  0x000001e45a14b890 JavaThread "Unconstrained build operations Thread 30" [_thread_blocked, id=15740, stack(0x0000009a70d00000,0x0000009a70e00000)]
  0x000001e45a14df10 JavaThread "Unconstrained build operations Thread 31" [_thread_blocked, id=2044, stack(0x0000009a70e00000,0x0000009a70f00000)]
  0x000001e45a14e8b0 JavaThread "Unconstrained build operations Thread 32" [_thread_blocked, id=15592, stack(0x0000009a70f00000,0x0000009a71000000)]
  0x000001e45a147a00 JavaThread "Unconstrained build operations Thread 33" [_thread_blocked, id=11976, stack(0x0000009a71000000,0x0000009a71100000)]
  0x000001e45a14c700 JavaThread "Unconstrained build operations Thread 34" [_thread_blocked, id=6944, stack(0x0000009a71100000,0x0000009a71200000)]
  0x000001e45a149bb0 JavaThread "Unconstrained build operations Thread 35" [_thread_blocked, id=16316, stack(0x0000009a71200000,0x0000009a71300000)]
  0x000001e45a1496e0 JavaThread "Unconstrained build operations Thread 36" [_thread_blocked, id=11880, stack(0x0000009a71300000,0x0000009a71400000)]
  0x000001e4564d0eb0 JavaThread "Unconstrained build operations Thread 37" [_thread_blocked, id=13180, stack(0x0000009a71400000,0x0000009a71500000)]
  0x000001e4564d6080 JavaThread "Unconstrained build operations Thread 38" [_thread_blocked, id=7484, stack(0x0000009a71500000,0x0000009a71600000)]
  0x000001e4564d56e0 JavaThread "Unconstrained build operations Thread 39" [_thread_blocked, id=7444, stack(0x0000009a71600000,0x0000009a71700000)]
  0x000001e4564d3530 JavaThread "Unconstrained build operations Thread 40" [_thread_blocked, id=16180, stack(0x0000009a71700000,0x0000009a71800000)]
  0x000001e4564d8230 JavaThread "build event listener" [_thread_blocked, id=16988, stack(0x0000009a71800000,0x0000009a71900000)]
  0x000001e4564d5bb0 JavaThread "Memory manager" [_thread_blocked, id=12928, stack(0x0000009a71900000,0x0000009a71a00000)]

Other Threads:
=>0x000001e4533e9d80 VMThread "VM Thread" [stack: 0x0000009a6c300000,0x0000009a6c400000] [id=10200]
  0x000001e453407a00 WatcherThread [stack: 0x0000009a6cf00000,0x0000009a6d000000] [id=14768]
  0x000001e439e96e10 GCTaskThread "GC Thread#0" [stack: 0x0000009a6be00000,0x0000009a6bf00000] [id=756]
  0x000001e4547476e0 GCTaskThread "GC Thread#1" [stack: 0x0000009a6d100000,0x0000009a6d200000] [id=9444]
  0x000001e45484da00 GCTaskThread "GC Thread#2" [stack: 0x0000009a6d200000,0x0000009a6d300000] [id=8592]
  0x000001e454a781a0 GCTaskThread "GC Thread#3" [stack: 0x0000009a6d300000,0x0000009a6d400000] [id=5752]
  0x000001e439ea7c60 ConcurrentGCThread "G1 Main Marker" [stack: 0x0000009a6bf00000,0x0000009a6c000000] [id=15852]
  0x000001e439ea8d20 ConcurrentGCThread "G1 Conc#0" [stack: 0x0000009a6c000000,0x0000009a6c100000] [id=6044]
  0x000001e439f0d430 ConcurrentGCThread "G1 Refine#0" [stack: 0x0000009a6c100000,0x0000009a6c200000] [id=14864]
  0x000001e4572f3140 ConcurrentGCThread "G1 Refine#1" [stack: 0x0000009a6eb00000,0x0000009a6ec00000] [id=8364]
  0x000001e4532520a0 ConcurrentGCThread "G1 Service" [stack: 0x0000009a6c200000,0x0000009a6c300000] [id=15440]

Threads with active compile tasks:
C2 CompilerThread0    33293 9158       4       groovy.lang.MetaClassImpl::addMetaMethodToIndex (65 bytes)

VM state: at safepoint (normal execution)

VM Mutex/Monitor currently owned by a thread:  ([mutex/lock_event])
[0x000001e439e33960] Threads_lock - owner thread: 0x000001e4533e9d80
[0x000001e439e33180] Heap_lock - owner thread: 0x000001e45654c9f0

Heap address: 0x0000000080000000, size: 2048 MB, Compressed Oops mode: 32-bit

CDS archive(s) not mapped
Compressed class space mapped at: 0x0000000100000000-0x0000000140000000, reserved size: 1073741824
Narrow klass base: 0x0000000000000000, Narrow klass shift: 3, Narrow klass range: 0x140000000

GC Precious Log:
 CPUs: 4 total, 4 available
 Memory: 8104M
 Large Page Support: Disabled
 NUMA Support: Disabled
 Compressed Oops: Enabled (32-bit)
 Heap Region Size: 1M
 Heap Min Capacity: 8M
 Heap Initial Capacity: 128M
 Heap Max Capacity: 2G
 Pre-touch: Disabled
 Parallel Workers: 4
 Concurrent Workers: 1
 Concurrent Refinement Workers: 4
 Periodic GC: Disabled

Heap:
 garbage-first heap   total 140288K, used 78594K [0x0000000080000000, 0x0000000100000000)
  region size 1024K, 1 young (1024K), 1 survivors (1024K)
 Metaspace       used 89129K, committed 89792K, reserved 1130496K
  class space    used 12182K, committed 12480K, reserved 1048576K

Heap Regions: E=young(eden), S=young(survivor), O=old, HS=humongous(starts), HC=humongous(continues), CS=collection set, F=free, OA=open archive, CA=closed archive, TAMS=top-at-mark-start (previous, next)
|   0|0x0000000080000000, 0x0000000080100000, 0x0000000080100000|100%| O|  |TAMS 0x0000000080100000, 0x0000000080000000| Untracked 
|   1|0x0000000080100000, 0x0000000080200000, 0x0000000080200000|100%| O|  |TAMS 0x0000000080200000, 0x0000000080100000| Untracked 
|   2|0x0000000080200000, 0x0000000080300000, 0x0000000080300000|100%|HS|  |TAMS 0x0000000080300000, 0x0000000080200000| Complete 
|   3|0x0000000080300000, 0x0000000080400000, 0x0000000080400000|100%|HC|  |TAMS 0x0000000080400000, 0x0000000080300000| Complete 
|   4|0x0000000080400000, 0x0000000080500000, 0x0000000080500000|100%|HC|  |TAMS 0x0000000080500000, 0x0000000080400000| Complete 
|   5|0x0000000080500000, 0x0000000080600000, 0x0000000080600000|100%|HC|  |TAMS 0x0000000080600000, 0x0000000080500000| Complete 
|   6|0x0000000080600000, 0x0000000080700000, 0x0000000080700000|100%| O|  |TAMS 0x0000000080700000, 0x0000000080600000| Untracked 
|   7|0x0000000080700000, 0x0000000080800000, 0x0000000080800000|100%| O|  |TAMS 0x0000000080800000, 0x0000000080700000| Untracked 
|   8|0x0000000080800000, 0x0000000080900000, 0x0000000080900000|100%| O|  |TAMS 0x0000000080900000, 0x0000000080800000| Untracked 
|   9|0x0000000080900000, 0x0000000080a00000, 0x0000000080a00000|100%| O|  |TAMS 0x0000000080a00000, 0x0000000080900000| Untracked 
|  10|0x0000000080a00000, 0x0000000080b00000, 0x0000000080b00000|100%| O|  |TAMS 0x0000000080b00000, 0x0000000080a00000| Untracked 
|  11|0x0000000080b00000, 0x0000000080c00000, 0x0000000080c00000|100%| O|  |TAMS 0x0000000080b00000, 0x0000000080b00000| Untracked 
|  12|0x0000000080c00000, 0x0000000080d00000, 0x0000000080d00000|100%| O|  |TAMS 0x0000000080d00000, 0x0000000080c00000| Untracked 
|  13|0x0000000080d00000, 0x0000000080e00000, 0x0000000080e00000|100%| O|  |TAMS 0x0000000080e00000, 0x0000000080d00000| Untracked 
|  14|0x0000000080e00000, 0x0000000080f00000, 0x0000000080f00000|100%| O|  |TAMS 0x0000000080f00000, 0x0000000080e00000| Untracked 
|  15|0x0000000080f00000, 0x0000000081000000, 0x0000000081000000|100%| O|  |TAMS 0x0000000081000000, 0x0000000080f00000| Untracked 
|  16|0x0000000081000000, 0x0000000081100000, 0x0000000081100000|100%| O|  |TAMS 0x0000000081100000, 0x0000000081000000| Untracked 
|  17|0x0000000081100000, 0x0000000081200000, 0x0000000081200000|100%| O|  |TAMS 0x0000000081200000, 0x0000000081100000| Untracked 
|  18|0x0000000081200000, 0x0000000081300000, 0x0000000081300000|100%| O|  |TAMS 0x0000000081300000, 0x0000000081200000| Untracked 
|  19|0x0000000081300000, 0x0000000081400000, 0x0000000081400000|100%| O|  |TAMS 0x0000000081400000, 0x0000000081300000| Untracked 
|  20|0x0000000081400000, 0x0000000081500000, 0x0000000081500000|100%| O|  |TAMS 0x0000000081500000, 0x0000000081400000| Untracked 
|  21|0x0000000081500000, 0x0000000081600000, 0x0000000081600000|100%| O|  |TAMS 0x0000000081600000, 0x0000000081500000| Untracked 
|  22|0x0000000081600000, 0x0000000081700000, 0x0000000081700000|100%| O|  |TAMS 0x0000000081700000, 0x0000000081600000| Untracked 
|  23|0x0000000081700000, 0x0000000081700000, 0x0000000081800000|  0%| F|  |TAMS 0x0000000081700000, 0x0000000081700000| Untracked 
|  24|0x0000000081800000, 0x0000000081900000, 0x0000000081900000|100%| O|  |TAMS 0x0000000081900000, 0x0000000081800000| Untracked 
|  25|0x0000000081900000, 0x0000000081a00000, 0x0000000081a00000|100%| O|  |TAMS 0x0000000081a00000, 0x0000000081900000| Untracked 
|  26|0x0000000081a00000, 0x0000000081b00000, 0x0000000081b00000|100%| O|  |TAMS 0x0000000081b00000, 0x0000000081a00000| Untracked 
|  27|0x0000000081b00000, 0x0000000081c00000, 0x0000000081c00000|100%| O|  |TAMS 0x0000000081c00000, 0x0000000081b00000| Untracked 
|  28|0x0000000081c00000, 0x0000000081d00000, 0x0000000081d00000|100%| O|  |TAMS 0x0000000081d00000, 0x0000000081c00000| Untracked 
|  29|0x0000000081d00000, 0x0000000081e00000, 0x0000000081e00000|100%| O|  |TAMS 0x0000000081e00000, 0x0000000081d00000| Untracked 
|  30|0x0000000081e00000, 0x0000000081f00000, 0x0000000081f00000|100%| O|  |TAMS 0x0000000081f00000, 0x0000000081e00000| Untracked 
|  31|0x0000000081f00000, 0x0000000082000000, 0x0000000082000000|100%| O|  |TAMS 0x0000000082000000, 0x0000000081f00000| Untracked 
|  32|0x0000000082000000, 0x0000000082100000, 0x0000000082100000|100%| O|  |TAMS 0x0000000082100000, 0x0000000082000000| Untracked 
|  33|0x0000000082100000, 0x0000000082200000, 0x0000000082200000|100%| O|  |TAMS 0x0000000082200000, 0x0000000082100000| Untracked 
|  34|0x0000000082200000, 0x0000000082300000, 0x0000000082300000|100%| O|  |TAMS 0x0000000082300000, 0x0000000082200000| Untracked 
|  35|0x0000000082300000, 0x0000000082400000, 0x0000000082400000|100%| O|  |TAMS 0x0000000082400000, 0x0000000082300000| Untracked 
|  36|0x0000000082400000, 0x0000000082500000, 0x0000000082500000|100%| O|  |TAMS 0x0000000082500000, 0x0000000082400000| Untracked 
|  37|0x0000000082500000, 0x0000000082600000, 0x0000000082600000|100%| O|  |TAMS 0x0000000082600000, 0x0000000082500000| Untracked 
|  38|0x0000000082600000, 0x0000000082700000, 0x0000000082700000|100%|HS|  |TAMS 0x0000000082700000, 0x0000000082600000| Complete 
|  39|0x0000000082700000, 0x0000000082800000, 0x0000000082800000|100%|HS|  |TAMS 0x0000000082800000, 0x0000000082700000| Complete 
|  40|0x0000000082800000, 0x0000000082900000, 0x0000000082900000|100%| O|  |TAMS 0x0000000082900000, 0x0000000082800000| Untracked 
|  41|0x0000000082900000, 0x0000000082a00000, 0x0000000082a00000|100%|HS|  |TAMS 0x0000000082a00000, 0x0000000082900000| Complete 
|  42|0x0000000082a00000, 0x0000000082b00000, 0x0000000082b00000|100%| O|  |TAMS 0x0000000082b00000, 0x0000000082a00000| Untracked 
|  43|0x0000000082b00000, 0x0000000082c00000, 0x0000000082c00000|100%| O|  |TAMS 0x0000000082c00000, 0x0000000082b00000| Untracked 
|  44|0x0000000082c00000, 0x0000000082d00000, 0x0000000082d00000|100%| O|  |TAMS 0x0000000082d00000, 0x0000000082c00000| Untracked 
|  45|0x0000000082d00000, 0x0000000082e00000, 0x0000000082e00000|100%| O|  |TAMS 0x0000000082e00000, 0x0000000082d00000| Untracked 
|  46|0x0000000082e00000, 0x0000000082f00000, 0x0000000082f00000|100%| O|  |TAMS 0x0000000082f00000, 0x0000000082e00000| Untracked 
|  47|0x0000000082f00000, 0x0000000083000000, 0x0000000083000000|100%| O|  |TAMS 0x0000000083000000, 0x0000000082f00000| Untracked 
|  48|0x0000000083000000, 0x0000000083100000, 0x0000000083100000|100%| O|  |TAMS 0x0000000083100000, 0x0000000083000000| Untracked 
|  49|0x0000000083100000, 0x0000000083200000, 0x0000000083200000|100%| O|  |TAMS 0x0000000083200000, 0x0000000083100000| Untracked 
|  50|0x0000000083200000, 0x0000000083300000, 0x0000000083300000|100%| O|  |TAMS 0x0000000083300000, 0x0000000083200000| Untracked 
|  51|0x0000000083300000, 0x0000000083400000, 0x0000000083400000|100%| O|  |TAMS 0x0000000083400000, 0x0000000083300000| Untracked 
|  52|0x0000000083400000, 0x0000000083500000, 0x0000000083500000|100%| O|  |TAMS 0x0000000083500000, 0x0000000083400000| Untracked 
|  53|0x0000000083500000, 0x0000000083600000, 0x0000000083600000|100%| O|  |TAMS 0x0000000083600000, 0x0000000083500000| Untracked 
|  54|0x0000000083600000, 0x0000000083700000, 0x0000000083700000|100%| O|  |TAMS 0x0000000083700000, 0x0000000083600000| Untracked 
|  55|0x0000000083700000, 0x0000000083800000, 0x0000000083800000|100%| O|  |TAMS 0x0000000083800000, 0x0000000083700000| Untracked 
|  56|0x0000000083800000, 0x0000000083900000, 0x0000000083900000|100%| O|  |TAMS 0x0000000083900000, 0x0000000083800000| Untracked 
|  57|0x0000000083900000, 0x0000000083a00000, 0x0000000083a00000|100%| O|  |TAMS 0x0000000083a00000, 0x0000000083900000| Untracked 
|  58|0x0000000083a00000, 0x0000000083b00000, 0x0000000083b00000|100%| O|  |TAMS 0x0000000083b00000, 0x0000000083a00000| Untracked 
|  59|0x0000000083b00000, 0x0000000083c00000, 0x0000000083c00000|100%| O|  |TAMS 0x0000000083c00000, 0x0000000083b00000| Untracked 
|  60|0x0000000083c00000, 0x0000000083d00000, 0x0000000083d00000|100%| O|  |TAMS 0x0000000083d00000, 0x0000000083c00000| Untracked 
|  61|0x0000000083d00000, 0x0000000083e00000, 0x0000000083e00000|100%| O|  |TAMS 0x0000000083e00000, 0x0000000083d00000| Untracked 
|  62|0x0000000083e00000, 0x0000000083f00000, 0x0000000083f00000|100%| O|  |TAMS 0x0000000083f00000, 0x0000000083e00000| Untracked 
|  63|0x0000000083f00000, 0x0000000084000000, 0x0000000084000000|100%| O|  |TAMS 0x0000000084000000, 0x0000000083f00000| Untracked 
|  64|0x0000000084000000, 0x0000000084100000, 0x0000000084100000|100%| O|  |TAMS 0x0000000084100000, 0x0000000084000000| Untracked 
|  65|0x0000000084100000, 0x0000000084200000, 0x0000000084200000|100%| O|  |TAMS 0x0000000084200000, 0x0000000084100000| Untracked 
|  66|0x0000000084200000, 0x0000000084300000, 0x0000000084300000|100%| O|  |TAMS 0x0000000084300000, 0x0000000084200000| Untracked 
|  67|0x0000000084300000, 0x0000000084400000, 0x0000000084400000|100%| O|  |TAMS 0x0000000084400000, 0x0000000084300000| Untracked 
|  68|0x0000000084400000, 0x0000000084500000, 0x0000000084500000|100%| O|  |TAMS 0x00000000844c7400, 0x0000000084400000| Untracked 
|  69|0x0000000084500000, 0x0000000084600000, 0x0000000084600000|100%| O|  |TAMS 0x0000000084500000, 0x0000000084500000| Untracked 
|  70|0x0000000084600000, 0x0000000084700000, 0x0000000084700000|100%| O|  |TAMS 0x0000000084600000, 0x0000000084600000| Untracked 
|  71|0x0000000084700000, 0x0000000084800000, 0x0000000084800000|100%| O|  |TAMS 0x0000000084700000, 0x0000000084700000| Untracked 
|  72|0x0000000084800000, 0x0000000084900000, 0x0000000084900000|100%| O|  |TAMS 0x0000000084800000, 0x0000000084800000| Untracked 
|  73|0x0000000084900000, 0x0000000084a00000, 0x0000000084a00000|100%| O|  |TAMS 0x0000000084900000, 0x0000000084900000| Untracked 
|  74|0x0000000084a00000, 0x0000000084b00000, 0x0000000084b00000|100%| O|  |TAMS 0x0000000084a00000, 0x0000000084a00000| Untracked 
|  75|0x0000000084b00000, 0x0000000084c00000, 0x0000000084c00000|100%| O|  |TAMS 0x0000000084b00000, 0x0000000084b00000| Untracked 
|  76|0x0000000084c00000, 0x0000000084cdce00, 0x0000000084d00000| 86%| O|  |TAMS 0x0000000084c00000, 0x0000000084c00000| Untracked 
|  77|0x0000000084d00000, 0x0000000084d00000, 0x0000000084e00000|  0%| F|  |TAMS 0x0000000084d00000, 0x0000000084d00000| Untracked 
|  78|0x0000000084e00000, 0x0000000084e00000, 0x0000000084f00000|  0%| F|  |TAMS 0x0000000084e00000, 0x0000000084e00000| Untracked 
|  79|0x0000000084f00000, 0x0000000084f00000, 0x0000000085000000|  0%| F|  |TAMS 0x0000000084f00000, 0x0000000084f00000| Untracked 
|  80|0x0000000085000000, 0x0000000085000000, 0x0000000085100000|  0%| F|  |TAMS 0x0000000085000000, 0x0000000085000000| Untracked 
|  81|0x0000000085100000, 0x0000000085100000, 0x0000000085200000|  0%| F|  |TAMS 0x0000000085100000, 0x0000000085100000| Untracked 
|  82|0x0000000085200000, 0x0000000085200000, 0x0000000085300000|  0%| F|  |TAMS 0x0000000085200000, 0x0000000085200000| Untracked 
|  83|0x0000000085300000, 0x0000000085300000, 0x0000000085400000|  0%| F|  |TAMS 0x0000000085300000, 0x0000000085300000| Untracked 
|  84|0x0000000085400000, 0x0000000085400000, 0x0000000085500000|  0%| F|  |TAMS 0x0000000085400000, 0x0000000085400000| Untracked 
|  85|0x0000000085500000, 0x0000000085500000, 0x0000000085600000|  0%| F|  |TAMS 0x0000000085500000, 0x0000000085500000| Untracked 
|  86|0x0000000085600000, 0x0000000085600000, 0x0000000085700000|  0%| F|  |TAMS 0x0000000085600000, 0x0000000085600000| Untracked 
|  87|0x0000000085700000, 0x0000000085700000, 0x0000000085800000|  0%| F|  |TAMS 0x0000000085700000, 0x0000000085700000| Untracked 
|  88|0x0000000085800000, 0x0000000085800000, 0x0000000085900000|  0%| F|  |TAMS 0x0000000085800000, 0x0000000085800000| Untracked 
|  89|0x0000000085900000, 0x0000000085900000, 0x0000000085a00000|  0%| F|  |TAMS 0x0000000085900000, 0x0000000085900000| Untracked 
|  90|0x0000000085a00000, 0x0000000085a00000, 0x0000000085b00000|  0%| F|  |TAMS 0x0000000085a00000, 0x0000000085a00000| Untracked 
|  91|0x0000000085b00000, 0x0000000085b00000, 0x0000000085c00000|  0%| F|  |TAMS 0x0000000085b00000, 0x0000000085b00000| Untracked 
|  92|0x0000000085c00000, 0x0000000085c00000, 0x0000000085d00000|  0%| F|  |TAMS 0x0000000085c00000, 0x0000000085c00000| Untracked 
|  93|0x0000000085d00000, 0x0000000085d00000, 0x0000000085e00000|  0%| F|  |TAMS 0x0000000085d00000, 0x0000000085d00000| Untracked 
|  94|0x0000000085e00000, 0x0000000085e00000, 0x0000000085f00000|  0%| F|  |TAMS 0x0000000085e00000, 0x0000000085e00000| Untracked 
|  95|0x0000000085f00000, 0x0000000085f00000, 0x0000000086000000|  0%| F|  |TAMS 0x0000000085f00000, 0x0000000085f00000| Untracked 
|  96|0x0000000086000000, 0x0000000086000000, 0x0000000086100000|  0%| F|  |TAMS 0x0000000086000000, 0x0000000086000000| Untracked 
|  97|0x0000000086100000, 0x0000000086100000, 0x0000000086200000|  0%| F|  |TAMS 0x0000000086100000, 0x0000000086100000| Untracked 
|  98|0x0000000086200000, 0x0000000086200000, 0x0000000086300000|  0%| F|  |TAMS 0x0000000086200000, 0x0000000086200000| Untracked 
|  99|0x0000000086300000, 0x0000000086300000, 0x0000000086400000|  0%| F|  |TAMS 0x0000000086300000, 0x0000000086300000| Untracked 
| 100|0x0000000086400000, 0x0000000086400000, 0x0000000086500000|  0%| F|  |TAMS 0x0000000086400000, 0x0000000086400000| Untracked 
| 101|0x0000000086500000, 0x0000000086500000, 0x0000000086600000|  0%| F|  |TAMS 0x0000000086500000, 0x0000000086500000| Untracked 
| 102|0x0000000086600000, 0x0000000086600000, 0x0000000086700000|  0%| F|  |TAMS 0x0000000086600000, 0x0000000086600000| Untracked 
| 103|0x0000000086700000, 0x0000000086700000, 0x0000000086800000|  0%| F|  |TAMS 0x0000000086700000, 0x0000000086700000| Untracked 
| 104|0x0000000086800000, 0x0000000086800000, 0x0000000086900000|  0%| F|  |TAMS 0x0000000086800000, 0x0000000086800000| Untracked 
| 105|0x0000000086900000, 0x0000000086900000, 0x0000000086a00000|  0%| F|  |TAMS 0x0000000086900000, 0x0000000086900000| Untracked 
| 106|0x0000000086a00000, 0x0000000086a00000, 0x0000000086b00000|  0%| F|  |TAMS 0x0000000086a00000, 0x0000000086a00000| Untracked 
| 107|0x0000000086b00000, 0x0000000086b00000, 0x0000000086c00000|  0%| F|  |TAMS 0x0000000086b00000, 0x0000000086b00000| Untracked 
| 108|0x0000000086c00000, 0x0000000086c00000, 0x0000000086d00000|  0%| F|  |TAMS 0x0000000086c00000, 0x0000000086c00000| Untracked 
| 109|0x0000000086d00000, 0x0000000086d00000, 0x0000000086e00000|  0%| F|  |TAMS 0x0000000086d00000, 0x0000000086d00000| Untracked 
| 110|0x0000000086e00000, 0x0000000086e00000, 0x0000000086f00000|  0%| F|  |TAMS 0x0000000086e00000, 0x0000000086e00000| Untracked 
| 111|0x0000000086f00000, 0x0000000086f00000, 0x0000000087000000|  0%| F|  |TAMS 0x0000000086f00000, 0x0000000086f00000| Untracked 
| 112|0x0000000087000000, 0x0000000087000000, 0x0000000087100000|  0%| F|  |TAMS 0x0000000087000000, 0x0000000087000000| Untracked 
| 113|0x0000000087100000, 0x0000000087100000, 0x0000000087200000|  0%| F|  |TAMS 0x0000000087100000, 0x0000000087100000| Untracked 
| 114|0x0000000087200000, 0x0000000087200000, 0x0000000087300000|  0%| F|  |TAMS 0x0000000087200000, 0x0000000087200000| Untracked 
| 115|0x0000000087300000, 0x0000000087300000, 0x0000000087400000|  0%| F|  |TAMS 0x0000000087300000, 0x0000000087300000| Untracked 
| 116|0x0000000087400000, 0x0000000087400000, 0x0000000087500000|  0%| F|  |TAMS 0x0000000087400000, 0x0000000087400000| Untracked 
| 117|0x0000000087500000, 0x0000000087500000, 0x0000000087600000|  0%| F|  |TAMS 0x0000000087500000, 0x0000000087500000| Untracked 
| 118|0x0000000087600000, 0x0000000087600000, 0x0000000087700000|  0%| F|  |TAMS 0x0000000087600000, 0x0000000087600000| Untracked 
| 119|0x0000000087700000, 0x0000000087700000, 0x0000000087800000|  0%| F|  |TAMS 0x0000000087700000, 0x0000000087700000| Untracked 
| 120|0x0000000087800000, 0x0000000087800000, 0x0000000087900000|  0%| F|  |TAMS 0x0000000087800000, 0x0000000087800000| Untracked 
| 121|0x0000000087900000, 0x0000000087900000, 0x0000000087a00000|  0%| F|  |TAMS 0x0000000087900000, 0x0000000087900000| Untracked 
| 122|0x0000000087a00000, 0x0000000087a00000, 0x0000000087b00000|  0%| F|  |TAMS 0x0000000087a00000, 0x0000000087a00000| Untracked 
| 123|0x0000000087b00000, 0x0000000087b00000, 0x0000000087c00000|  0%| F|  |TAMS 0x0000000087b00000, 0x0000000087b00000| Untracked 
| 124|0x0000000087c00000, 0x0000000087c00000, 0x0000000087d00000|  0%| F|  |TAMS 0x0000000087c00000, 0x0000000087c00000| Untracked 
| 125|0x0000000087d00000, 0x0000000087d00000, 0x0000000087e00000|  0%| F|  |TAMS 0x0000000087d00000, 0x0000000087d00000| Untracked 
| 126|0x0000000087e00000, 0x0000000087e00000, 0x0000000087f00000|  0%| F|  |TAMS 0x0000000087e00000, 0x0000000087e00000| Untracked 
| 127|0x0000000087f00000, 0x0000000087f00000, 0x0000000088000000|  0%| F|  |TAMS 0x0000000087f00000, 0x0000000087f00000| Untracked 
| 128|0x0000000088000000, 0x0000000088000000, 0x0000000088100000|  0%| F|  |TAMS 0x0000000088000000, 0x0000000088000000| Untracked 
| 129|0x0000000088100000, 0x0000000088100000, 0x0000000088200000|  0%| F|  |TAMS 0x0000000088100000, 0x0000000088100000| Untracked 
| 130|0x0000000088200000, 0x0000000088200000, 0x0000000088300000|  0%| F|  |TAMS 0x0000000088200000, 0x0000000088200000| Untracked 
| 131|0x0000000088300000, 0x0000000088300000, 0x0000000088400000|  0%| F|  |TAMS 0x0000000088300000, 0x0000000088300000| Untracked 
| 132|0x0000000088400000, 0x0000000088400000, 0x0000000088500000|  0%| F|  |TAMS 0x0000000088400000, 0x0000000088400000| Untracked 
| 133|0x0000000088500000, 0x0000000088500000, 0x0000000088600000|  0%| F|  |TAMS 0x0000000088500000, 0x0000000088500000| Untracked 
| 134|0x0000000088600000, 0x0000000088600000, 0x0000000088700000|  0%| F|  |TAMS 0x0000000088600000, 0x0000000088600000| Untracked 
| 135|0x0000000088700000, 0x00000000887e3ba0, 0x0000000088800000| 88%| S|CS|TAMS 0x0000000088700000, 0x0000000088700000| Complete 
| 136|0x0000000088800000, 0x0000000088800000, 0x0000000088900000|  0%| F|  |TAMS 0x0000000088800000, 0x0000000088800000| Untracked 

Card table byte_map: [0x000001e44c710000,0x000001e44cb10000] _byte_map_base: 0x000001e44c310000

Marking Bits (Prev, Next): (CMBitMap*) 0x000001e439e97370, (CMBitMap*) 0x000001e439e97330
 Prev Bits: [0x000001e44ef10000, 0x000001e450f10000)
 Next Bits: [0x000001e44cf10000, 0x000001e44ef10000)

Polling page: 0x000001e437c90000

Metaspace:

Usage:
  Non-class:     75.14 MB used.
      Class:     11.90 MB used.
       Both:     87.04 MB used.

Virtual space:
  Non-class space:       80.00 MB reserved,      75.50 MB ( 94%) committed,  10 nodes.
      Class space:        1.00 GB reserved,      12.19 MB (  1%) committed,  1 nodes.
             Both:        1.08 GB reserved,      87.69 MB (  8%) committed. 

Chunk freelists:
   Non-Class:  3.66 MB
       Class:  3.76 MB
        Both:  7.43 MB

MaxMetaspaceSize: unlimited
CompressedClassSpaceSize: 1.00 GB
Initial GC threshold: 21.00 MB
Current GC threshold: 145.00 MB
CDS: off
MetaspaceReclaimPolicy: balanced
 - commit_granule_bytes: 65536.
 - commit_granule_words: 8192.
 - virtual_space_node_default_size: 1048576.
 - enlarge_chunks_in_place: 1.
 - new_chunks_are_fully_committed: 0.
 - uncommit_free_chunks: 1.
 - use_allocation_guard: 0.
 - handle_deallocations: 1.


Internal statistics:

num_allocs_failed_limit: 6.
num_arena_births: 902.
num_arena_deaths: 0.
num_vsnodes_births: 11.
num_vsnodes_deaths: 0.
num_space_committed: 1403.
num_space_uncommitted: 0.
num_chunks_returned_to_freelist: 6.
num_chunks_taken_from_freelist: 4090.
num_chunk_merges: 6.
num_chunk_splits: 2731.
num_chunks_enlarged: 1861.
num_purges: 0.
num_inconsistent_stats: 0.

CodeHeap 'non-profiled nmethods': size=120000Kb used=4335Kb max_used=4335Kb free=115664Kb
 bounds [0x000001e444de0000, 0x000001e445220000, 0x000001e44c310000]
CodeHeap 'profiled nmethods': size=120000Kb used=16019Kb max_used=16019Kb free=103980Kb
 bounds [0x000001e43d310000, 0x000001e43e2c0000, 0x000001e444840000]
CodeHeap 'non-nmethods': size=5760Kb used=2379Kb max_used=2438Kb free=3380Kb
 bounds [0x000001e444840000, 0x000001e444ac0000, 0x000001e444de0000]
 total_blobs=9211 nmethods=8298 adapters=825
 compilation: enabled
              stopped_count=0, restarted_count=0
 full_count=0

Compilation events (20 events):
Event: 32.931 Thread 0x000001e454013a90 9181       2       java.util.TimSort::mergeCollapse (134 bytes)
Event: 32.931 Thread 0x000001e454013a90 nmethod 9181 0x000001e43e2af090 code [0x000001e43e2af260, 0x000001e43e2af5e8]
Event: 32.961 Thread 0x000001e454013a90 9182       2       jdk.internal.reflect.ClassFileAssembler::opc_dup (11 bytes)
Event: 32.961 Thread 0x000001e454013a90 nmethod 9182 0x000001e43e2af890 code [0x000001e43e2afa40, 0x000001e43e2afbc8]
Event: 32.961 Thread 0x000001e454013a90 9183       2       jdk.internal.reflect.ClassFileAssembler::opc_dup_x1 (11 bytes)
Event: 32.962 Thread 0x000001e454013a90 nmethod 9183 0x000001e43e2afd10 code [0x000001e43e2afec0, 0x000001e43e2b0048]
Event: 32.962 Thread 0x000001e454013a90 9184       2       jdk.internal.reflect.ClassFileAssembler::opc_swap (7 bytes)
Event: 32.962 Thread 0x000001e454013a90 nmethod 9184 0x000001e43e2b0190 code [0x000001e43e2b0340, 0x000001e43e2b04a8]
Event: 32.962 Thread 0x000001e454013a90 9185       2       jdk.internal.reflect.AccessorGenerator::emitMethod (276 bytes)
Event: 32.965 Thread 0x000001e454013a90 nmethod 9185 0x000001e43e2b0590 code [0x000001e43e2b09e0, 0x000001e43e2b1f38]
Event: 32.966 Thread 0x000001e454013a90 9186       1       jdk.internal.reflect.ByteVectorImpl::getData (5 bytes)
Event: 32.966 Thread 0x000001e454013a90 nmethod 9186 0x000001e44521b790 code [0x000001e44521b920, 0x000001e44521b9f8]
Event: 32.969 Thread 0x000001e454013a90 9187       2       java.util.TimSort::gallopRight (335 bytes)
Event: 32.970 Thread 0x000001e454013a90 nmethod 9187 0x000001e43e2b3310 code [0x000001e43e2b3500, 0x000001e43e2b3b18]
Event: 33.010 Thread 0x000001e454013a90 9188       1       org.codehaus.groovy.runtime.metaclass.MultipleSetterProperty::setField (6 bytes)
Event: 33.010 Thread 0x000001e454013a90 nmethod 9188 0x000001e44521ba90 code [0x000001e44521bc20, 0x000001e44521bd38]
Event: 33.011 Thread 0x000001e454013a90 9189       2       org.gradle.internal.metaobject.DynamicInvokeResult::isFound (16 bytes)
Event: 33.011 Thread 0x000001e454013a90 nmethod 9189 0x000001e43e2b3e90 code [0x000001e43e2b4020, 0x000001e43e2b4158]
Event: 33.016 Thread 0x000001e454013a90 9190       2       java.util.ComparableTimSort::gallopRight (327 bytes)
Event: 33.017 Thread 0x000001e454013a90 nmethod 9190 0x000001e43e2b4210 code [0x000001e43e2b4400, 0x000001e43e2b49d8]

GC Heap History (20 events):
Event: 26.599 GC heap after
{Heap after GC invocations=36 (full 0):
 garbage-first heap   total 111616K, used 55406K [0x0000000080000000, 0x0000000100000000)
  region size 1024K, 2 young (2048K), 2 survivors (2048K)
 Metaspace       used 71921K, committed 72448K, reserved 1114112K
  class space    used 9539K, committed 9792K, reserved 1048576K
}
Event: 27.391 GC heap before
{Heap before GC invocations=37 (full 0):
 garbage-first heap   total 111616K, used 82030K [0x0000000080000000, 0x0000000100000000)
  region size 1024K, 28 young (28672K), 2 survivors (2048K)
 Metaspace       used 72825K, committed 73472K, reserved 1114112K
  class space    used 9669K, committed 9984K, reserved 1048576K
}
Event: 27.404 GC heap after
{Heap after GC invocations=38 (full 0):
 garbage-first heap   total 111616K, used 59883K [0x0000000080000000, 0x0000000100000000)
  region size 1024K, 4 young (4096K), 4 survivors (4096K)
 Metaspace       used 72825K, committed 73472K, reserved 1114112K
  class space    used 9669K, committed 9984K, reserved 1048576K
}
Event: 28.155 GC heap before
{Heap before GC invocations=38 (full 0):
 garbage-first heap   total 111616K, used 83435K [0x0000000080000000, 0x0000000100000000)
  region size 1024K, 28 young (28672K), 4 survivors (4096K)
 Metaspace       used 74748K, committed 75392K, reserved 1122304K
  class space    used 9936K, committed 10240K, reserved 1048576K
}
Event: 28.166 GC heap after
{Heap after GC invocations=39 (full 0):
 garbage-first heap   total 111616K, used 62314K [0x0000000080000000, 0x0000000100000000)
  region size 1024K, 3 young (3072K), 3 survivors (3072K)
 Metaspace       used 74748K, committed 75392K, reserved 1122304K
  class space    used 9936K, committed 10240K, reserved 1048576K
}
Event: 28.958 GC heap before
{Heap before GC invocations=40 (full 0):
 garbage-first heap   total 116736K, used 86890K [0x0000000080000000, 0x0000000100000000)
  region size 1024K, 26 young (26624K), 3 survivors (3072K)
 Metaspace       used 77584K, committed 78272K, reserved 1122304K
  class space    used 10499K, committed 10816K, reserved 1048576K
}
Event: 28.969 GC heap after
{Heap after GC invocations=41 (full 0):
 garbage-first heap   total 116736K, used 63299K [0x0000000080000000, 0x0000000100000000)
  region size 1024K, 2 young (2048K), 2 survivors (2048K)
 Metaspace       used 77584K, committed 78272K, reserved 1122304K
  class space    used 10499K, committed 10816K, reserved 1048576K
}
Event: 29.086 GC heap before
{Heap before GC invocations=41 (full 0):
 garbage-first heap   total 116736K, used 66371K [0x0000000080000000, 0x0000000100000000)
  region size 1024K, 5 young (5120K), 2 survivors (2048K)
 Metaspace       used 78002K, committed 78656K, reserved 1122304K
  class space    used 10570K, committed 10880K, reserved 1048576K
}
Event: 29.090 GC heap after
{Heap after GC invocations=42 (full 0):
 garbage-first heap   total 140288K, used 63010K [0x0000000080000000, 0x0000000100000000)
  region size 1024K, 1 young (1024K), 1 survivors (1024K)
 Metaspace       used 78002K, committed 78656K, reserved 1122304K
  class space    used 10570K, committed 10880K, reserved 1048576K
}
Event: 29.789 GC heap before
{Heap before GC invocations=42 (full 0):
 garbage-first heap   total 140288K, used 103970K [0x0000000080000000, 0x0000000100000000)
  region size 1024K, 41 young (41984K), 1 survivors (1024K)
 Metaspace       used 80114K, committed 80768K, reserved 1122304K
  class space    used 10872K, committed 11200K, reserved 1048576K
}
Event: 29.798 GC heap after
{Heap after GC invocations=43 (full 0):
 garbage-first heap   total 140288K, used 66174K [0x0000000080000000, 0x0000000100000000)
  region size 1024K, 4 young (4096K), 4 survivors (4096K)
 Metaspace       used 80114K, committed 80768K, reserved 1122304K
  class space    used 10872K, committed 11200K, reserved 1048576K
}
Event: 30.790 GC heap before
{Heap before GC invocations=44 (full 0):
 garbage-first heap   total 140288K, used 107134K [0x0000000080000000, 0x0000000100000000)
  region size 1024K, 44 young (45056K), 4 survivors (4096K)
 Metaspace       used 82979K, committed 83584K, reserved 1122304K
  class space    used 11300K, committed 11584K, reserved 1048576K
}
Event: 30.803 GC heap after
{Heap after GC invocations=45 (full 0):
 garbage-first heap   total 140288K, used 69780K [0x0000000080000000, 0x0000000100000000)
  region size 1024K, 4 young (4096K), 4 survivors (4096K)
 Metaspace       used 82979K, committed 83584K, reserved 1122304K
  class space    used 11300K, committed 11584K, reserved 1048576K
}
Event: 30.838 GC heap before
{Heap before GC invocations=45 (full 0):
 garbage-first heap   total 140288K, used 71828K [0x0000000080000000, 0x0000000100000000)
  region size 1024K, 6 young (6144K), 4 survivors (4096K)
 Metaspace       used 83101K, committed 83776K, reserved 1122304K
  class space    used 11319K, committed 11648K, reserved 1048576K
}
Event: 30.847 GC heap after
{Heap after GC invocations=46 (full 0):
 garbage-first heap   total 140288K, used 70026K [0x0000000080000000, 0x0000000100000000)
  region size 1024K, 1 young (1024K), 1 survivors (1024K)
 Metaspace       used 83101K, committed 83776K, reserved 1122304K
  class space    used 11319K, committed 11648K, reserved 1048576K
}
Event: 32.096 GC heap before
{Heap before GC invocations=46 (full 0):
 garbage-first heap   total 140288K, used 109962K [0x0000000080000000, 0x0000000100000000)
  region size 1024K, 40 young (40960K), 1 survivors (1024K)
 Metaspace       used 87930K, committed 88640K, reserved 1130496K
  class space    used 12019K, committed 12352K, reserved 1048576K
}
Event: 32.106 GC heap after
{Heap after GC invocations=47 (full 0):
 garbage-first heap   total 140288K, used 72886K [0x0000000080000000, 0x0000000100000000)
  region size 1024K, 4 young (4096K), 4 survivors (4096K)
 Metaspace       used 87930K, committed 88640K, reserved 1130496K
  class space    used 12019K, committed 12352K, reserved 1048576K
}
Event: 32.974 GC heap before
{Heap before GC invocations=48 (full 0):
 garbage-first heap   total 140288K, used 111798K [0x0000000080000000, 0x0000000100000000)
  region size 1024K, 42 young (43008K), 4 survivors (4096K)
 Metaspace       used 89127K, committed 89792K, reserved 1130496K
  class space    used 12182K, committed 12480K, reserved 1048576K
}
Event: 32.996 GC heap after
{Heap after GC invocations=49 (full 0):
 garbage-first heap   total 140288K, used 78294K [0x0000000080000000, 0x0000000100000000)
  region size 1024K, 6 young (6144K), 6 survivors (6144K)
 Metaspace       used 89127K, committed 89792K, reserved 1130496K
  class space    used 12182K, committed 12480K, reserved 1048576K
}
Event: 33.025 GC heap before
{Heap before GC invocations=49 (full 0):
 garbage-first heap   total 140288K, used 79318K [0x0000000080000000, 0x0000000100000000)
  region size 1024K, 7 young (7168K), 6 survivors (6144K)
 Metaspace       used 89129K, committed 89792K, reserved 1130496K
  class space    used 12182K, committed 12480K, reserved 1048576K
}

Dll operation events (2 events):
Event: 0.060 Loaded shared library C:\Program Files\Android\Android Studio1\jbr\bin\java.dll
Event: 0.748 Loaded shared library C:\Program Files\Android\Android Studio1\jbr\bin\verify.dll

Deoptimization events (20 events):
Event: 32.222 Thread 0x000001e45654c9f0 Uncommon trap: trap_request=0xffffff45 fr.pc=0x000001e445101c88 relative=0x0000000000000728
Event: 32.222 Thread 0x000001e45654c9f0 Uncommon trap: reason=unstable_if action=reinterpret pc=0x000001e445101c88 method=java.util.HashMap.putVal(ILjava/lang/Object;Ljava/lang/Object;ZZ)Ljava/lang/Object; @ 109 c2
Event: 32.222 Thread 0x000001e45654c9f0 DEOPT PACKING pc=0x000001e445101c88 sp=0x0000009a6d9f88a0
Event: 32.222 Thread 0x000001e45654c9f0 DEOPT UNPACKING pc=0x000001e4448969a3 sp=0x0000009a6d9f87b8 mode 2
Event: 32.222 Thread 0x000001e45654c9f0 Uncommon trap: trap_request=0xffffff45 fr.pc=0x000001e444f84678 relative=0x0000000000000698
Event: 32.222 Thread 0x000001e45654c9f0 Uncommon trap: reason=unstable_if action=reinterpret pc=0x000001e444f84678 method=java.util.HashMap.putVal(ILjava/lang/Object;Ljava/lang/Object;ZZ)Ljava/lang/Object; @ 109 c2
Event: 32.222 Thread 0x000001e45654c9f0 DEOPT PACKING pc=0x000001e444f84678 sp=0x0000009a6d9f87f0
Event: 32.222 Thread 0x000001e45654c9f0 DEOPT UNPACKING pc=0x000001e4448969a3 sp=0x0000009a6d9f87a8 mode 2
Event: 32.459 Thread 0x000001e45654c9f0 Uncommon trap: trap_request=0xffffff45 fr.pc=0x000001e444f357ec relative=0x000000000000034c
Event: 32.459 Thread 0x000001e45654c9f0 Uncommon trap: reason=unstable_if action=reinterpret pc=0x000001e444f357ec method=java.util.HashMap$HashIterator.<init>(Ljava/util/HashMap;)V @ 45 c2
Event: 32.459 Thread 0x000001e45654c9f0 DEOPT PACKING pc=0x000001e444f357ec sp=0x0000009a6d9fb670
Event: 32.459 Thread 0x000001e45654c9f0 DEOPT UNPACKING pc=0x000001e4448969a3 sp=0x0000009a6d9fb628 mode 2
Event: 32.479 Thread 0x000001e45654c9f0 Uncommon trap: trap_request=0xffffff45 fr.pc=0x000001e4451f9eb4 relative=0x00000000000011b4
Event: 32.479 Thread 0x000001e45654c9f0 Uncommon trap: reason=unstable_if action=reinterpret pc=0x000001e4451f9eb4 method=org.codehaus.groovy.runtime.metaclass.MetaMethodIndex.isOverridden(Lgroovy/lang/MetaMethod;Lgroovy/lang/MetaMethod;)Z @ 33 c2
Event: 32.479 Thread 0x000001e45654c9f0 DEOPT PACKING pc=0x000001e4451f9eb4 sp=0x0000009a6d9f84e0
Event: 32.479 Thread 0x000001e45654c9f0 DEOPT UNPACKING pc=0x000001e4448969a3 sp=0x0000009a6d9f8438 mode 2
Event: 32.769 Thread 0x000001e45654c9f0 DEOPT PACKING pc=0x000001e43e29a808 sp=0x0000009a6d9f72f0
Event: 32.769 Thread 0x000001e45654c9f0 DEOPT UNPACKING pc=0x000001e444897143 sp=0x0000009a6d9f67a0 mode 0
Event: 32.913 Thread 0x000001e45654c9f0 DEOPT PACKING pc=0x000001e43e299176 sp=0x0000009a6d9f79d0
Event: 32.913 Thread 0x000001e45654c9f0 DEOPT UNPACKING pc=0x000001e444897143 sp=0x0000009a6d9f6f20 mode 0

Classes unloaded (0 events):
No events

Classes redefined (0 events):
No events

Internal exceptions (20 events):
Event: 32.898 Thread 0x000001e45654c9f0 Exception <a 'java/lang/ClassNotFoundException'{0x000000008663a490}: com/android/build/gradle/tasks/ProcessApplicationManifest_DecoratedCustomizer> (0x000000008663a490) 
thrown [s\src\hotspot\share\classfile\systemDictionary.cpp, line 256]
Event: 32.919 Thread 0x000001e45654c9f0 Exception <a 'java/lang/ClassNotFoundException'{0x000000008650b400}: com/android/build/gradle/tasks/ProcessMultiApkApplicationManifest_DecoratedBeanInfo> (0x000000008650b400) 
thrown [s\src\hotspot\share\classfile\systemDictionary.cpp, line 256]
Event: 32.920 Thread 0x000001e45654c9f0 Exception <a 'java/lang/ClassNotFoundException'{0x0000000086517b90}: com/android/build/gradle/tasks/ProcessMultiApkApplicationManifestBeanInfo> (0x0000000086517b90) 
thrown [s\src\hotspot\share\classfile\systemDictionary.cpp, line 256]
Event: 32.920 Thread 0x000001e45654c9f0 Exception <a 'java/lang/ClassNotFoundException'{0x0000000086524058}: com/android/build/gradle/tasks/ProcessMultiApkApplicationManifestCustomizer> (0x0000000086524058) 
thrown [s\src\hotspot\share\classfile\systemDictionary.cpp, line 256]
Event: 32.930 Thread 0x000001e45654c9f0 Exception <a 'java/lang/ClassNotFoundException'{0x0000000086548938}: com/android/build/gradle/tasks/ProcessMultiApkApplicationManifest_DecoratedCustomizer> (0x0000000086548938) 
thrown [s\src\hotspot\share\classfile\systemDictionary.cpp, line 256]
Event: 32.941 Thread 0x000001e45654c9f0 Exception <a 'java/lang/ClassNotFoundException'{0x00000000865dd3d8}: com/android/build/gradle/tasks/ProcessPackagedManifestTask_DecoratedBeanInfo> (0x00000000865dd3d8) 
thrown [s\src\hotspot\share\classfile\systemDictionary.cpp, line 256]
Event: 32.943 Thread 0x000001e45654c9f0 Exception <a 'java/lang/ClassNotFoundException'{0x00000000865e9a10}: com/android/build/gradle/tasks/ProcessPackagedManifestTaskBeanInfo> (0x00000000865e9a10) 
thrown [s\src\hotspot\share\classfile\systemDictionary.cpp, line 256]
Event: 32.944 Thread 0x000001e45654c9f0 Exception <a 'java/lang/ClassNotFoundException'{0x00000000865f5d88}: com/android/build/gradle/tasks/ProcessPackagedManifestTaskCustomizer> (0x00000000865f5d88) 
thrown [s\src\hotspot\share\classfile\systemDictionary.cpp, line 256]
Event: 32.945 Thread 0x000001e45654c9f0 Exception <a 'java/lang/ClassNotFoundException'{0x00000000864198b0}: com/android/build/gradle/tasks/ProcessPackagedManifestTask_DecoratedCustomizer> (0x00000000864198b0) 
thrown [s\src\hotspot\share\classfile\systemDictionary.cpp, line 256]
Event: 32.954 Thread 0x000001e45654c9f0 Exception <a 'java/lang/ClassNotFoundException'{0x00000000864e8760}: com/android/build/gradle/internal/res/LinkApplicationAndroidResourcesTask_DecoratedBeanInfo> (0x00000000864e8760) 
thrown [s\src\hotspot\share\classfile\systemDictionary.cpp, line 256]
Event: 32.957 Thread 0x000001e45654c9f0 Exception <a 'java/lang/ClassNotFoundException'{0x00000000864f5158}: com/android/build/gradle/internal/res/LinkApplicationAndroidResourcesTaskBeanInfo> (0x00000000864f5158) 
thrown [s\src\hotspot\share\classfile\systemDictionary.cpp, line 256]
Event: 32.958 Thread 0x000001e45654c9f0 Exception <a 'java/lang/ClassNotFoundException'{0x0000000086302880}: com/android/build/gradle/tasks/ProcessAndroidResourcesBeanInfo> (0x0000000086302880) 
thrown [s\src\hotspot\share\classfile\systemDictionary.cpp, line 256]
Event: 32.958 Thread 0x000001e45654c9f0 Exception <a 'java/lang/ClassNotFoundException'{0x000000008630ee28}: com/android/build/gradle/tasks/ProcessAndroidResourcesCustomizer> (0x000000008630ee28) 
thrown [s\src\hotspot\share\classfile\systemDictionary.cpp, line 256]
Event: 32.960 Thread 0x000001e45654c9f0 Exception <a 'java/lang/ClassNotFoundException'{0x000000008632c380}: com/android/build/gradle/internal/res/LinkApplicationAndroidResourcesTaskCustomizer> (0x000000008632c380) 
thrown [s\src\hotspot\share\classfile\systemDictionary.cpp, line 256]
Event: 32.968 Thread 0x000001e45654c9f0 Exception <a 'java/lang/ClassNotFoundException'{0x00000000863926f8}: com/android/build/gradle/internal/res/LinkApplicationAndroidResourcesTask_DecoratedCustomizer> (0x00000000863926f8) 
thrown [s\src\hotspot\share\classfile\systemDictionary.cpp, line 256]
Event: 33.020 Thread 0x000001e45654c9f0 Exception <a 'java/lang/ClassNotFoundException'{0x00000000888aab68}: org/gradle/api/tasks/compile/JavaCompile_DecoratedBeanInfo> (0x00000000888aab68) 
thrown [s\src\hotspot\share\classfile\systemDictionary.cpp, line 256]
Event: 33.021 Thread 0x000001e45654c9f0 Exception <a 'java/lang/ClassNotFoundException'{0x00000000888b8ca8}: org/gradle/api/tasks/compile/JavaCompileBeanInfo> (0x00000000888b8ca8) 
thrown [s\src\hotspot\share\classfile\systemDictionary.cpp, line 256]
Event: 33.022 Thread 0x000001e45654c9f0 Exception <a 'java/lang/ClassNotFoundException'{0x00000000888c8200}: org/gradle/api/tasks/compile/AbstractCompileBeanInfo> (0x00000000888c8200) 
thrown [s\src\hotspot\share\classfile\systemDictionary.cpp, line 256]
Event: 33.024 Thread 0x000001e45654c9f0 Exception <a 'java/lang/ClassNotFoundException'{0x00000000888d40c8}: org/gradle/api/tasks/SourceTaskBeanInfo> (0x00000000888d40c8) 
thrown [s\src\hotspot\share\classfile\systemDictionary.cpp, line 256]
Event: 33.024 Thread 0x000001e45654c9f0 Exception <a 'java/lang/ClassNotFoundException'{0x00000000888e0210}: org/gradle/api/tasks/SourceTaskCustomizer> (0x00000000888e0210) 
thrown [s\src\hotspot\share\classfile\systemDictionary.cpp, line 256]

VM Operations (20 events):
Event: 30.847 Executing VM operation: G1CollectForAllocation done
Event: 31.809 Executing VM operation: HandshakeAllThreads
Event: 31.809 Executing VM operation: HandshakeAllThreads done
Event: 31.894 Executing VM operation: HandshakeAllThreads
Event: 31.894 Executing VM operation: HandshakeAllThreads done
Event: 31.894 Executing VM operation: Cleanup
Event: 31.894 Executing VM operation: Cleanup done
Event: 31.950 Executing VM operation: HandshakeAllThreads
Event: 31.950 Executing VM operation: HandshakeAllThreads done
Event: 31.989 Executing VM operation: HandshakeAllThreads
Event: 31.990 Executing VM operation: HandshakeAllThreads done
Event: 32.095 Executing VM operation: G1CollectForAllocation
Event: 32.107 Executing VM operation: G1CollectForAllocation done
Event: 32.291 Executing VM operation: G1Concurrent
Event: 32.298 Executing VM operation: G1Concurrent done
Event: 32.394 Executing VM operation: G1Concurrent
Event: 32.394 Executing VM operation: G1Concurrent done
Event: 32.974 Executing VM operation: G1CollectForAllocation
Event: 32.996 Executing VM operation: G1CollectForAllocation done
Event: 33.025 Executing VM operation: G1CollectForAllocation

Events (20 events):
Event: 31.914 loading class java/util/EnumMap$EntryIterator
Event: 31.914 loading class java/util/EnumMap$EnumMapIterator
Event: 31.914 loading class java/util/EnumMap$EnumMapIterator done
Event: 31.914 loading class java/util/EnumMap$EntryIterator done
Event: 31.914 loading class java/util/EnumMap$EntryIterator$Entry
Event: 31.914 loading class java/util/EnumMap$EntryIterator$Entry done
Event: 31.945 loading class jdk/internal/reflect/UnsafeBooleanFieldAccessorImpl
Event: 31.945 loading class jdk/internal/reflect/UnsafeBooleanFieldAccessorImpl done
Event: 32.443 loading class java/util/IdentityHashMap$KeyIterator
Event: 32.443 loading class java/util/IdentityHashMap$IdentityHashMapIterator
Event: 32.443 loading class java/util/IdentityHashMap$IdentityHashMapIterator done
Event: 32.443 loading class java/util/IdentityHashMap$KeyIterator done
Event: 32.543 loading class java/lang/ClassBeanInfo
Event: 32.543 loading class java/lang/ClassBeanInfo done
Event: 32.544 loading class java/lang/ClassBeanInfo
Event: 32.544 loading class java/lang/ClassBeanInfo done
Event: 32.544 loading class java/lang/ClassCustomizer
Event: 32.544 loading class java/lang/ClassCustomizer done
Event: 32.544 loading class java/lang/ClassCustomizer
Event: 32.544 loading class java/lang/ClassCustomizer done


Dynamic libraries:
0x00007ff60db20000 - 0x00007ff60db2a000 	C:\Program Files\Android\Android Studio1\jbr\bin\java.exe
0x00007ffbab770000 - 0x00007ffbab967000 	C:\WINDOWS\SYSTEM32\ntdll.dll
0x00007ffba9970000 - 0x00007ffba9a2d000 	C:\WINDOWS\System32\KERNEL32.DLL
0x00007ffba92f0000 - 0x00007ffba95e6000 	C:\WINDOWS\System32\KERNELBASE.dll
0x00007ffba8fc0000 - 0x00007ffba90c0000 	C:\WINDOWS\System32\ucrtbase.dll
0x00007ffb89f90000 - 0x00007ffb89fa7000 	C:\Program Files\Android\Android Studio1\jbr\bin\jli.dll
0x00007ffbaaf30000 - 0x00007ffbab0ce000 	C:\WINDOWS\System32\USER32.dll
0x00007ffb88d50000 - 0x00007ffb88d6b000 	C:\Program Files\Android\Android Studio1\jbr\bin\VCRUNTIME140.dll
0x00007ffba97a0000 - 0x00007ffba97c2000 	C:\WINDOWS\System32\win32u.dll
0x00007ffb8fac0000 - 0x00007ffb8fd5a000 	C:\WINDOWS\WinSxS\amd64_microsoft.windows.common-controls_6595b64144ccf1df_6.0.19041.3570_none_60bb2a3971f3e41a\COMCTL32.dll
0x00007ffbaaf00000 - 0x00007ffbaaf2c000 	C:\WINDOWS\System32\GDI32.dll
0x00007ffba9c90000 - 0x00007ffba9d2e000 	C:\WINDOWS\System32\msvcrt.dll
0x00007ffba90c0000 - 0x00007ffba91da000 	C:\WINDOWS\System32\gdi32full.dll
0x00007ffba9250000 - 0x00007ffba92ed000 	C:\WINDOWS\System32\msvcp_win.dll
0x00007ffbab270000 - 0x00007ffbab2a0000 	C:\WINDOWS\System32\IMM32.DLL
0x00007ffb90300000 - 0x00007ffb9030c000 	C:\Program Files\Android\Android Studio1\jbr\bin\vcruntime140_1.dll
0x00007ffb76430000 - 0x00007ffb764bd000 	C:\Program Files\Android\Android Studio1\jbr\bin\msvcp140.dll
0x00007ffb5e280000 - 0x00007ffb5eeee000 	C:\Program Files\Android\Android Studio1\jbr\bin\server\jvm.dll
0x00007ffba9e60000 - 0x00007ffba9f0e000 	C:\WINDOWS\System32\ADVAPI32.dll
0x00007ffbaae60000 - 0x00007ffbaaefc000 	C:\WINDOWS\System32\sechost.dll
0x00007ffbaaba0000 - 0x00007ffbaacc6000 	C:\WINDOWS\System32\RPCRT4.dll
0x00007ffb7c1c0000 - 0x00007ffb7c1c9000 	C:\WINDOWS\SYSTEM32\WSOCK32.dll
0x00007ffb8f8e0000 - 0x00007ffb8f907000 	C:\WINDOWS\SYSTEM32\WINMM.dll
0x00007ffba9df0000 - 0x00007ffba9e5b000 	C:\WINDOWS\System32\WS2_32.dll
0x00007ffb98c50000 - 0x00007ffb98c5a000 	C:\WINDOWS\SYSTEM32\VERSION.dll
0x00007ffba6cf0000 - 0x00007ffba6d02000 	C:\WINDOWS\SYSTEM32\kernel.appcore.dll
0x00007ffb99290000 - 0x00007ffb9929a000 	C:\Program Files\Android\Android Studio1\jbr\bin\jimage.dll
0x00007ffb9b080000 - 0x00007ffb9b264000 	C:\WINDOWS\SYSTEM32\DBGHELP.DLL
0x00007ffb9b040000 - 0x00007ffb9b074000 	C:\WINDOWS\SYSTEM32\dbgcore.DLL
0x00007ffba8e50000 - 0x00007ffba8ed2000 	C:\WINDOWS\System32\bcryptPrimitives.dll
0x00007ffb870e0000 - 0x00007ffb87105000 	C:\Program Files\Android\Android Studio1\jbr\bin\java.dll
0x00007ffb8c650000 - 0x00007ffb8c668000 	C:\Program Files\Android\Android Studio1\jbr\bin\zip.dll
0x00007ffbaa040000 - 0x00007ffbaa784000 	C:\WINDOWS\System32\SHELL32.dll
0x00007ffba6ef0000 - 0x00007ffba768b000 	C:\WINDOWS\SYSTEM32\windows.storage.dll
0x00007ffbaa840000 - 0x00007ffbaab94000 	C:\WINDOWS\System32\combase.dll
0x00007ffba8820000 - 0x00007ffba884d000 	C:\WINDOWS\SYSTEM32\Wldp.dll
0x00007ffbaada0000 - 0x00007ffbaae4d000 	C:\WINDOWS\System32\SHCORE.dll
0x00007ffba9d30000 - 0x00007ffba9d85000 	C:\WINDOWS\System32\shlwapi.dll
0x00007ffba8d80000 - 0x00007ffba8da5000 	C:\WINDOWS\SYSTEM32\profapi.dll
0x00007ffba4ae0000 - 0x00007ffba4af9000 	C:\Program Files\Android\Android Studio1\jbr\bin\net.dll
0x00007ffb99710000 - 0x00007ffb9981a000 	C:\WINDOWS\SYSTEM32\WINHTTP.dll
0x00007ffba8520000 - 0x00007ffba858a000 	C:\WINDOWS\system32\mswsock.dll
0x00007ffb9d9e0000 - 0x00007ffb9d9f6000 	C:\Program Files\Android\Android Studio1\jbr\bin\nio.dll
0x00007ffb9e130000 - 0x00007ffb9e140000 	C:\Program Files\Android\Android Studio1\jbr\bin\verify.dll
0x00007ffb88300000 - 0x00007ffb88327000 	C:\Users\Bryan Russell\.gradle\native\68d5fa5c4cc2d200863cafc0d521ce42e7d3e7ee720ec0a83991735586a16f82\windows-amd64\native-platform.dll
0x00007ffb6e170000 - 0x00007ffb6e2b4000 	C:\Users\Bryan Russell\.gradle\native\e376f236ea51e6404a007f0833ffe2c6e607c4080706a723a18a27aeea778392\windows-amd64\native-platform-file-events.dll
0x00007ffb9d9d0000 - 0x00007ffb9d9d9000 	C:\Program Files\Android\Android Studio1\jbr\bin\management.dll
0x00007ffb9d9c0000 - 0x00007ffb9d9cb000 	C:\Program Files\Android\Android Studio1\jbr\bin\management_ext.dll
0x00007ffbaa830000 - 0x00007ffbaa838000 	C:\WINDOWS\System32\PSAPI.DLL
0x00007ffba8710000 - 0x00007ffba8728000 	C:\WINDOWS\SYSTEM32\CRYPTSP.dll
0x00007ffba7e30000 - 0x00007ffba7e64000 	C:\WINDOWS\system32\rsaenh.dll
0x00007ffba8ee0000 - 0x00007ffba8f07000 	C:\WINDOWS\System32\bcrypt.dll
0x00007ffba8d00000 - 0x00007ffba8d2e000 	C:\WINDOWS\SYSTEM32\USERENV.dll
0x00007ffba8730000 - 0x00007ffba873c000 	C:\WINDOWS\SYSTEM32\CRYPTBASE.dll
0x00007ffba8210000 - 0x00007ffba824b000 	C:\WINDOWS\SYSTEM32\IPHLPAPI.DLL
0x00007ffbaa820000 - 0x00007ffbaa828000 	C:\WINDOWS\System32\NSI.dll
0x00007ffb99aa0000 - 0x00007ffb99ab7000 	C:\WINDOWS\SYSTEM32\dhcpcsvc6.DLL
0x00007ffb9a600000 - 0x00007ffb9a61d000 	C:\WINDOWS\SYSTEM32\dhcpcsvc.DLL
0x00007ffba8250000 - 0x00007ffba831a000 	C:\WINDOWS\SYSTEM32\DNSAPI.dll
0x00007ffb9c6f0000 - 0x00007ffb9c6f7000 	C:\WINDOWS\system32\wshunix.dll

dbghelp: loaded successfully - version: 4.0.5 - missing functions: none
symbol engine: initialized successfully - sym options: 0x614 - pdb path: .;C:\Program Files\Android\Android Studio1\jbr\bin;C:\WINDOWS\SYSTEM32;C:\WINDOWS\WinSxS\amd64_microsoft.windows.common-controls_6595b64144ccf1df_6.0.19041.3570_none_60bb2a3971f3e41a;C:\Program Files\Android\Android Studio1\jbr\bin\server;C:\Users\Bryan Russell\.gradle\native\68d5fa5c4cc2d200863cafc0d521ce42e7d3e7ee720ec0a83991735586a16f82\windows-amd64;C:\Users\Bryan Russell\.gradle\native\e376f236ea51e6404a007f0833ffe2c6e607c4080706a723a18a27aeea778392\windows-amd64

VM Arguments:
jvm_args: --add-opens=java.base/java.util=ALL-UNNAMED --add-opens=java.base/java.lang=ALL-UNNAMED --add-opens=java.base/java.lang.invoke=ALL-UNNAMED --add-opens=java.prefs/java.util.prefs=ALL-UNNAMED --add-opens=java.base/java.nio.charset=ALL-UNNAMED --add-opens=java.base/java.net=ALL-UNNAMED --add-opens=java.base/java.util.concurrent.atomic=ALL-UNNAMED -Xmx2048m -Dfile.encoding=UTF-8 -Duser.country=US -Duser.language=en -Duser.variant 
java_command: org.gradle.launcher.daemon.bootstrap.GradleDaemon 8.0
java_class_path (initial): C:\Users\Bryan Russell\.gradle\wrapper\dists\gradle-8.0-bin\ca5e32bp14vu59qr306oxotwh\gradle-8.0\lib\gradle-launcher-8.0.jar
Launcher Type: SUN_STANDARD

[Global flags]
     intx CICompilerCount                          = 3                                         {product} {ergonomic}
     uint ConcGCThreads                            = 1                                         {product} {ergonomic}
     uint G1ConcRefinementThreads                  = 4                                         {product} {ergonomic}
   size_t G1HeapRegionSize                         = 1048576                                   {product} {ergonomic}
    uintx GCDrainStackTargetSize                   = 64                                        {product} {ergonomic}
   size_t InitialHeapSize                          = 134217728                                 {product} {ergonomic}
   size_t MarkStackSize                            = 4194304                                   {product} {ergonomic}
   size_t MaxHeapSize                              = 2147483648                                {product} {command line}
   size_t MaxNewSize                               = 1287651328                                {product} {ergonomic}
   size_t MinHeapDeltaBytes                        = 1048576                                   {product} {ergonomic}
   size_t MinHeapSize                              = 8388608                                   {product} {ergonomic}
    uintx NonNMethodCodeHeapSize                   = 5832780                                {pd product} {ergonomic}
    uintx NonProfiledCodeHeapSize                  = 122912730                              {pd product} {ergonomic}
    uintx ProfiledCodeHeapSize                     = 122912730                              {pd product} {ergonomic}
    uintx ReservedCodeCacheSize                    = 251658240                              {pd product} {ergonomic}
     bool SegmentedCodeCache                       = true                                      {product} {ergonomic}
   size_t SoftMaxHeapSize                          = 2147483648                             {manageable} {ergonomic}
     bool UseCompressedClassPointers               = true                           {product lp64_product} {ergonomic}
     bool UseCompressedOops                        = true                           {product lp64_product} {ergonomic}
     bool UseG1GC                                  = true                                      {product} {ergonomic}
     bool UseLargePagesIndividualAllocation        = false                                  {pd product} {ergonomic}

Logging:
Log output configuration:
 #0: stdout all=warning uptime,level,tags
 #1: stderr all=off uptime,level,tags

Environment Variables:
PATH=C:\Program Files\Common Files\Oracle\Java\javapath;C:\Program Files (x86)\Common Files\Oracle\Java\javapath;C:\WINDOWS\system32;C:\WINDOWS;C:\WINDOWS\System32\Wbem;C:\WINDOWS\System32\WindowsPowerShell\v1.0\;C:\WINDOWS\System32\OpenSSH\;C:\Program Files\nodejs\;C:\Users\Bryan Russell\.gradle;C:\Program Files\Git\cmd;C:\Users\Bryan Russell\AppData\Local\Microsoft\WindowsApps;C:\Users\Bryan Russell\AppData\Local\Programs\Microsoft VS Code\bin;C:\Users\Bryan Russell\AppData\Roaming\npm;C:\Users\Bryan Russell\flutter\bin;
USERNAME=Bryan Russell
OS=Windows_NT
PROCESSOR_IDENTIFIER=Intel64 Family 6 Model 69 Stepping 1, GenuineIntel
TMP=C:\Users\BRYANR~1\AppData\Local\Temp
TEMP=C:\Users\BRYANR~1\AppData\Local\Temp


JNI global refs:
JNI global refs: 25, weak refs: 11

JNI global refs memory usage: 843, weak refs: 841


---------------  S Y S T E M  ---------------

OS:
 Windows 10 , 64 bit Build 19041 (10.0.19041.3570)
OS uptime: 3 days 7:53 hours

CPU: total 4 (initial active 4) (2 cores per cpu, 2 threads per core) family 6 model 69 stepping 1 microcode 0x25, cx8, cmov, fxsr, ht, mmx, sse, sse2, sse3, ssse3, sse4.1, sse4.2, popcnt, lzcnt, tsc, tscinvbit, avx, avx2, aes, erms, clmul, bmi1, bmi2, fma, vzeroupper, clflush

Memory: 4k page, system-wide physical 8104M (258M free)
TotalPageFile size 12200M (AvailPageFile size 50M)
current process WorkingSet (physical memory assigned to process): 368M, peak: 368M
current process commit charge ("private bytes"): 395M, peak: 514M

vm_info: OpenJDK 64-Bit Server VM (17.0.6+0-b2043.56-10027231) for windows-amd64 JRE (17.0.6+0-b2043.56-10027231), built on Apr 28 2023 00:43:19 by "androidbuild" with MS VC++ 16.10 / 16.11 (VS2019)

END.
